<?xml version="1.0" encoding="UTF-8"?>
<!-- Generated by org.testng.reporters.JUnitXMLReporter -->
<testsuite ignored="0" hostname="DESKTOP-TUFNRNQ" failures="0" tests="7" name="Default test" time="2.154" errors="0" timestamp="2023-07-14T12:33:15 EEST">
  <testcase classname="com.yasen.rest.UserRestAssuredControllerTest" name="createUserTest" time="1.783"/>
  <testcase classname="com.yasen.rest.UserRestAssuredControllerTest" name="getUserTest" time="0.082"/>
  <testcase classname="com.yasen.rest.UserRestAssuredControllerTest" name="updateUserTest" time="0.032"/>
  <testcase classname="com.yasen.rest.UserRestAssuredControllerTest" name="getUserExistTest" time="0.074"/>
  <testcase classname="com.yasen.rest.UserRestAssuredControllerTest" name="getUserNotExistTest" time="0.029"/>
  <testcase classname="com.yasen.rest.UserRestAssuredControllerTest" name="deleteUserNotExistTest" time="0.03"/>
  <testcase classname="com.yasen.rest.UserRestAssuredControllerTest" name="deleteUserExistTest" time="0.08"/>
</testsuite> <!-- Default test -->
