<?xml version="1.0" encoding="UTF-8"?>
<!-- Generated by org.testng.reporters.JUnitXMLReporter -->
<testsuite ignored="0" hostname="PC-1357" failures="0" tests="7" name="Default test" time="4.568" errors="0" timestamp="2023-07-17T15:16:55 EEST">
  <testcase classname="com.yasen.rest.UserRestAssuredControllerTest" name="createUserTest" time="3.674"/>
  <testcase classname="com.yasen.rest.UserRestAssuredControllerTest" name="getUserTest" time="0.195"/>
  <testcase classname="com.yasen.rest.UserRestAssuredControllerTest" name="updateUserTest" time="0.104"/>
  <testcase classname="com.yasen.rest.UserRestAssuredControllerTest" name="getUserExistTest" time="0.129"/>
  <testcase classname="com.yasen.rest.UserRestAssuredControllerTest" name="getUserNotExistTest" time="0.079"/>
  <testcase classname="com.yasen.rest.UserRestAssuredControllerTest" name="deleteUserNotExistTest" time="0.072"/>
  <testcase classname="com.yasen.rest.UserRestAssuredControllerTest" name="deleteUserExistTest" time="0.246"/>
</testsuite> <!-- Default test -->
