<?xml version="1.0" encoding="UTF-8"?>
<testsuite xmlns:xsi="http://www.w3.org/2001/XMLSchema-instance" xsi:noNamespaceSchemaLocation="https://maven.apache.org/surefire/maven-surefire-plugin/xsd/surefire-test-report.xsd" name="TestSuite" time="18.019" tests="17" errors="0" skipped="1" failures="9">
  <properties>
[...]
</properties>
  <testcase name="looseGameTest" classname="com.game_classes.GameUiTest" time="11.093">
    <failure message="no such window: target window already closed&#10;from unknown error: web view not found&#10;  (Session info: chrome=115.0.5790.110)&#10;Build info: version: &apos;4.1.4&apos;, revision: &apos;535d840ee2&apos;&#10;System info: host: &apos;DESKTOP-TUFNRNQ&apos;, ip: &apos;192.168.0.101&apos;, os.name: &apos;Windows 10&apos;, os.arch: &apos;amd64&apos;, os.version: &apos;10.0&apos;, java.version: &apos;18.0.2.1&apos;&#10;Driver info: org.openqa.selenium.chrome.ChromeDriver&#10;Command: [fe6ecb6cff16df2e02f79cc47a0ee443, findElement {using=id, value=L}]&#10;Capabilities {acceptInsecureCerts: false, browserName: chrome, browserVersion: 115.0.5790.110, chrome: {chromedriverVersion: 114.0.5735.90 (386bc09e8f4f..., userDataDir: C:\Users\HP\AppData\Local\T...}, goog:chromeOptions: {debuggerAddress: localhost:56310}, javascriptEnabled: true, networkConnectionEnabled: false, pageLoadStrategy: normal, platform: WINDOWS, platformName: WINDOWS, proxy: Proxy(), se:cdp: ws://localhost:56310/devtoo..., se:cdpVersion: 115.0.5790.110, setWindowRect: true, strictFileInteractability: false, timeouts: {implicit: 0, pageLoad: 300000, script: 30000}, unhandledPromptBehavior: dismiss and notify, webauthn:extension:credBlob: true, webauthn:extension:largeBlob: true, webauthn:extension:minPinLength: true, webauthn:extension:prf: true, webauthn:virtualAuthenticators: true}&#10;Session ID: fe6ecb6cff16df2e02f79cc47a0ee443" type="org.openqa.selenium.NoSuchWindowException">org.openqa.selenium.NoSuchWindowException: 
no such window: target window already closed
from unknown error: web view not found
  (Session info: chrome=115.0.5790.110)
Build info: version: '4.1.4', revision: '535d840ee2'
System info: host: 'DESKTOP-TUFNRNQ', ip: '192.168.0.101', os.name: 'Windows 10', os.arch: 'amd64', os.version: '10.0', java.version: '18.0.2.1'
Driver info: org.openqa.selenium.chrome.ChromeDriver
Command: [fe6ecb6cff16df2e02f79cc47a0ee443, findElement {using=id, value=L}]
Capabilities {acceptInsecureCerts: false, browserName: chrome, browserVersion: 115.0.5790.110, chrome: {chromedriverVersion: 114.0.5735.90 (386bc09e8f4f..., userDataDir: C:\Users\HP\AppData\Local\T...}, goog:chromeOptions: {debuggerAddress: localhost:56310}, javascriptEnabled: true, networkConnectionEnabled: false, pageLoadStrategy: normal, platform: WINDOWS, platformName: WINDOWS, proxy: Proxy(), se:cdp: ws://localhost:56310/devtoo..., se:cdpVersion: 115.0.5790.110, setWindowRect: true, strictFileInteractability: false, timeouts: {implicit: 0, pageLoad: 300000, script: 30000}, unhandledPromptBehavior: dismiss and notify, webauthn:extension:credBlob: true, webauthn:extension:largeBlob: true, webauthn:extension:minPinLength: true, webauthn:extension:prf: true, webauthn:virtualAuthenticators: true}
Session ID: fe6ecb6cff16df2e02f79cc47a0ee443
	at com.game_classes.GameUiTest.looseGameTest(GameUiTest.java:104)
</failure>
    <system-out><![CDATA[13:57:23.373 [main] DEBUG io.netty.util.internal.logging.InternalLoggerFactory - Using SLF4J as the default logging framework
13:57:23.380 [main] DEBUG io.netty.util.ResourceLeakDetector - -Dio.netty.leakDetection.level: simple
13:57:23.380 [main] DEBUG io.netty.util.ResourceLeakDetector - -Dio.netty.leakDetection.targetRecords: 4
13:57:23.384 [main] DEBUG io.netty.util.ResourceLeakDetectorFactory - Loaded default ResourceLeakDetector: io.netty.util.ResourceLeakDetector@71812481
13:57:23.399 [main] DEBUG io.netty.util.internal.PlatformDependent0 - -Dio.netty.noUnsafe: false
13:57:23.400 [main] DEBUG io.netty.util.internal.PlatformDependent0 - Java version: 18
13:57:23.401 [main] DEBUG io.netty.util.internal.PlatformDependent0 - sun.misc.Unsafe.theUnsafe: available
13:57:23.402 [main] DEBUG io.netty.util.internal.PlatformDependent0 - sun.misc.Unsafe.copyMemory: available
13:57:23.402 [main] DEBUG io.netty.util.internal.PlatformDependent0 - sun.misc.Unsafe.storeFence: available
13:57:23.403 [main] DEBUG io.netty.util.internal.PlatformDependent0 - java.nio.Buffer.address: available
13:57:23.403 [main] DEBUG io.netty.util.internal.PlatformDependent0 - direct buffer constructor: unavailable: Reflective setAccessible(true) disabled
13:57:23.404 [main] DEBUG io.netty.util.internal.PlatformDependent0 - java.nio.Bits.unaligned: available, true
13:57:23.404 [main] DEBUG io.netty.util.internal.PlatformDependent0 - jdk.internal.misc.Unsafe.allocateUninitializedArray(int): unavailable: class io.netty.util.internal.PlatformDependent0$7 cannot access class jdk.internal.misc.Unsafe (in module java.base) because module java.base does not export jdk.internal.misc to unnamed module @3b07a0d6
13:57:23.405 [main] DEBUG io.netty.util.internal.PlatformDependent0 - java.nio.DirectByteBuffer.<init>(long, {int,long}): unavailable
13:57:23.405 [main] DEBUG io.netty.util.internal.PlatformDependent - sun.misc.Unsafe: available
13:57:23.407 [main] DEBUG io.netty.util.internal.PlatformDependent - maxDirectMemory: 8568963072 bytes (maybe)
13:57:23.407 [main] DEBUG io.netty.util.internal.PlatformDependent - -Dio.netty.tmpdir: C:\Users\HP\AppData\Local\Temp (java.io.tmpdir)
13:57:23.407 [main] DEBUG io.netty.util.internal.PlatformDependent - -Dio.netty.bitMode: 64 (sun.arch.data.model)
13:57:23.407 [main] DEBUG io.netty.util.internal.PlatformDependent - Platform: Windows
13:57:23.408 [main] DEBUG io.netty.util.internal.PlatformDependent - -Dio.netty.maxDirectMemory: -1 bytes
13:57:23.408 [main] DEBUG io.netty.util.internal.PlatformDependent - -Dio.netty.uninitializedArrayAllocationThreshold: -1
13:57:23.410 [main] DEBUG io.netty.util.internal.CleanerJava9 - java.nio.ByteBuffer.cleaner(): available
13:57:23.410 [main] DEBUG io.netty.util.internal.PlatformDependent - -Dio.netty.noPreferDirect: false
13:57:23.421 [main] DEBUG io.netty.util.internal.PlatformDependent - org.jctools-core.MpscChunkedArrayQueue: available
13:57:23.442 [main] DEBUG io.netty.util.internal.InternalThreadLocalMap - -Dio.netty.threadLocalMap.stringBuilder.initialSize: 1024
13:57:23.442 [main] DEBUG io.netty.util.internal.InternalThreadLocalMap - -Dio.netty.threadLocalMap.stringBuilder.maxSize: 4096
13:57:23.603 [main] DEBUG io.netty.handler.ssl.JdkSslContext - Default protocols (JDK): [TLSv1.3, TLSv1.2] 
13:57:23.603 [main] DEBUG io.netty.handler.ssl.JdkSslContext - Default cipher suites (JDK): [TLS_ECDHE_ECDSA_WITH_AES_256_GCM_SHA384, TLS_ECDHE_ECDSA_WITH_AES_128_GCM_SHA256, TLS_ECDHE_RSA_WITH_AES_128_GCM_SHA256, TLS_ECDHE_RSA_WITH_AES_256_GCM_SHA384, TLS_ECDHE_RSA_WITH_AES_128_CBC_SHA, TLS_ECDHE_RSA_WITH_AES_256_CBC_SHA, TLS_RSA_WITH_AES_128_GCM_SHA256, TLS_RSA_WITH_AES_128_CBC_SHA, TLS_RSA_WITH_AES_256_CBC_SHA, TLS_AES_128_GCM_SHA256, TLS_AES_256_GCM_SHA384]
13:57:23.618 [main] DEBUG io.netty.util.concurrent.GlobalEventExecutor - -Dio.netty.globalEventExecutor.quietPeriodSeconds: 1
13:57:23.632 [main] DEBUG io.netty.channel.MultithreadEventLoopGroup - -Dio.netty.eventLoopThreads: 24
13:57:23.640 [main] DEBUG io.netty.channel.nio.NioEventLoop - -Dio.netty.noKeySetOptimization: false
13:57:23.640 [main] DEBUG io.netty.channel.nio.NioEventLoop - -Dio.netty.selectorAutoRebuildThreshold: 512
13:57:23.685 [main] DEBUG io.netty.buffer.PooledByteBufAllocator - -Dio.netty.allocator.numHeapArenas: 24
13:57:23.685 [main] DEBUG io.netty.buffer.PooledByteBufAllocator - -Dio.netty.allocator.numDirectArenas: 24
13:57:23.685 [main] DEBUG io.netty.buffer.PooledByteBufAllocator - -Dio.netty.allocator.pageSize: 8192
13:57:23.685 [main] DEBUG io.netty.buffer.PooledByteBufAllocator - -Dio.netty.allocator.maxOrder: 9
13:57:23.685 [main] DEBUG io.netty.buffer.PooledByteBufAllocator - -Dio.netty.allocator.chunkSize: 4194304
13:57:23.685 [main] DEBUG io.netty.buffer.PooledByteBufAllocator - -Dio.netty.allocator.smallCacheSize: 256
13:57:23.685 [main] DEBUG io.netty.buffer.PooledByteBufAllocator - -Dio.netty.allocator.normalCacheSize: 64
13:57:23.685 [main] DEBUG io.netty.buffer.PooledByteBufAllocator - -Dio.netty.allocator.maxCachedBufferCapacity: 32768
13:57:23.685 [main] DEBUG io.netty.buffer.PooledByteBufAllocator - -Dio.netty.allocator.cacheTrimInterval: 8192
13:57:23.685 [main] DEBUG io.netty.buffer.PooledByteBufAllocator - -Dio.netty.allocator.cacheTrimIntervalMillis: 0
13:57:23.685 [main] DEBUG io.netty.buffer.PooledByteBufAllocator - -Dio.netty.allocator.useCacheForAllThreads: false
13:57:23.685 [main] DEBUG io.netty.buffer.PooledByteBufAllocator - -Dio.netty.allocator.maxCachedByteBuffersPerChunk: 1023
13:57:23.696 [main] DEBUG io.netty.buffer.ByteBufUtil - -Dio.netty.allocator.type: pooled
13:57:23.696 [main] DEBUG io.netty.buffer.ByteBufUtil - -Dio.netty.threadLocalDirectBufferSize: 0
13:57:23.696 [main] DEBUG io.netty.buffer.ByteBufUtil - -Dio.netty.maxThreadLocalCharBufferSize: 16384
13:57:25.002 [Forwarding newSession on session null to remote] DEBUG io.netty.channel.DefaultChannelId - -Dio.netty.processId: 26300 (auto-detected)
13:57:25.005 [Forwarding newSession on session null to remote] DEBUG io.netty.util.NetUtil - -Djava.net.preferIPv4Stack: false
13:57:25.005 [Forwarding newSession on session null to remote] DEBUG io.netty.util.NetUtil - -Djava.net.preferIPv6Addresses: false
13:57:25.011 [Forwarding newSession on session null to remote] DEBUG io.netty.util.NetUtilInitializations - Loopback interface: lo (Software Loopback Interface 1, 127.0.0.1)
13:57:25.012 [Forwarding newSession on session null to remote] DEBUG io.netty.util.NetUtil - Failed to get SOMAXCONN from sysctl and file \proc\sys\net\core\somaxconn. Default: 200
13:57:25.017 [Forwarding newSession on session null to remote] DEBUG io.netty.channel.DefaultChannelId - -Dio.netty.machineId: 3c:52:82:ff:fe:5f:9d:42 (auto-detected)
13:57:25.068 [AsyncHttpClient-1-2] DEBUG io.netty.buffer.AbstractByteBuf - -Dio.netty.buffer.checkAccessible: true
13:57:25.068 [AsyncHttpClient-1-2] DEBUG io.netty.buffer.AbstractByteBuf - -Dio.netty.buffer.checkBounds: true
13:57:25.068 [AsyncHttpClient-1-2] DEBUG io.netty.util.ResourceLeakDetectorFactory - Loaded default ResourceLeakDetector: io.netty.util.ResourceLeakDetector@151b5687
13:57:25.085 [AsyncHttpClient-1-2] DEBUG org.asynchttpclient.netty.channel.NettyConnectListener - Using new Channel '[id: 0x2b0ad2a2, L:/127.0.0.1:56309 - R:localhost/127.0.0.1:54909]' for 'POST' to '/session'
13:57:25.101 [AsyncHttpClient-1-2] DEBUG io.netty.util.Recycler - -Dio.netty.recycler.maxCapacityPerThread: 4096
13:57:25.101 [AsyncHttpClient-1-2] DEBUG io.netty.util.Recycler - -Dio.netty.recycler.ratio: 8
13:57:25.101 [AsyncHttpClient-1-2] DEBUG io.netty.util.Recycler - -Dio.netty.recycler.chunkSize: 32
13:57:25.101 [AsyncHttpClient-1-2] DEBUG io.netty.util.Recycler - -Dio.netty.recycler.blocking: false
13:57:25.101 [AsyncHttpClient-1-2] DEBUG io.netty.util.Recycler - -Dio.netty.recycler.batchFastThreadLocalOnly: true
13:57:25.763 [AsyncHttpClient-1-2] DEBUG io.netty.handler.codec.compression.Brotli - brotli4j not in the classpath; Brotli support will be unavailable.
13:57:25.763 [AsyncHttpClient-1-2] DEBUG org.asynchttpclient.netty.handler.HttpHandler - 

Request DefaultHttpRequest(decodeResult: success, version: HTTP/1.1)
POST /session HTTP/1.1
User-Agent: selenium/4.1.4 (java windows)
Content-Length: 439
Content-Type: application/json; charset=utf-8
host: localhost:54909
accept: */*

Response DefaultHttpResponse(decodeResult: success, version: HTTP/1.1)
HTTP/1.1 200 OK
Content-Length: 858
Content-Type: application/json; charset=utf-8
cache-control: no-cache

13:57:25.771 [AsyncHttpClient-1-2] DEBUG org.asynchttpclient.netty.channel.ChannelManager - Adding key: http://localhost:54909 for channel [id: 0x2b0ad2a2, L:/127.0.0.1:56309 - R:localhost/127.0.0.1:54909]
13:57:25.905 [AsyncHttpClient-1-3] DEBUG org.asynchttpclient.netty.channel.NettyConnectListener - Using new Channel '[id: 0xa98e7cad, L:/127.0.0.1:56316 - R:localhost/127.0.0.1:56310]' for 'GET' to '/json/version'
13:57:25.908 [AsyncHttpClient-1-3] DEBUG org.asynchttpclient.netty.handler.HttpHandler - 

Request DefaultFullHttpRequest(decodeResult: success, version: HTTP/1.1, content: EmptyByteBufBE)
GET /json/version HTTP/1.1
User-Agent: selenium/4.1.4 (java windows)
host: localhost:56310
accept: */*

Response DefaultHttpResponse(decodeResult: success, version: HTTP/1.1)
HTTP/1.1 200 OK
Content-Security-Policy: frame-ancestors 'none'
Content-Length: 424
Content-Type: application/json; charset=UTF-8

13:57:25.908 [AsyncHttpClient-1-3] DEBUG org.asynchttpclient.netty.channel.ChannelManager - Adding key: http://localhost:56310 for channel [id: 0xa98e7cad, L:/127.0.0.1:56316 - R:localhost/127.0.0.1:56310]
13:57:25.917 [main] DEBUG io.netty.util.internal.ThreadLocalRandom - -Dio.netty.initialSeedUniquifier: 0x4006c8e2acfcf795
13:57:25.920 [AsyncHttpClient-1-4] DEBUG org.asynchttpclient.netty.channel.NettyConnectListener - Using new Channel '[id: 0x8d9cda47, L:/127.0.0.1:56317 - R:localhost/127.0.0.1:56310]' for 'GET' to '/devtools/browser/ba2e1937-03ad-40e1-96ed-49040d99a367'
13:57:25.924 [AsyncHttpClient-1-4] DEBUG org.asynchttpclient.netty.handler.WebSocketHandler - 

Request DefaultFullHttpRequest(decodeResult: success, version: HTTP/1.1, content: EmptyByteBufBE)
GET /devtools/browser/ba2e1937-03ad-40e1-96ed-49040d99a367 HTTP/1.1
upgrade: websocket
connection: upgrade
sec-websocket-key: tJhxPFLcVBRN+r1yyHBTMA==
sec-websocket-version: 13
origin: http://localhost:56310
host: localhost:56310
accept: */*
user-agent: AHC/2.1

Response DefaultHttpResponse(decodeResult: success, version: HTTP/1.1)
HTTP/1.1 101 WebSocket Protocol Handshake
Upgrade: WebSocket
Connection: Upgrade
Sec-WebSocket-Accept: 46p3GDISi2MPMVazktHDz1yK4xk=

13:57:26.020 [AsyncHttpClient-1-5] DEBUG org.asynchttpclient.netty.channel.NettyConnectListener - Using new Channel '[id: 0xc3c5b7d2, L:/127.0.0.1:56322 - R:localhost/127.0.0.1:55285]' for 'POST' to '/session'
13:57:26.631 [AsyncHttpClient-1-5] DEBUG org.asynchttpclient.netty.handler.HttpHandler - 

Request DefaultHttpRequest(decodeResult: success, version: HTTP/1.1)
POST /session HTTP/1.1
User-Agent: selenium/4.1.4 (java windows)
Content-Length: 439
Content-Type: application/json; charset=utf-8
host: localhost:55285
accept: */*

Response DefaultHttpResponse(decodeResult: success, version: HTTP/1.1)
HTTP/1.1 200 OK
Content-Length: 857
Content-Type: application/json; charset=utf-8
cache-control: no-cache

13:57:26.632 [AsyncHttpClient-1-5] DEBUG org.asynchttpclient.netty.channel.ChannelManager - Adding key: http://localhost:55285 for channel [id: 0xc3c5b7d2, L:/127.0.0.1:56322 - R:localhost/127.0.0.1:55285]
13:57:26.640 [AsyncHttpClient-1-6] DEBUG org.asynchttpclient.netty.channel.NettyConnectListener - Using new Channel '[id: 0x972a4f34, L:/127.0.0.1:56329 - R:localhost/127.0.0.1:56323]' for 'GET' to '/json/version'
13:57:26.642 [AsyncHttpClient-1-6] DEBUG org.asynchttpclient.netty.handler.HttpHandler - 

Request DefaultFullHttpRequest(decodeResult: success, version: HTTP/1.1, content: EmptyByteBufBE)
GET /json/version HTTP/1.1
User-Agent: selenium/4.1.4 (java windows)
host: localhost:56323
accept: */*

Response DefaultHttpResponse(decodeResult: success, version: HTTP/1.1)
HTTP/1.1 200 OK
Content-Security-Policy: frame-ancestors 'none'
Content-Length: 424
Content-Type: application/json; charset=UTF-8

13:57:26.643 [AsyncHttpClient-1-6] DEBUG org.asynchttpclient.netty.channel.ChannelManager - Adding key: http://localhost:56323 for channel [id: 0x972a4f34, L:/127.0.0.1:56329 - R:localhost/127.0.0.1:56323]
13:57:26.646 [AsyncHttpClient-1-7] DEBUG org.asynchttpclient.netty.channel.NettyConnectListener - Using new Channel '[id: 0x2757c277, L:/127.0.0.1:56330 - R:localhost/127.0.0.1:56323]' for 'GET' to '/devtools/browser/ad9c4b1a-77a0-4e3c-8f55-6eb700190c0c'
13:57:26.649 [AsyncHttpClient-1-7] DEBUG org.asynchttpclient.netty.handler.WebSocketHandler - 

Request DefaultFullHttpRequest(decodeResult: success, version: HTTP/1.1, content: EmptyByteBufBE)
GET /devtools/browser/ad9c4b1a-77a0-4e3c-8f55-6eb700190c0c HTTP/1.1
upgrade: websocket
connection: upgrade
sec-websocket-key: dZDHbdha9ZRxnzl0fSXIog==
sec-websocket-version: 13
origin: http://localhost:56323
host: localhost:56323
accept: */*
user-agent: AHC/2.1

Response DefaultHttpResponse(decodeResult: success, version: HTTP/1.1)
HTTP/1.1 101 WebSocket Protocol Handshake
Upgrade: WebSocket
Connection: Upgrade
Sec-WebSocket-Accept: IQ+nbAkQE3u2AGE5PIni6CeTpd8=

13:57:26.688 [Forwarding get on session fe6ecb6cff16df2e02f79cc47a0ee443 to remote] DEBUG org.asynchttpclient.netty.request.NettyRequestSender - Using pooled Channel '[id: 0x2b0ad2a2, L:/127.0.0.1:56309 - R:localhost/127.0.0.1:54909]' for 'POST' to 'http://localhost:54909/session/fe6ecb6cff16df2e02f79cc47a0ee443/url'
13:57:26.689 [Forwarding get on session fe6ecb6cff16df2e02f79cc47a0ee443 to remote] DEBUG org.asynchttpclient.netty.request.NettyRequestSender - Using open Channel [id: 0x2b0ad2a2, L:/127.0.0.1:56309 - R:localhost/127.0.0.1:54909] for POST '/session/fe6ecb6cff16df2e02f79cc47a0ee443/url'
13:57:26.827 [AsyncHttpClient-1-1] DEBUG org.asynchttpclient.netty.channel.DefaultChannelPool - Entry count for : http://localhost:55285 : 1
13:57:26.827 [AsyncHttpClient-1-1] DEBUG org.asynchttpclient.netty.channel.DefaultChannelPool - Entry count for : http://localhost:56323 : 1
13:57:26.827 [AsyncHttpClient-1-1] DEBUG org.asynchttpclient.netty.channel.DefaultChannelPool - Entry count for : http://localhost:56310 : 1
13:57:27.932 [AsyncHttpClient-1-1] DEBUG org.asynchttpclient.netty.channel.DefaultChannelPool - Entry count for : http://localhost:55285 : 1
13:57:27.932 [AsyncHttpClient-1-1] DEBUG org.asynchttpclient.netty.channel.DefaultChannelPool - Entry count for : http://localhost:56323 : 1
13:57:27.932 [AsyncHttpClient-1-1] DEBUG org.asynchttpclient.netty.channel.DefaultChannelPool - Entry count for : http://localhost:56310 : 1
13:57:28.149 [AsyncHttpClient-1-2] DEBUG org.asynchttpclient.netty.handler.HttpHandler - 

Request DefaultHttpRequest(decodeResult: success, version: HTTP/1.1)
POST /session/fe6ecb6cff16df2e02f79cc47a0ee443/url HTTP/1.1
User-Agent: selenium/4.1.4 (java windows)
Content-Length: 55
Content-Type: application/json; charset=utf-8
host: localhost:54909
accept: */*

Response DefaultHttpResponse(decodeResult: success, version: HTTP/1.1)
HTTP/1.1 200 OK
Content-Length: 14
Content-Type: application/json; charset=utf-8
cache-control: no-cache

13:57:28.149 [AsyncHttpClient-1-2] DEBUG org.asynchttpclient.netty.channel.ChannelManager - Adding key: http://localhost:54909 for channel [id: 0x2b0ad2a2, L:/127.0.0.1:56309 - R:localhost/127.0.0.1:54909]
13:57:28.152 [Forwarding findElement on session fe6ecb6cff16df2e02f79cc47a0ee443 to remote] DEBUG org.asynchttpclient.netty.request.NettyRequestSender - Using pooled Channel '[id: 0x2b0ad2a2, L:/127.0.0.1:56309 - R:localhost/127.0.0.1:54909]' for 'POST' to 'http://localhost:54909/session/fe6ecb6cff16df2e02f79cc47a0ee443/element'
13:57:28.152 [Forwarding findElement on session fe6ecb6cff16df2e02f79cc47a0ee443 to remote] DEBUG org.asynchttpclient.netty.request.NettyRequestSender - Using open Channel [id: 0x2b0ad2a2, L:/127.0.0.1:56309 - R:localhost/127.0.0.1:54909] for POST '/session/fe6ecb6cff16df2e02f79cc47a0ee443/element'
13:57:28.170 [AsyncHttpClient-1-2] DEBUG org.asynchttpclient.netty.handler.HttpHandler - 

Request DefaultHttpRequest(decodeResult: success, version: HTTP/1.1)
POST /session/fe6ecb6cff16df2e02f79cc47a0ee443/element HTTP/1.1
User-Agent: selenium/4.1.4 (java windows)
Content-Length: 53
Content-Type: application/json; charset=utf-8
host: localhost:54909
accept: */*

Response DefaultHttpResponse(decodeResult: success, version: HTTP/1.1)
HTTP/1.1 200 OK
Content-Length: 95
Content-Type: application/json; charset=utf-8
cache-control: no-cache

13:57:28.170 [AsyncHttpClient-1-2] DEBUG org.asynchttpclient.netty.channel.ChannelManager - Adding key: http://localhost:54909 for channel [id: 0x2b0ad2a2, L:/127.0.0.1:56309 - R:localhost/127.0.0.1:54909]
13:57:28.183 [Forwarding getElementAttribute on session fe6ecb6cff16df2e02f79cc47a0ee443 to remote] DEBUG org.asynchttpclient.netty.request.NettyRequestSender - Using pooled Channel '[id: 0x2b0ad2a2, L:/127.0.0.1:56309 - R:localhost/127.0.0.1:54909]' for 'POST' to 'http://localhost:54909/session/fe6ecb6cff16df2e02f79cc47a0ee443/execute/sync'
13:57:28.183 [Forwarding getElementAttribute on session fe6ecb6cff16df2e02f79cc47a0ee443 to remote] DEBUG org.asynchttpclient.netty.request.NettyRequestSender - Using open Channel [id: 0x2b0ad2a2, L:/127.0.0.1:56309 - R:localhost/127.0.0.1:54909] for POST '/session/fe6ecb6cff16df2e02f79cc47a0ee443/execute/sync'
13:57:28.200 [AsyncHttpClient-1-2] DEBUG org.asynchttpclient.netty.handler.HttpHandler - 

Request DefaultHttpRequest(decodeResult: success, version: HTTP/1.1)
POST /session/fe6ecb6cff16df2e02f79cc47a0ee443/execute/sync HTTP/1.1
User-Agent: selenium/4.1.4 (java windows)
Content-Length: 47347
Content-Type: application/json; charset=utf-8
host: localhost:54909
accept: */*

Response DefaultHttpResponse(decodeResult: success, version: HTTP/1.1)
HTTP/1.1 200 OK
Content-Length: 16
Content-Type: application/json; charset=utf-8
cache-control: no-cache

13:57:28.200 [AsyncHttpClient-1-2] DEBUG org.asynchttpclient.netty.channel.ChannelManager - Adding key: http://localhost:54909 for channel [id: 0x2b0ad2a2, L:/127.0.0.1:56309 - R:localhost/127.0.0.1:54909]
13:57:28.208 [Forwarding findElement on session fe6ecb6cff16df2e02f79cc47a0ee443 to remote] DEBUG org.asynchttpclient.netty.request.NettyRequestSender - Using pooled Channel '[id: 0x2b0ad2a2, L:/127.0.0.1:56309 - R:localhost/127.0.0.1:54909]' for 'POST' to 'http://localhost:54909/session/fe6ecb6cff16df2e02f79cc47a0ee443/element'
13:57:28.209 [Forwarding findElement on session fe6ecb6cff16df2e02f79cc47a0ee443 to remote] DEBUG org.asynchttpclient.netty.request.NettyRequestSender - Using open Channel [id: 0x2b0ad2a2, L:/127.0.0.1:56309 - R:localhost/127.0.0.1:54909] for POST '/session/fe6ecb6cff16df2e02f79cc47a0ee443/element'
13:57:28.219 [AsyncHttpClient-1-2] DEBUG org.asynchttpclient.netty.handler.HttpHandler - 

Request DefaultHttpRequest(decodeResult: success, version: HTTP/1.1)
POST /session/fe6ecb6cff16df2e02f79cc47a0ee443/element HTTP/1.1
User-Agent: selenium/4.1.4 (java windows)
Content-Length: 46
Content-Type: application/json; charset=utf-8
host: localhost:54909
accept: */*

Response DefaultHttpResponse(decodeResult: success, version: HTTP/1.1)
HTTP/1.1 200 OK
Content-Length: 95
Content-Type: application/json; charset=utf-8
cache-control: no-cache

13:57:28.219 [AsyncHttpClient-1-2] DEBUG org.asynchttpclient.netty.channel.ChannelManager - Adding key: http://localhost:54909 for channel [id: 0x2b0ad2a2, L:/127.0.0.1:56309 - R:localhost/127.0.0.1:54909]
13:57:28.221 [Forwarding clickElement on session fe6ecb6cff16df2e02f79cc47a0ee443 to remote] DEBUG org.asynchttpclient.netty.request.NettyRequestSender - Using pooled Channel '[id: 0x2b0ad2a2, L:/127.0.0.1:56309 - R:localhost/127.0.0.1:54909]' for 'POST' to 'http://localhost:54909/session/fe6ecb6cff16df2e02f79cc47a0ee443/element/6E46778B57D88F5A042BA9879ACF2E34_element_11/click'
13:57:28.221 [Forwarding clickElement on session fe6ecb6cff16df2e02f79cc47a0ee443 to remote] DEBUG org.asynchttpclient.netty.request.NettyRequestSender - Using open Channel [id: 0x2b0ad2a2, L:/127.0.0.1:56309 - R:localhost/127.0.0.1:54909] for POST '/session/fe6ecb6cff16df2e02f79cc47a0ee443/element/6E46778B57D88F5A042BA9879ACF2E34_element_11/click'
13:57:28.325 [AsyncHttpClient-1-2] DEBUG org.asynchttpclient.netty.handler.HttpHandler - 

Request DefaultHttpRequest(decodeResult: success, version: HTTP/1.1)
POST /session/fe6ecb6cff16df2e02f79cc47a0ee443/element/6E46778B57D88F5A042BA9879ACF2E34_element_11/click HTTP/1.1
User-Agent: selenium/4.1.4 (java windows)
Content-Length: 57
Content-Type: application/json; charset=utf-8
host: localhost:54909
accept: */*

Response DefaultHttpResponse(decodeResult: success, version: HTTP/1.1)
HTTP/1.1 200 OK
Content-Length: 14
Content-Type: application/json; charset=utf-8
cache-control: no-cache

13:57:28.326 [AsyncHttpClient-1-2] DEBUG org.asynchttpclient.netty.channel.ChannelManager - Adding key: http://localhost:54909 for channel [id: 0x2b0ad2a2, L:/127.0.0.1:56309 - R:localhost/127.0.0.1:54909]
13:57:29.026 [AsyncHttpClient-1-1] DEBUG org.asynchttpclient.netty.channel.DefaultChannelPool - Entry count for : http://localhost:55285 : 1
13:57:29.026 [AsyncHttpClient-1-1] DEBUG org.asynchttpclient.netty.channel.DefaultChannelPool - Entry count for : http://localhost:54909 : 1
13:57:29.026 [AsyncHttpClient-1-1] DEBUG org.asynchttpclient.netty.channel.DefaultChannelPool - Entry count for : http://localhost:56323 : 1
13:57:29.026 [AsyncHttpClient-1-1] DEBUG org.asynchttpclient.netty.channel.DefaultChannelPool - Entry count for : http://localhost:56310 : 1
13:57:29.829 [Forwarding findElement on session fe6ecb6cff16df2e02f79cc47a0ee443 to remote] DEBUG org.asynchttpclient.netty.request.NettyRequestSender - Using pooled Channel '[id: 0x2b0ad2a2, L:/127.0.0.1:56309 - R:localhost/127.0.0.1:54909]' for 'POST' to 'http://localhost:54909/session/fe6ecb6cff16df2e02f79cc47a0ee443/element'
13:57:29.829 [Forwarding findElement on session fe6ecb6cff16df2e02f79cc47a0ee443 to remote] DEBUG org.asynchttpclient.netty.request.NettyRequestSender - Using open Channel [id: 0x2b0ad2a2, L:/127.0.0.1:56309 - R:localhost/127.0.0.1:54909] for POST '/session/fe6ecb6cff16df2e02f79cc47a0ee443/element'
13:57:29.846 [AsyncHttpClient-1-2] DEBUG org.asynchttpclient.netty.handler.HttpHandler - 

Request DefaultHttpRequest(decodeResult: success, version: HTTP/1.1)
POST /session/fe6ecb6cff16df2e02f79cc47a0ee443/element HTTP/1.1
User-Agent: selenium/4.1.4 (java windows)
Content-Length: 46
Content-Type: application/json; charset=utf-8
host: localhost:54909
accept: */*

Response DefaultHttpResponse(decodeResult: success, version: HTTP/1.1)
HTTP/1.1 200 OK
Content-Length: 95
Content-Type: application/json; charset=utf-8
cache-control: no-cache

13:57:29.846 [AsyncHttpClient-1-2] DEBUG org.asynchttpclient.netty.channel.ChannelManager - Adding key: http://localhost:54909 for channel [id: 0x2b0ad2a2, L:/127.0.0.1:56309 - R:localhost/127.0.0.1:54909]
13:57:29.847 [Forwarding clickElement on session fe6ecb6cff16df2e02f79cc47a0ee443 to remote] DEBUG org.asynchttpclient.netty.request.NettyRequestSender - Using pooled Channel '[id: 0x2b0ad2a2, L:/127.0.0.1:56309 - R:localhost/127.0.0.1:54909]' for 'POST' to 'http://localhost:54909/session/fe6ecb6cff16df2e02f79cc47a0ee443/element/1430F02D242886F901EBD116D07845DC_element_41/click'
13:57:29.847 [Forwarding clickElement on session fe6ecb6cff16df2e02f79cc47a0ee443 to remote] DEBUG org.asynchttpclient.netty.request.NettyRequestSender - Using open Channel [id: 0x2b0ad2a2, L:/127.0.0.1:56309 - R:localhost/127.0.0.1:54909] for POST '/session/fe6ecb6cff16df2e02f79cc47a0ee443/element/1430F02D242886F901EBD116D07845DC_element_41/click'
13:57:29.878 [AsyncHttpClient-1-2] DEBUG org.asynchttpclient.netty.handler.HttpHandler - 

Request DefaultHttpRequest(decodeResult: success, version: HTTP/1.1)
POST /session/fe6ecb6cff16df2e02f79cc47a0ee443/element/1430F02D242886F901EBD116D07845DC_element_41/click HTTP/1.1
User-Agent: selenium/4.1.4 (java windows)
Content-Length: 57
Content-Type: application/json; charset=utf-8
host: localhost:54909
accept: */*

Response DefaultHttpResponse(decodeResult: success, version: HTTP/1.1)
HTTP/1.1 200 OK
Content-Length: 14
Content-Type: application/json; charset=utf-8
cache-control: no-cache

13:57:29.878 [AsyncHttpClient-1-2] DEBUG org.asynchttpclient.netty.channel.ChannelManager - Adding key: http://localhost:54909 for channel [id: 0x2b0ad2a2, L:/127.0.0.1:56309 - R:localhost/127.0.0.1:54909]
13:57:30.126 [AsyncHttpClient-1-1] DEBUG org.asynchttpclient.netty.channel.DefaultChannelPool - Entry count for : http://localhost:55285 : 1
13:57:30.126 [AsyncHttpClient-1-1] DEBUG org.asynchttpclient.netty.channel.DefaultChannelPool - Entry count for : http://localhost:54909 : 1
13:57:30.126 [AsyncHttpClient-1-1] DEBUG org.asynchttpclient.netty.channel.DefaultChannelPool - Entry count for : http://localhost:56323 : 1
13:57:30.126 [AsyncHttpClient-1-1] DEBUG org.asynchttpclient.netty.channel.DefaultChannelPool - Entry count for : http://localhost:56310 : 1
13:57:31.229 [AsyncHttpClient-1-1] DEBUG org.asynchttpclient.netty.channel.DefaultChannelPool - Entry count for : http://localhost:55285 : 1
13:57:31.229 [AsyncHttpClient-1-1] DEBUG org.asynchttpclient.netty.channel.DefaultChannelPool - Entry count for : http://localhost:54909 : 1
13:57:31.229 [AsyncHttpClient-1-1] DEBUG org.asynchttpclient.netty.channel.DefaultChannelPool - Entry count for : http://localhost:56323 : 1
13:57:31.229 [AsyncHttpClient-1-1] DEBUG org.asynchttpclient.netty.channel.DefaultChannelPool - Entry count for : http://localhost:56310 : 1
13:57:31.386 [Forwarding findElement on session fe6ecb6cff16df2e02f79cc47a0ee443 to remote] DEBUG org.asynchttpclient.netty.request.NettyRequestSender - Using pooled Channel '[id: 0x2b0ad2a2, L:/127.0.0.1:56309 - R:localhost/127.0.0.1:54909]' for 'POST' to 'http://localhost:54909/session/fe6ecb6cff16df2e02f79cc47a0ee443/element'
13:57:31.387 [Forwarding findElement on session fe6ecb6cff16df2e02f79cc47a0ee443 to remote] DEBUG org.asynchttpclient.netty.request.NettyRequestSender - Using open Channel [id: 0x2b0ad2a2, L:/127.0.0.1:56309 - R:localhost/127.0.0.1:54909] for POST '/session/fe6ecb6cff16df2e02f79cc47a0ee443/element'
13:57:31.399 [AsyncHttpClient-1-2] DEBUG org.asynchttpclient.netty.handler.HttpHandler - 

Request DefaultHttpRequest(decodeResult: success, version: HTTP/1.1)
POST /session/fe6ecb6cff16df2e02f79cc47a0ee443/element HTTP/1.1
User-Agent: selenium/4.1.4 (java windows)
Content-Length: 46
Content-Type: application/json; charset=utf-8
host: localhost:54909
accept: */*

Response DefaultHttpResponse(decodeResult: success, version: HTTP/1.1)
HTTP/1.1 200 OK
Content-Length: 95
Content-Type: application/json; charset=utf-8
cache-control: no-cache

13:57:31.400 [AsyncHttpClient-1-2] DEBUG org.asynchttpclient.netty.channel.ChannelManager - Adding key: http://localhost:54909 for channel [id: 0x2b0ad2a2, L:/127.0.0.1:56309 - R:localhost/127.0.0.1:54909]
13:57:31.403 [Forwarding clickElement on session fe6ecb6cff16df2e02f79cc47a0ee443 to remote] DEBUG org.asynchttpclient.netty.request.NettyRequestSender - Using pooled Channel '[id: 0x2b0ad2a2, L:/127.0.0.1:56309 - R:localhost/127.0.0.1:54909]' for 'POST' to 'http://localhost:54909/session/fe6ecb6cff16df2e02f79cc47a0ee443/element/1430F02D242886F901EBD116D07845DC_element_43/click'
13:57:31.403 [Forwarding clickElement on session fe6ecb6cff16df2e02f79cc47a0ee443 to remote] DEBUG org.asynchttpclient.netty.request.NettyRequestSender - Using open Channel [id: 0x2b0ad2a2, L:/127.0.0.1:56309 - R:localhost/127.0.0.1:54909] for POST '/session/fe6ecb6cff16df2e02f79cc47a0ee443/element/1430F02D242886F901EBD116D07845DC_element_43/click'
13:57:31.432 [AsyncHttpClient-1-2] DEBUG org.asynchttpclient.netty.handler.HttpHandler - 

Request DefaultHttpRequest(decodeResult: success, version: HTTP/1.1)
POST /session/fe6ecb6cff16df2e02f79cc47a0ee443/element/1430F02D242886F901EBD116D07845DC_element_43/click HTTP/1.1
User-Agent: selenium/4.1.4 (java windows)
Content-Length: 57
Content-Type: application/json; charset=utf-8
host: localhost:54909
accept: */*

Response DefaultHttpResponse(decodeResult: success, version: HTTP/1.1)
HTTP/1.1 200 OK
Content-Length: 14
Content-Type: application/json; charset=utf-8
cache-control: no-cache

13:57:31.432 [AsyncHttpClient-1-2] DEBUG org.asynchttpclient.netty.channel.ChannelManager - Adding key: http://localhost:54909 for channel [id: 0x2b0ad2a2, L:/127.0.0.1:56309 - R:localhost/127.0.0.1:54909]
13:57:32.327 [AsyncHttpClient-1-1] DEBUG org.asynchttpclient.netty.channel.DefaultChannelPool - Entry count for : http://localhost:55285 : 1
13:57:32.327 [AsyncHttpClient-1-1] DEBUG org.asynchttpclient.netty.channel.DefaultChannelPool - Entry count for : http://localhost:54909 : 1
13:57:32.327 [AsyncHttpClient-1-1] DEBUG org.asynchttpclient.netty.channel.DefaultChannelPool - Entry count for : http://localhost:56323 : 1
13:57:32.327 [AsyncHttpClient-1-1] DEBUG org.asynchttpclient.netty.channel.DefaultChannelPool - Entry count for : http://localhost:56310 : 1
13:57:32.936 [Forwarding findElement on session fe6ecb6cff16df2e02f79cc47a0ee443 to remote] DEBUG org.asynchttpclient.netty.request.NettyRequestSender - Using pooled Channel '[id: 0x2b0ad2a2, L:/127.0.0.1:56309 - R:localhost/127.0.0.1:54909]' for 'POST' to 'http://localhost:54909/session/fe6ecb6cff16df2e02f79cc47a0ee443/element'
13:57:32.936 [Forwarding findElement on session fe6ecb6cff16df2e02f79cc47a0ee443 to remote] DEBUG org.asynchttpclient.netty.request.NettyRequestSender - Using open Channel [id: 0x2b0ad2a2, L:/127.0.0.1:56309 - R:localhost/127.0.0.1:54909] for POST '/session/fe6ecb6cff16df2e02f79cc47a0ee443/element'
13:57:32.949 [AsyncHttpClient-1-2] DEBUG org.asynchttpclient.netty.handler.HttpHandler - 

Request DefaultHttpRequest(decodeResult: success, version: HTTP/1.1)
POST /session/fe6ecb6cff16df2e02f79cc47a0ee443/element HTTP/1.1
User-Agent: selenium/4.1.4 (java windows)
Content-Length: 46
Content-Type: application/json; charset=utf-8
host: localhost:54909
accept: */*

Response DefaultHttpResponse(decodeResult: success, version: HTTP/1.1)
HTTP/1.1 200 OK
Content-Length: 95
Content-Type: application/json; charset=utf-8
cache-control: no-cache

13:57:32.949 [AsyncHttpClient-1-2] DEBUG org.asynchttpclient.netty.channel.ChannelManager - Adding key: http://localhost:54909 for channel [id: 0x2b0ad2a2, L:/127.0.0.1:56309 - R:localhost/127.0.0.1:54909]
13:57:32.951 [Forwarding clickElement on session fe6ecb6cff16df2e02f79cc47a0ee443 to remote] DEBUG org.asynchttpclient.netty.request.NettyRequestSender - Using pooled Channel '[id: 0x2b0ad2a2, L:/127.0.0.1:56309 - R:localhost/127.0.0.1:54909]' for 'POST' to 'http://localhost:54909/session/fe6ecb6cff16df2e02f79cc47a0ee443/element/1430F02D242886F901EBD116D07845DC_element_44/click'
13:57:32.951 [Forwarding clickElement on session fe6ecb6cff16df2e02f79cc47a0ee443 to remote] DEBUG org.asynchttpclient.netty.request.NettyRequestSender - Using open Channel [id: 0x2b0ad2a2, L:/127.0.0.1:56309 - R:localhost/127.0.0.1:54909] for POST '/session/fe6ecb6cff16df2e02f79cc47a0ee443/element/1430F02D242886F901EBD116D07845DC_element_44/click'
13:57:32.982 [AsyncHttpClient-1-2] DEBUG org.asynchttpclient.netty.handler.HttpHandler - 

Request DefaultHttpRequest(decodeResult: success, version: HTTP/1.1)
POST /session/fe6ecb6cff16df2e02f79cc47a0ee443/element/1430F02D242886F901EBD116D07845DC_element_44/click HTTP/1.1
User-Agent: selenium/4.1.4 (java windows)
Content-Length: 57
Content-Type: application/json; charset=utf-8
host: localhost:54909
accept: */*

Response DefaultHttpResponse(decodeResult: success, version: HTTP/1.1)
HTTP/1.1 200 OK
Content-Length: 14
Content-Type: application/json; charset=utf-8
cache-control: no-cache

13:57:32.982 [AsyncHttpClient-1-2] DEBUG org.asynchttpclient.netty.channel.ChannelManager - Adding key: http://localhost:54909 for channel [id: 0x2b0ad2a2, L:/127.0.0.1:56309 - R:localhost/127.0.0.1:54909]
13:57:33.426 [AsyncHttpClient-1-1] DEBUG org.asynchttpclient.netty.channel.DefaultChannelPool - Entry count for : http://localhost:55285 : 1
13:57:33.426 [AsyncHttpClient-1-1] DEBUG org.asynchttpclient.netty.channel.DefaultChannelPool - Entry count for : http://localhost:54909 : 1
13:57:33.426 [AsyncHttpClient-1-1] DEBUG org.asynchttpclient.netty.channel.DefaultChannelPool - Entry count for : http://localhost:56323 : 1
13:57:33.426 [AsyncHttpClient-1-1] DEBUG org.asynchttpclient.netty.channel.DefaultChannelPool - Entry count for : http://localhost:56310 : 1
13:57:34.489 [Forwarding findElement on session fe6ecb6cff16df2e02f79cc47a0ee443 to remote] DEBUG org.asynchttpclient.netty.request.NettyRequestSender - Using pooled Channel '[id: 0x2b0ad2a2, L:/127.0.0.1:56309 - R:localhost/127.0.0.1:54909]' for 'POST' to 'http://localhost:54909/session/fe6ecb6cff16df2e02f79cc47a0ee443/element'
13:57:34.490 [Forwarding findElement on session fe6ecb6cff16df2e02f79cc47a0ee443 to remote] DEBUG org.asynchttpclient.netty.request.NettyRequestSender - Using open Channel [id: 0x2b0ad2a2, L:/127.0.0.1:56309 - R:localhost/127.0.0.1:54909] for POST '/session/fe6ecb6cff16df2e02f79cc47a0ee443/element'
13:57:34.505 [AsyncHttpClient-1-2] DEBUG org.asynchttpclient.netty.handler.HttpHandler - 

Request DefaultHttpRequest(decodeResult: success, version: HTTP/1.1)
POST /session/fe6ecb6cff16df2e02f79cc47a0ee443/element HTTP/1.1
User-Agent: selenium/4.1.4 (java windows)
Content-Length: 46
Content-Type: application/json; charset=utf-8
host: localhost:54909
accept: */*

Response DefaultHttpResponse(decodeResult: success, version: HTTP/1.1)
HTTP/1.1 200 OK
Content-Length: 95
Content-Type: application/json; charset=utf-8
cache-control: no-cache

13:57:34.505 [AsyncHttpClient-1-2] DEBUG org.asynchttpclient.netty.channel.ChannelManager - Adding key: http://localhost:54909 for channel [id: 0x2b0ad2a2, L:/127.0.0.1:56309 - R:localhost/127.0.0.1:54909]
13:57:34.507 [Forwarding clickElement on session fe6ecb6cff16df2e02f79cc47a0ee443 to remote] DEBUG org.asynchttpclient.netty.request.NettyRequestSender - Using pooled Channel '[id: 0x2b0ad2a2, L:/127.0.0.1:56309 - R:localhost/127.0.0.1:54909]' for 'POST' to 'http://localhost:54909/session/fe6ecb6cff16df2e02f79cc47a0ee443/element/1430F02D242886F901EBD116D07845DC_element_45/click'
13:57:34.507 [Forwarding clickElement on session fe6ecb6cff16df2e02f79cc47a0ee443 to remote] DEBUG org.asynchttpclient.netty.request.NettyRequestSender - Using open Channel [id: 0x2b0ad2a2, L:/127.0.0.1:56309 - R:localhost/127.0.0.1:54909] for POST '/session/fe6ecb6cff16df2e02f79cc47a0ee443/element/1430F02D242886F901EBD116D07845DC_element_45/click'
13:57:34.534 [AsyncHttpClient-1-1] DEBUG org.asynchttpclient.netty.channel.DefaultChannelPool - Entry count for : http://localhost:55285 : 1
13:57:34.534 [AsyncHttpClient-1-1] DEBUG org.asynchttpclient.netty.channel.DefaultChannelPool - Entry count for : http://localhost:56323 : 1
13:57:34.534 [AsyncHttpClient-1-1] DEBUG org.asynchttpclient.netty.channel.DefaultChannelPool - Entry count for : http://localhost:56310 : 1
13:57:34.590 [AsyncHttpClient-1-2] DEBUG org.asynchttpclient.netty.handler.HttpHandler - 

Request DefaultHttpRequest(decodeResult: success, version: HTTP/1.1)
POST /session/fe6ecb6cff16df2e02f79cc47a0ee443/element/1430F02D242886F901EBD116D07845DC_element_45/click HTTP/1.1
User-Agent: selenium/4.1.4 (java windows)
Content-Length: 57
Content-Type: application/json; charset=utf-8
host: localhost:54909
accept: */*

Response DefaultHttpResponse(decodeResult: success, version: HTTP/1.1)
HTTP/1.1 200 OK
Content-Length: 14
Content-Type: application/json; charset=utf-8
cache-control: no-cache

13:57:34.590 [AsyncHttpClient-1-2] DEBUG org.asynchttpclient.netty.channel.ChannelManager - Adding key: http://localhost:54909 for channel [id: 0x2b0ad2a2, L:/127.0.0.1:56309 - R:localhost/127.0.0.1:54909]
13:57:35.626 [AsyncHttpClient-1-1] DEBUG org.asynchttpclient.netty.channel.DefaultChannelPool - Entry count for : http://localhost:55285 : 1
13:57:35.626 [AsyncHttpClient-1-1] DEBUG org.asynchttpclient.netty.channel.DefaultChannelPool - Entry count for : http://localhost:54909 : 1
13:57:35.626 [AsyncHttpClient-1-1] DEBUG org.asynchttpclient.netty.channel.DefaultChannelPool - Entry count for : http://localhost:56323 : 1
13:57:35.626 [AsyncHttpClient-1-1] DEBUG org.asynchttpclient.netty.channel.DefaultChannelPool - Entry count for : http://localhost:56310 : 1
13:57:36.100 [Forwarding findElement on session fe6ecb6cff16df2e02f79cc47a0ee443 to remote] DEBUG org.asynchttpclient.netty.request.NettyRequestSender - Using pooled Channel '[id: 0x2b0ad2a2, L:/127.0.0.1:56309 - R:localhost/127.0.0.1:54909]' for 'POST' to 'http://localhost:54909/session/fe6ecb6cff16df2e02f79cc47a0ee443/element'
13:57:36.100 [Forwarding findElement on session fe6ecb6cff16df2e02f79cc47a0ee443 to remote] DEBUG org.asynchttpclient.netty.request.NettyRequestSender - Using open Channel [id: 0x2b0ad2a2, L:/127.0.0.1:56309 - R:localhost/127.0.0.1:54909] for POST '/session/fe6ecb6cff16df2e02f79cc47a0ee443/element'
13:57:36.121 [AsyncHttpClient-1-2] DEBUG org.asynchttpclient.netty.handler.HttpHandler - 

Request DefaultHttpRequest(decodeResult: success, version: HTTP/1.1)
POST /session/fe6ecb6cff16df2e02f79cc47a0ee443/element HTTP/1.1
User-Agent: selenium/4.1.4 (java windows)
Content-Length: 46
Content-Type: application/json; charset=utf-8
host: localhost:54909
accept: */*

Response DefaultHttpResponse(decodeResult: success, version: HTTP/1.1)
HTTP/1.1 200 OK
Content-Length: 95
Content-Type: application/json; charset=utf-8
cache-control: no-cache

13:57:36.121 [AsyncHttpClient-1-2] DEBUG org.asynchttpclient.netty.channel.ChannelManager - Adding key: http://localhost:54909 for channel [id: 0x2b0ad2a2, L:/127.0.0.1:56309 - R:localhost/127.0.0.1:54909]
13:57:36.123 [Forwarding clickElement on session fe6ecb6cff16df2e02f79cc47a0ee443 to remote] DEBUG org.asynchttpclient.netty.request.NettyRequestSender - Using pooled Channel '[id: 0x2b0ad2a2, L:/127.0.0.1:56309 - R:localhost/127.0.0.1:54909]' for 'POST' to 'http://localhost:54909/session/fe6ecb6cff16df2e02f79cc47a0ee443/element/55B777E69E8C5EFBA65EFF0068E4E2BF_element_48/click'
13:57:36.123 [Forwarding clickElement on session fe6ecb6cff16df2e02f79cc47a0ee443 to remote] DEBUG org.asynchttpclient.netty.request.NettyRequestSender - Using open Channel [id: 0x2b0ad2a2, L:/127.0.0.1:56309 - R:localhost/127.0.0.1:54909] for POST '/session/fe6ecb6cff16df2e02f79cc47a0ee443/element/55B777E69E8C5EFBA65EFF0068E4E2BF_element_48/click'
13:57:36.230 [AsyncHttpClient-1-2] DEBUG org.asynchttpclient.netty.handler.HttpHandler - 

Request DefaultHttpRequest(decodeResult: success, version: HTTP/1.1)
POST /session/fe6ecb6cff16df2e02f79cc47a0ee443/element/55B777E69E8C5EFBA65EFF0068E4E2BF_element_48/click HTTP/1.1
User-Agent: selenium/4.1.4 (java windows)
Content-Length: 57
Content-Type: application/json; charset=utf-8
host: localhost:54909
accept: */*

Response DefaultHttpResponse(decodeResult: success, version: HTTP/1.1)
HTTP/1.1 200 OK
Content-Length: 14
Content-Type: application/json; charset=utf-8
cache-control: no-cache

13:57:36.230 [AsyncHttpClient-1-2] DEBUG org.asynchttpclient.netty.channel.ChannelManager - Adding key: http://localhost:54909 for channel [id: 0x2b0ad2a2, L:/127.0.0.1:56309 - R:localhost/127.0.0.1:54909]
13:57:36.340 [AsyncHttpClient-1-6] DEBUG org.asynchttpclient.netty.handler.HttpHandler - Channel Closed: [id: 0x972a4f34, L:/127.0.0.1:56329 ! R:localhost/127.0.0.1:56323] with attribute DISCARD
13:57:36.340 [AsyncHttpClient-1-7] DEBUG org.asynchttpclient.netty.handler.WebSocketHandler - Channel Closed: [id: 0x2757c277, L:/127.0.0.1:56330 ! R:localhost/127.0.0.1:56323] with attribute NettyResponseFuture{currentRetry=5,
	isDone=1,
	isCancelled=0,
	asyncHandler=org.asynchttpclient.ws.WebSocketUpgradeHandler@7a67c3ec,
	nettyRequest=org.asynchttpclient.netty.request.NettyRequest@7aa096bb,
	future=java.util.concurrent.CompletableFuture@11dd76db[Completed normally],
	uri=ws://localhost:56323/devtools/browser/ad9c4b1a-77a0-4e3c-8f55-6eb700190c0c,
	keepAlive=true,
	redirectCount=0,
	timeoutsHolder=null,
	inAuth=0,
	touch=1690714646649}
13:57:36.342 [AsyncHttpClient-1-7] DEBUG org.asynchttpclient.netty.channel.ChannelManager - Closing Channel [id: 0x2757c277, L:/127.0.0.1:56330 ! R:localhost/127.0.0.1:56323] 
13:57:36.727 [AsyncHttpClient-1-1] DEBUG org.asynchttpclient.netty.channel.DefaultChannelPool - Entry count for : http://localhost:55285 : 1
13:57:36.727 [AsyncHttpClient-1-1] DEBUG org.asynchttpclient.netty.channel.DefaultChannelPool - Entry count for : http://localhost:54909 : 1
13:57:36.727 [AsyncHttpClient-1-1] DEBUG org.asynchttpclient.netty.channel.DefaultChannelPool - Entry count for : http://localhost:56323 : 1
13:57:36.727 [AsyncHttpClient-1-1] DEBUG org.asynchttpclient.netty.channel.DefaultChannelPool - Entry count for : http://localhost:56310 : 1
13:57:36.727 [AsyncHttpClient-1-1] DEBUG org.asynchttpclient.netty.channel.DefaultChannelPool - Adding Candidate expired Channel [id: 0x972a4f34, L:/127.0.0.1:56329 ! R:localhost/127.0.0.1:56323] isIdleTimeoutExpired=false isRemotelyClosed=true isTtlExpired=false
13:57:36.727 [AsyncHttpClient-1-1] DEBUG org.asynchttpclient.netty.channel.DefaultChannelPool - Closing Idle Channel [id: 0x972a4f34, L:/127.0.0.1:56329 ! R:localhost/127.0.0.1:56323]
13:57:36.728 [AsyncHttpClient-1-1] DEBUG org.asynchttpclient.netty.channel.DefaultChannelPool - Closed 1 connections out of 4 in 1 ms
13:57:37.133 [AsyncHttpClient-1-3] DEBUG org.asynchttpclient.netty.handler.HttpHandler - Channel Closed: [id: 0xa98e7cad, L:/127.0.0.1:56316 ! R:localhost/127.0.0.1:56310] with attribute DISCARD
13:57:37.133 [AsyncHttpClient-1-4] DEBUG org.asynchttpclient.netty.handler.WebSocketHandler - Channel Closed: [id: 0x8d9cda47, L:/127.0.0.1:56317 ! R:localhost/127.0.0.1:56310] with attribute NettyResponseFuture{currentRetry=5,
	isDone=1,
	isCancelled=0,
	asyncHandler=org.asynchttpclient.ws.WebSocketUpgradeHandler@34a4c890,
	nettyRequest=org.asynchttpclient.netty.request.NettyRequest@1026fe1d,
	future=java.util.concurrent.CompletableFuture@3b025e4c[Completed normally],
	uri=ws://localhost:56310/devtools/browser/ba2e1937-03ad-40e1-96ed-49040d99a367,
	keepAlive=true,
	redirectCount=0,
	timeoutsHolder=null,
	inAuth=0,
	touch=1690714645935}
13:57:37.133 [AsyncHttpClient-1-4] DEBUG org.asynchttpclient.netty.channel.ChannelManager - Closing Channel [id: 0x8d9cda47, L:/127.0.0.1:56317 ! R:localhost/127.0.0.1:56310] 
13:57:37.745 [Forwarding findElement on session fe6ecb6cff16df2e02f79cc47a0ee443 to remote] DEBUG org.asynchttpclient.netty.request.NettyRequestSender - Using pooled Channel '[id: 0x2b0ad2a2, L:/127.0.0.1:56309 - R:localhost/127.0.0.1:54909]' for 'POST' to 'http://localhost:54909/session/fe6ecb6cff16df2e02f79cc47a0ee443/element'
13:57:37.745 [Forwarding findElement on session fe6ecb6cff16df2e02f79cc47a0ee443 to remote] DEBUG org.asynchttpclient.netty.request.NettyRequestSender - Using open Channel [id: 0x2b0ad2a2, L:/127.0.0.1:56309 - R:localhost/127.0.0.1:54909] for POST '/session/fe6ecb6cff16df2e02f79cc47a0ee443/element'
13:57:37.747 [AsyncHttpClient-1-2] DEBUG org.asynchttpclient.netty.handler.HttpHandler - 

Request DefaultHttpRequest(decodeResult: success, version: HTTP/1.1)
POST /session/fe6ecb6cff16df2e02f79cc47a0ee443/element HTTP/1.1
User-Agent: selenium/4.1.4 (java windows)
Content-Length: 46
Content-Type: application/json; charset=utf-8
host: localhost:54909
accept: */*

Response DefaultHttpResponse(decodeResult: success, version: HTTP/1.1)
HTTP/1.1 404 Not Found
Content-Length: 892
Content-Type: application/json; charset=utf-8
cache-control: no-cache

13:57:37.748 [AsyncHttpClient-1-2] DEBUG org.asynchttpclient.netty.channel.ChannelManager - Adding key: http://localhost:54909 for channel [id: 0x2b0ad2a2, L:/127.0.0.1:56309 - R:localhost/127.0.0.1:54909]
]]></system-out>
    <system-err><![CDATA[Starting ChromeDriver 114.0.5735.90 (386bc09e8f4f2e025eddae123f36f6263096ae49-refs/branch-heads/5735@{#1052}) on port 54909
Only local connections are allowed.
Please see https://chromedriver.chromium.org/security-considerations for suggestions on keeping ChromeDriver safe.
ChromeDriver was started successfully.
[1690714645.732][WARNING]: This version of ChromeDriver has not been tested with Chrome version 115.
Jul 30, 2023 1:57:25 PM org.openqa.selenium.remote.ProtocolHandshake createSession
INFO: Detected dialect: W3C
Jul 30, 2023 1:57:25 PM org.openqa.selenium.devtools.CdpVersionFinder findNearestMatch
WARNING: Unable to find an exact match for CDP version 115, so returning the closest version found: a no-op implementation
Jul 30, 2023 1:57:25 PM org.openqa.selenium.devtools.CdpVersionFinder findNearestMatch
INFO: Unable to find CDP implementation matching 115.
Jul 30, 2023 1:57:25 PM org.openqa.selenium.chromium.ChromiumDriver lambda$new$3
WARNING: Unable to find version of CDP to use for . You may need to include a dependency on a specific version of the CDP using something similar to `org.seleniumhq.selenium:selenium-devtools-v86:4.1.4` where the version ("v86") matches the version of the chromium-based browser you're using and the version number of the artifact is the same as Selenium's.
Starting ChromeDriver 114.0.5735.90 (386bc09e8f4f2e025eddae123f36f6263096ae49-refs/branch-heads/5735@{#1052}) on port 55285
Only local connections are allowed.
Please see https://chromedriver.chromium.org/security-considerations for suggestions on keeping ChromeDriver safe.
ChromeDriver was started successfully.
[1690714646.609][WARNING]: This version of ChromeDriver has not been tested with Chrome version 115.
Jul 30, 2023 1:57:26 PM org.openqa.selenium.remote.ProtocolHandshake createSession
INFO: Detected dialect: W3C
Jul 30, 2023 1:57:26 PM org.openqa.selenium.devtools.CdpVersionFinder findNearestMatch
WARNING: Unable to find an exact match for CDP version 115, so returning the closest version found: a no-op implementation
Jul 30, 2023 1:57:26 PM org.openqa.selenium.devtools.CdpVersionFinder findNearestMatch
INFO: Unable to find CDP implementation matching 115.
Jul 30, 2023 1:57:26 PM org.openqa.selenium.chromium.ChromiumDriver lambda$new$3
WARNING: Unable to find version of CDP to use for . You may need to include a dependency on a specific version of the CDP using something similar to `org.seleniumhq.selenium:selenium-devtools-v86:4.1.4` where the version ("v86") matches the version of the chromium-based browser you're using and the version number of the artifact is the same as Selenium's.
]]></system-err>
  </testcase>
  <testcase name="winGameTest" classname="com.game_classes.GameUiTest" time="0.005">
    <failure message="no such window: target window already closed&#10;from unknown error: web view not found&#10;  (Session info: chrome=115.0.5790.110)&#10;Build info: version: &apos;4.1.4&apos;, revision: &apos;535d840ee2&apos;&#10;System info: host: &apos;DESKTOP-TUFNRNQ&apos;, ip: &apos;192.168.0.101&apos;, os.name: &apos;Windows 10&apos;, os.arch: &apos;amd64&apos;, os.version: &apos;10.0&apos;, java.version: &apos;18.0.2.1&apos;&#10;Driver info: org.openqa.selenium.chrome.ChromeDriver&#10;Command: [fe6ecb6cff16df2e02f79cc47a0ee443, get {url=http://localhost:8080/new}]&#10;Capabilities {acceptInsecureCerts: false, browserName: chrome, browserVersion: 115.0.5790.110, chrome: {chromedriverVersion: 114.0.5735.90 (386bc09e8f4f..., userDataDir: C:\Users\HP\AppData\Local\T...}, goog:chromeOptions: {debuggerAddress: localhost:56310}, javascriptEnabled: true, networkConnectionEnabled: false, pageLoadStrategy: normal, platform: WINDOWS, platformName: WINDOWS, proxy: Proxy(), se:cdp: ws://localhost:56310/devtoo..., se:cdpVersion: 115.0.5790.110, setWindowRect: true, strictFileInteractability: false, timeouts: {implicit: 0, pageLoad: 300000, script: 30000}, unhandledPromptBehavior: dismiss and notify, webauthn:extension:credBlob: true, webauthn:extension:largeBlob: true, webauthn:extension:minPinLength: true, webauthn:extension:prf: true, webauthn:virtualAuthenticators: true}&#10;Session ID: fe6ecb6cff16df2e02f79cc47a0ee443" type="org.openqa.selenium.NoSuchWindowException">org.openqa.selenium.NoSuchWindowException: 
no such window: target window already closed
from unknown error: web view not found
  (Session info: chrome=115.0.5790.110)
Build info: version: '4.1.4', revision: '535d840ee2'
System info: host: 'DESKTOP-TUFNRNQ', ip: '192.168.0.101', os.name: 'Windows 10', os.arch: 'amd64', os.version: '10.0', java.version: '18.0.2.1'
Driver info: org.openqa.selenium.chrome.ChromeDriver
Command: [fe6ecb6cff16df2e02f79cc47a0ee443, get {url=http://localhost:8080/new}]
Capabilities {acceptInsecureCerts: false, browserName: chrome, browserVersion: 115.0.5790.110, chrome: {chromedriverVersion: 114.0.5735.90 (386bc09e8f4f..., userDataDir: C:\Users\HP\AppData\Local\T...}, goog:chromeOptions: {debuggerAddress: localhost:56310}, javascriptEnabled: true, networkConnectionEnabled: false, pageLoadStrategy: normal, platform: WINDOWS, platformName: WINDOWS, proxy: Proxy(), se:cdp: ws://localhost:56310/devtoo..., se:cdpVersion: 115.0.5790.110, setWindowRect: true, strictFileInteractability: false, timeouts: {implicit: 0, pageLoad: 300000, script: 30000}, unhandledPromptBehavior: dismiss and notify, webauthn:extension:credBlob: true, webauthn:extension:largeBlob: true, webauthn:extension:minPinLength: true, webauthn:extension:prf: true, webauthn:virtualAuthenticators: true}
Session ID: fe6ecb6cff16df2e02f79cc47a0ee443
	at com.game_classes.GameUiTest.winGameTest(GameUiTest.java:32)
</failure>
    <system-out><![CDATA[13:57:37.780 [Forwarding get on session fe6ecb6cff16df2e02f79cc47a0ee443 to remote] DEBUG org.asynchttpclient.netty.request.NettyRequestSender - Using pooled Channel '[id: 0x2b0ad2a2, L:/127.0.0.1:56309 - R:localhost/127.0.0.1:54909]' for 'POST' to 'http://localhost:54909/session/fe6ecb6cff16df2e02f79cc47a0ee443/url'
13:57:37.780 [Forwarding get on session fe6ecb6cff16df2e02f79cc47a0ee443 to remote] DEBUG org.asynchttpclient.netty.request.NettyRequestSender - Using open Channel [id: 0x2b0ad2a2, L:/127.0.0.1:56309 - R:localhost/127.0.0.1:54909] for POST '/session/fe6ecb6cff16df2e02f79cc47a0ee443/url'
13:57:37.781 [AsyncHttpClient-1-2] DEBUG org.asynchttpclient.netty.handler.HttpHandler - 

Request DefaultHttpRequest(decodeResult: success, version: HTTP/1.1)
POST /session/fe6ecb6cff16df2e02f79cc47a0ee443/url HTTP/1.1
User-Agent: selenium/4.1.4 (java windows)
Content-Length: 55
Content-Type: application/json; charset=utf-8
host: localhost:54909
accept: */*

Response DefaultHttpResponse(decodeResult: success, version: HTTP/1.1)
HTTP/1.1 404 Not Found
Content-Length: 892
Content-Type: application/json; charset=utf-8
cache-control: no-cache

13:57:37.782 [AsyncHttpClient-1-2] DEBUG org.asynchttpclient.netty.channel.ChannelManager - Adding key: http://localhost:54909 for channel [id: 0x2b0ad2a2, L:/127.0.0.1:56309 - R:localhost/127.0.0.1:54909]
]]></system-out>
  </testcase>
  <testcase name="createUserTest" classname="com.game_classes.UsersUITest" time="0.007">
    <failure message="no such window: target window already closed&#10;from unknown error: web view not found&#10;  (Session info: chrome=115.0.5790.110)&#10;Build info: version: &apos;4.1.4&apos;, revision: &apos;535d840ee2&apos;&#10;System info: host: &apos;DESKTOP-TUFNRNQ&apos;, ip: &apos;192.168.0.101&apos;, os.name: &apos;Windows 10&apos;, os.arch: &apos;amd64&apos;, os.version: &apos;10.0&apos;, java.version: &apos;18.0.2.1&apos;&#10;Driver info: org.openqa.selenium.chrome.ChromeDriver&#10;Command: [50b097cf8fcf7659f2b385ddc29f7e3b, get {url=http://localhost:8080/users}]&#10;Capabilities {acceptInsecureCerts: false, browserName: chrome, browserVersion: 115.0.5790.110, chrome: {chromedriverVersion: 114.0.5735.90 (386bc09e8f4f..., userDataDir: C:\Users\HP\AppData\Local\T...}, goog:chromeOptions: {debuggerAddress: localhost:56323}, javascriptEnabled: true, networkConnectionEnabled: false, pageLoadStrategy: normal, platform: WINDOWS, platformName: WINDOWS, proxy: Proxy(), se:cdp: ws://localhost:56323/devtoo..., se:cdpVersion: 115.0.5790.110, setWindowRect: true, strictFileInteractability: false, timeouts: {implicit: 0, pageLoad: 300000, script: 30000}, unhandledPromptBehavior: dismiss and notify, webauthn:extension:credBlob: true, webauthn:extension:largeBlob: true, webauthn:extension:minPinLength: true, webauthn:extension:prf: true, webauthn:virtualAuthenticators: true}&#10;Session ID: 50b097cf8fcf7659f2b385ddc29f7e3b" type="org.openqa.selenium.NoSuchWindowException">org.openqa.selenium.NoSuchWindowException: 
no such window: target window already closed
from unknown error: web view not found
  (Session info: chrome=115.0.5790.110)
Build info: version: '4.1.4', revision: '535d840ee2'
System info: host: 'DESKTOP-TUFNRNQ', ip: '192.168.0.101', os.name: 'Windows 10', os.arch: 'amd64', os.version: '10.0', java.version: '18.0.2.1'
Driver info: org.openqa.selenium.chrome.ChromeDriver
Command: [50b097cf8fcf7659f2b385ddc29f7e3b, get {url=http://localhost:8080/users}]
Capabilities {acceptInsecureCerts: false, browserName: chrome, browserVersion: 115.0.5790.110, chrome: {chromedriverVersion: 114.0.5735.90 (386bc09e8f4f..., userDataDir: C:\Users\HP\AppData\Local\T...}, goog:chromeOptions: {debuggerAddress: localhost:56323}, javascriptEnabled: true, networkConnectionEnabled: false, pageLoadStrategy: normal, platform: WINDOWS, platformName: WINDOWS, proxy: Proxy(), se:cdp: ws://localhost:56323/devtoo..., se:cdpVersion: 115.0.5790.110, setWindowRect: true, strictFileInteractability: false, timeouts: {implicit: 0, pageLoad: 300000, script: 30000}, unhandledPromptBehavior: dismiss and notify, webauthn:extension:credBlob: true, webauthn:extension:largeBlob: true, webauthn:extension:minPinLength: true, webauthn:extension:prf: true, webauthn:virtualAuthenticators: true}
Session ID: 50b097cf8fcf7659f2b385ddc29f7e3b
	at com.game_classes.UsersUITest.createUserTest(UsersUITest.java:29)
</failure>
    <system-out><![CDATA[13:57:37.786 [Forwarding get on session 50b097cf8fcf7659f2b385ddc29f7e3b to remote] DEBUG org.asynchttpclient.netty.request.NettyRequestSender - Using pooled Channel '[id: 0xc3c5b7d2, L:/127.0.0.1:56322 - R:localhost/127.0.0.1:55285]' for 'POST' to 'http://localhost:55285/session/50b097cf8fcf7659f2b385ddc29f7e3b/url'
13:57:37.786 [Forwarding get on session 50b097cf8fcf7659f2b385ddc29f7e3b to remote] DEBUG org.asynchttpclient.netty.request.NettyRequestSender - Using open Channel [id: 0xc3c5b7d2, L:/127.0.0.1:56322 - R:localhost/127.0.0.1:55285] for POST '/session/50b097cf8fcf7659f2b385ddc29f7e3b/url'
13:57:37.788 [AsyncHttpClient-1-5] DEBUG org.asynchttpclient.netty.handler.HttpHandler - 

Request DefaultHttpRequest(decodeResult: success, version: HTTP/1.1)
POST /session/50b097cf8fcf7659f2b385ddc29f7e3b/url HTTP/1.1
User-Agent: selenium/4.1.4 (java windows)
Content-Length: 57
Content-Type: application/json; charset=utf-8
host: localhost:55285
accept: */*

Response DefaultHttpResponse(decodeResult: success, version: HTTP/1.1)
HTTP/1.1 404 Not Found
Content-Length: 892
Content-Type: application/json; charset=utf-8
cache-control: no-cache

13:57:37.789 [AsyncHttpClient-1-5] DEBUG org.asynchttpclient.netty.channel.ChannelManager - Adding key: http://localhost:55285 for channel [id: 0xc3c5b7d2, L:/127.0.0.1:56322 - R:localhost/127.0.0.1:55285]
]]></system-out>
  </testcase>
  <testcase name="deleteUserTest" classname="com.game_classes.UsersUITest" time="0.005">
    <failure message="no such window: target window already closed&#10;from unknown error: web view not found&#10;  (Session info: chrome=115.0.5790.110)&#10;Build info: version: &apos;4.1.4&apos;, revision: &apos;535d840ee2&apos;&#10;System info: host: &apos;DESKTOP-TUFNRNQ&apos;, ip: &apos;192.168.0.101&apos;, os.name: &apos;Windows 10&apos;, os.arch: &apos;amd64&apos;, os.version: &apos;10.0&apos;, java.version: &apos;18.0.2.1&apos;&#10;Driver info: org.openqa.selenium.chrome.ChromeDriver&#10;Command: [50b097cf8fcf7659f2b385ddc29f7e3b, get {url=http://localhost:8080/users}]&#10;Capabilities {acceptInsecureCerts: false, browserName: chrome, browserVersion: 115.0.5790.110, chrome: {chromedriverVersion: 114.0.5735.90 (386bc09e8f4f..., userDataDir: C:\Users\HP\AppData\Local\T...}, goog:chromeOptions: {debuggerAddress: localhost:56323}, javascriptEnabled: true, networkConnectionEnabled: false, pageLoadStrategy: normal, platform: WINDOWS, platformName: WINDOWS, proxy: Proxy(), se:cdp: ws://localhost:56323/devtoo..., se:cdpVersion: 115.0.5790.110, setWindowRect: true, strictFileInteractability: false, timeouts: {implicit: 0, pageLoad: 300000, script: 30000}, unhandledPromptBehavior: dismiss and notify, webauthn:extension:credBlob: true, webauthn:extension:largeBlob: true, webauthn:extension:minPinLength: true, webauthn:extension:prf: true, webauthn:virtualAuthenticators: true}&#10;Session ID: 50b097cf8fcf7659f2b385ddc29f7e3b" type="org.openqa.selenium.NoSuchWindowException">org.openqa.selenium.NoSuchWindowException: 
no such window: target window already closed
from unknown error: web view not found
  (Session info: chrome=115.0.5790.110)
Build info: version: '4.1.4', revision: '535d840ee2'
System info: host: 'DESKTOP-TUFNRNQ', ip: '192.168.0.101', os.name: 'Windows 10', os.arch: 'amd64', os.version: '10.0', java.version: '18.0.2.1'
Driver info: org.openqa.selenium.chrome.ChromeDriver
Command: [50b097cf8fcf7659f2b385ddc29f7e3b, get {url=http://localhost:8080/users}]
Capabilities {acceptInsecureCerts: false, browserName: chrome, browserVersion: 115.0.5790.110, chrome: {chromedriverVersion: 114.0.5735.90 (386bc09e8f4f..., userDataDir: C:\Users\HP\AppData\Local\T...}, goog:chromeOptions: {debuggerAddress: localhost:56323}, javascriptEnabled: true, networkConnectionEnabled: false, pageLoadStrategy: normal, platform: WINDOWS, platformName: WINDOWS, proxy: Proxy(), se:cdp: ws://localhost:56323/devtoo..., se:cdpVersion: 115.0.5790.110, setWindowRect: true, strictFileInteractability: false, timeouts: {implicit: 0, pageLoad: 300000, script: 30000}, unhandledPromptBehavior: dismiss and notify, webauthn:extension:credBlob: true, webauthn:extension:largeBlob: true, webauthn:extension:minPinLength: true, webauthn:extension:prf: true, webauthn:virtualAuthenticators: true}
Session ID: 50b097cf8fcf7659f2b385ddc29f7e3b
	at com.game_classes.UsersUITest.deleteUserTest(UsersUITest.java:141)
</failure>
    <system-out><![CDATA[13:57:37.793 [Forwarding get on session 50b097cf8fcf7659f2b385ddc29f7e3b to remote] DEBUG org.asynchttpclient.netty.request.NettyRequestSender - Using pooled Channel '[id: 0xc3c5b7d2, L:/127.0.0.1:56322 - R:localhost/127.0.0.1:55285]' for 'POST' to 'http://localhost:55285/session/50b097cf8fcf7659f2b385ddc29f7e3b/url'
13:57:37.793 [Forwarding get on session 50b097cf8fcf7659f2b385ddc29f7e3b to remote] DEBUG org.asynchttpclient.netty.request.NettyRequestSender - Using open Channel [id: 0xc3c5b7d2, L:/127.0.0.1:56322 - R:localhost/127.0.0.1:55285] for POST '/session/50b097cf8fcf7659f2b385ddc29f7e3b/url'
13:57:37.794 [AsyncHttpClient-1-5] DEBUG org.asynchttpclient.netty.handler.HttpHandler - 

Request DefaultHttpRequest(decodeResult: success, version: HTTP/1.1)
POST /session/50b097cf8fcf7659f2b385ddc29f7e3b/url HTTP/1.1
User-Agent: selenium/4.1.4 (java windows)
Content-Length: 57
Content-Type: application/json; charset=utf-8
host: localhost:55285
accept: */*

Response DefaultHttpResponse(decodeResult: success, version: HTTP/1.1)
HTTP/1.1 404 Not Found
Content-Length: 892
Content-Type: application/json; charset=utf-8
cache-control: no-cache

13:57:37.795 [AsyncHttpClient-1-5] DEBUG org.asynchttpclient.netty.channel.ChannelManager - Adding key: http://localhost:55285 for channel [id: 0xc3c5b7d2, L:/127.0.0.1:56322 - R:localhost/127.0.0.1:55285]
]]></system-out>
  </testcase>
  <testcase name="updateUserTest" classname="com.game_classes.UsersUITest" time="0.006">
    <failure message="no such window: target window already closed&#10;from unknown error: web view not found&#10;  (Session info: chrome=115.0.5790.110)&#10;Build info: version: &apos;4.1.4&apos;, revision: &apos;535d840ee2&apos;&#10;System info: host: &apos;DESKTOP-TUFNRNQ&apos;, ip: &apos;192.168.0.101&apos;, os.name: &apos;Windows 10&apos;, os.arch: &apos;amd64&apos;, os.version: &apos;10.0&apos;, java.version: &apos;18.0.2.1&apos;&#10;Driver info: org.openqa.selenium.chrome.ChromeDriver&#10;Command: [50b097cf8fcf7659f2b385ddc29f7e3b, get {url=http://localhost:8080/users}]&#10;Capabilities {acceptInsecureCerts: false, browserName: chrome, browserVersion: 115.0.5790.110, chrome: {chromedriverVersion: 114.0.5735.90 (386bc09e8f4f..., userDataDir: C:\Users\HP\AppData\Local\T...}, goog:chromeOptions: {debuggerAddress: localhost:56323}, javascriptEnabled: true, networkConnectionEnabled: false, pageLoadStrategy: normal, platform: WINDOWS, platformName: WINDOWS, proxy: Proxy(), se:cdp: ws://localhost:56323/devtoo..., se:cdpVersion: 115.0.5790.110, setWindowRect: true, strictFileInteractability: false, timeouts: {implicit: 0, pageLoad: 300000, script: 30000}, unhandledPromptBehavior: dismiss and notify, webauthn:extension:credBlob: true, webauthn:extension:largeBlob: true, webauthn:extension:minPinLength: true, webauthn:extension:prf: true, webauthn:virtualAuthenticators: true}&#10;Session ID: 50b097cf8fcf7659f2b385ddc29f7e3b" type="org.openqa.selenium.NoSuchWindowException">org.openqa.selenium.NoSuchWindowException: 
no such window: target window already closed
from unknown error: web view not found
  (Session info: chrome=115.0.5790.110)
Build info: version: '4.1.4', revision: '535d840ee2'
System info: host: 'DESKTOP-TUFNRNQ', ip: '192.168.0.101', os.name: 'Windows 10', os.arch: 'amd64', os.version: '10.0', java.version: '18.0.2.1'
Driver info: org.openqa.selenium.chrome.ChromeDriver
Command: [50b097cf8fcf7659f2b385ddc29f7e3b, get {url=http://localhost:8080/users}]
Capabilities {acceptInsecureCerts: false, browserName: chrome, browserVersion: 115.0.5790.110, chrome: {chromedriverVersion: 114.0.5735.90 (386bc09e8f4f..., userDataDir: C:\Users\HP\AppData\Local\T...}, goog:chromeOptions: {debuggerAddress: localhost:56323}, javascriptEnabled: true, networkConnectionEnabled: false, pageLoadStrategy: normal, platform: WINDOWS, platformName: WINDOWS, proxy: Proxy(), se:cdp: ws://localhost:56323/devtoo..., se:cdpVersion: 115.0.5790.110, setWindowRect: true, strictFileInteractability: false, timeouts: {implicit: 0, pageLoad: 300000, script: 30000}, unhandledPromptBehavior: dismiss and notify, webauthn:extension:credBlob: true, webauthn:extension:largeBlob: true, webauthn:extension:minPinLength: true, webauthn:extension:prf: true, webauthn:virtualAuthenticators: true}
Session ID: 50b097cf8fcf7659f2b385ddc29f7e3b
	at com.game_classes.UsersUITest.updateUserTest(UsersUITest.java:83)
</failure>
    <system-out><![CDATA[13:57:37.798 [Forwarding get on session 50b097cf8fcf7659f2b385ddc29f7e3b to remote] DEBUG org.asynchttpclient.netty.request.NettyRequestSender - Using pooled Channel '[id: 0xc3c5b7d2, L:/127.0.0.1:56322 - R:localhost/127.0.0.1:55285]' for 'POST' to 'http://localhost:55285/session/50b097cf8fcf7659f2b385ddc29f7e3b/url'
13:57:37.798 [Forwarding get on session 50b097cf8fcf7659f2b385ddc29f7e3b to remote] DEBUG org.asynchttpclient.netty.request.NettyRequestSender - Using open Channel [id: 0xc3c5b7d2, L:/127.0.0.1:56322 - R:localhost/127.0.0.1:55285] for POST '/session/50b097cf8fcf7659f2b385ddc29f7e3b/url'
13:57:37.800 [AsyncHttpClient-1-5] DEBUG org.asynchttpclient.netty.handler.HttpHandler - 

Request DefaultHttpRequest(decodeResult: success, version: HTTP/1.1)
POST /session/50b097cf8fcf7659f2b385ddc29f7e3b/url HTTP/1.1
User-Agent: selenium/4.1.4 (java windows)
Content-Length: 57
Content-Type: application/json; charset=utf-8
host: localhost:55285
accept: */*

Response DefaultHttpResponse(decodeResult: success, version: HTTP/1.1)
HTTP/1.1 404 Not Found
Content-Length: 892
Content-Type: application/json; charset=utf-8
cache-control: no-cache

13:57:37.800 [AsyncHttpClient-1-5] DEBUG org.asynchttpclient.netty.channel.ChannelManager - Adding key: http://localhost:55285 for channel [id: 0xc3c5b7d2, L:/127.0.0.1:56322 - R:localhost/127.0.0.1:55285]
]]></system-out>
  </testcase>
  <testcase name="createUserTest" classname="com.yasen.rest.UserRestAssuredControllerTest" time="1.748"/>
  <testcase name="getUserTest" classname="com.yasen.rest.UserRestAssuredControllerTest" time="0.057">
    <failure message="Cannot invoke &quot;java.lang.Integer.intValue()&quot; because the return value of &quot;io.restassured.internal.common.path.ObjectConverter.convertObjectTo(Object, java.lang.Class)&quot; is null" type="java.lang.NullPointerException">java.lang.NullPointerException: Cannot invoke "java.lang.Integer.intValue()" because the return value of "io.restassured.internal.common.path.ObjectConverter.convertObjectTo(Object, java.lang.Class)" is null
	at com.yasen.rest.UserRestAssuredControllerTest.getUserTest(UserRestAssuredControllerTest.java:59)
</failure>
    <system-out><![CDATA[13:57:39.578 [main] DEBUG org.apache.http.impl.conn.BasicClientConnectionManager - Get connection for route {}->http://localhost:8080
13:57:39.578 [main] DEBUG org.apache.http.impl.conn.DefaultClientConnectionOperator - Connecting to localhost:8080
13:57:39.579 [main] DEBUG org.apache.http.client.protocol.RequestAddCookies - CookieSpec selected: ignoreCookies
13:57:39.579 [main] DEBUG org.apache.http.client.protocol.RequestAuthCache - Auth cache not set in the context
13:57:39.579 [main] DEBUG org.apache.http.client.protocol.RequestTargetAuthentication - Target auth state: UNCHALLENGED
13:57:39.579 [main] DEBUG org.apache.http.client.protocol.RequestProxyAuthentication - Proxy auth state: UNCHALLENGED
13:57:39.579 [main] DEBUG org.apache.http.impl.client.DefaultHttpClient - Attempt 1 to execute request
13:57:39.579 [main] DEBUG org.apache.http.impl.conn.DefaultClientConnection - Sending request: GET /api/users?pageNum=0 HTTP/1.1
13:57:39.580 [main] DEBUG org.apache.http.wire -  >> "GET /api/users?pageNum=0 HTTP/1.1[\r][\n]"
13:57:39.580 [main] DEBUG org.apache.http.wire -  >> "Accept: */*[\r][\n]"
13:57:39.580 [main] DEBUG org.apache.http.wire -  >> "Host: localhost:8080[\r][\n]"
13:57:39.580 [main] DEBUG org.apache.http.wire -  >> "Connection: Keep-Alive[\r][\n]"
13:57:39.580 [main] DEBUG org.apache.http.wire -  >> "User-Agent: Apache-HttpClient/4.5.14 (Java/18.0.2.1)[\r][\n]"
13:57:39.580 [main] DEBUG org.apache.http.wire -  >> "Accept-Encoding: gzip,deflate[\r][\n]"
13:57:39.580 [main] DEBUG org.apache.http.wire -  >> "[\r][\n]"
13:57:39.580 [main] DEBUG org.apache.http.headers - >> GET /api/users?pageNum=0 HTTP/1.1
13:57:39.580 [main] DEBUG org.apache.http.headers - >> Accept: */*
13:57:39.580 [main] DEBUG org.apache.http.headers - >> Host: localhost:8080
13:57:39.580 [main] DEBUG org.apache.http.headers - >> Connection: Keep-Alive
13:57:39.580 [main] DEBUG org.apache.http.headers - >> User-Agent: Apache-HttpClient/4.5.14 (Java/18.0.2.1)
13:57:39.580 [main] DEBUG org.apache.http.headers - >> Accept-Encoding: gzip,deflate
13:57:39.586 [main] DEBUG org.apache.http.wire -  << "HTTP/1.1 400 [\r][\n]"
13:57:39.586 [main] DEBUG org.apache.http.wire -  << "Vary: Origin[\r][\n]"
13:57:39.586 [main] DEBUG org.apache.http.wire -  << "Vary: Access-Control-Request-Method[\r][\n]"
13:57:39.586 [main] DEBUG org.apache.http.wire -  << "Vary: Access-Control-Request-Headers[\r][\n]"
13:57:39.586 [main] DEBUG org.apache.http.wire -  << "Content-Type: application/json[\r][\n]"
13:57:39.586 [main] DEBUG org.apache.http.wire -  << "Transfer-Encoding: chunked[\r][\n]"
13:57:39.586 [main] DEBUG org.apache.http.wire -  << "Date: Sun, 30 Jul 2023 10:57:39 GMT[\r][\n]"
13:57:39.586 [main] DEBUG org.apache.http.wire -  << "Connection: close[\r][\n]"
13:57:39.586 [main] DEBUG org.apache.http.wire -  << "[\r][\n]"
13:57:39.586 [main] DEBUG org.apache.http.impl.conn.DefaultClientConnection - Receiving response: HTTP/1.1 400 
13:57:39.586 [main] DEBUG org.apache.http.headers - << HTTP/1.1 400 
13:57:39.586 [main] DEBUG org.apache.http.headers - << Vary: Origin
13:57:39.586 [main] DEBUG org.apache.http.headers - << Vary: Access-Control-Request-Method
13:57:39.586 [main] DEBUG org.apache.http.headers - << Vary: Access-Control-Request-Headers
13:57:39.586 [main] DEBUG org.apache.http.headers - << Content-Type: application/json
13:57:39.586 [main] DEBUG org.apache.http.headers - << Transfer-Encoding: chunked
13:57:39.586 [main] DEBUG org.apache.http.headers - << Date: Sun, 30 Jul 2023 10:57:39 GMT
13:57:39.586 [main] DEBUG org.apache.http.headers - << Connection: close
13:57:39.587 [main] DEBUG io.restassured.internal.RequestSpecificationImpl$RestAssuredHttpBuilder - Parsing response as: application/json
13:57:39.587 [main] DEBUG io.restassured.internal.RequestSpecificationImpl$RestAssuredHttpBuilder - Parsed data to instance of: class org.apache.http.conn.EofSensorInputStream
13:57:39.587 [main] DEBUG org.apache.http.wire -  << "49[\r][\n]"
13:57:39.587 [main] DEBUG org.apache.http.wire -  << "{"error":"Bad request","message":"Page index must not be less than zero"}"
13:57:39.587 [main] DEBUG org.apache.http.wire -  << "[\r][\n]"
13:57:39.588 [main] DEBUG org.apache.http.wire -  << "0[\r][\n]"
13:57:39.588 [main] DEBUG org.apache.http.wire -  << "[\r][\n]"
13:57:39.588 [main] DEBUG org.apache.http.impl.conn.BasicClientConnectionManager - Releasing connection org.apache.http.impl.conn.ManagedClientConnectionImpl@2109a691
13:57:39.588 [main] DEBUG org.apache.http.impl.conn.DefaultClientConnection - Connection 0.0.0.0:56353<->127.0.0.1:8080 shut down
]]></system-out>
  </testcase>
  <testcase name="updateUserTest" classname="com.yasen.rest.UserRestAssuredControllerTest" time="0.041"/>
  <testcase name="getUserExistTest" classname="com.yasen.rest.UserRestAssuredControllerTest" time="0.041"/>
  <testcase name="getUserNotExistTest" classname="com.yasen.rest.UserRestAssuredControllerTest" time="0.027"/>
  <testcase name="deleteUserNotExistTest" classname="com.yasen.rest.UserRestAssuredControllerTest" time="0.045"/>
  <testcase name="deleteUserExistTest" classname="com.yasen.rest.UserRestAssuredControllerTest" time="0.03">
    <failure message="Cannot invoke &quot;java.lang.Integer.intValue()&quot; because the return value of &quot;io.restassured.internal.common.path.ObjectConverter.convertObjectTo(Object, java.lang.Class)&quot; is null" type="java.lang.NullPointerException">java.lang.NullPointerException: Cannot invoke "java.lang.Integer.intValue()" because the return value of "io.restassured.internal.common.path.ObjectConverter.convertObjectTo(Object, java.lang.Class)" is null
	at com.yasen.rest.UserRestAssuredControllerTest.deleteUserExistTest(UserRestAssuredControllerTest.java:165)
</failure>
    <system-out><![CDATA[13:57:39.769 [main] DEBUG org.apache.http.impl.conn.BasicClientConnectionManager - Get connection for route {}->http://localhost:8080
13:57:39.769 [main] DEBUG org.apache.http.impl.conn.DefaultClientConnectionOperator - Connecting to localhost:8080
13:57:39.770 [main] DEBUG org.apache.http.client.protocol.RequestAddCookies - CookieSpec selected: ignoreCookies
13:57:39.770 [main] DEBUG org.apache.http.client.protocol.RequestAuthCache - Auth cache not set in the context
13:57:39.770 [main] DEBUG org.apache.http.client.protocol.RequestTargetAuthentication - Target auth state: UNCHALLENGED
13:57:39.770 [main] DEBUG org.apache.http.client.protocol.RequestProxyAuthentication - Proxy auth state: UNCHALLENGED
13:57:39.770 [main] DEBUG org.apache.http.impl.client.DefaultHttpClient - Attempt 1 to execute request
13:57:39.770 [main] DEBUG org.apache.http.impl.conn.DefaultClientConnection - Sending request: GET /api/users?pageNum=0 HTTP/1.1
13:57:39.771 [main] DEBUG org.apache.http.wire -  >> "GET /api/users?pageNum=0 HTTP/1.1[\r][\n]"
13:57:39.771 [main] DEBUG org.apache.http.wire -  >> "Accept: */*[\r][\n]"
13:57:39.771 [main] DEBUG org.apache.http.wire -  >> "Host: localhost:8080[\r][\n]"
13:57:39.771 [main] DEBUG org.apache.http.wire -  >> "Connection: Keep-Alive[\r][\n]"
13:57:39.771 [main] DEBUG org.apache.http.wire -  >> "User-Agent: Apache-HttpClient/4.5.14 (Java/18.0.2.1)[\r][\n]"
13:57:39.771 [main] DEBUG org.apache.http.wire -  >> "Accept-Encoding: gzip,deflate[\r][\n]"
13:57:39.771 [main] DEBUG org.apache.http.wire -  >> "[\r][\n]"
13:57:39.771 [main] DEBUG org.apache.http.headers - >> GET /api/users?pageNum=0 HTTP/1.1
13:57:39.771 [main] DEBUG org.apache.http.headers - >> Accept: */*
13:57:39.771 [main] DEBUG org.apache.http.headers - >> Host: localhost:8080
13:57:39.771 [main] DEBUG org.apache.http.headers - >> Connection: Keep-Alive
13:57:39.771 [main] DEBUG org.apache.http.headers - >> User-Agent: Apache-HttpClient/4.5.14 (Java/18.0.2.1)
13:57:39.771 [main] DEBUG org.apache.http.headers - >> Accept-Encoding: gzip,deflate
13:57:39.773 [main] DEBUG org.apache.http.wire -  << "HTTP/1.1 400 [\r][\n]"
13:57:39.773 [main] DEBUG org.apache.http.wire -  << "Vary: Origin[\r][\n]"
13:57:39.773 [main] DEBUG org.apache.http.wire -  << "Vary: Access-Control-Request-Method[\r][\n]"
13:57:39.773 [main] DEBUG org.apache.http.wire -  << "Vary: Access-Control-Request-Headers[\r][\n]"
13:57:39.773 [main] DEBUG org.apache.http.wire -  << "Content-Type: application/json[\r][\n]"
13:57:39.773 [main] DEBUG org.apache.http.wire -  << "Transfer-Encoding: chunked[\r][\n]"
13:57:39.773 [main] DEBUG org.apache.http.wire -  << "Date: Sun, 30 Jul 2023 10:57:39 GMT[\r][\n]"
13:57:39.773 [main] DEBUG org.apache.http.wire -  << "Connection: close[\r][\n]"
13:57:39.773 [main] DEBUG org.apache.http.wire -  << "[\r][\n]"
13:57:39.773 [main] DEBUG org.apache.http.impl.conn.DefaultClientConnection - Receiving response: HTTP/1.1 400 
13:57:39.773 [main] DEBUG org.apache.http.headers - << HTTP/1.1 400 
13:57:39.773 [main] DEBUG org.apache.http.headers - << Vary: Origin
13:57:39.773 [main] DEBUG org.apache.http.headers - << Vary: Access-Control-Request-Method
13:57:39.773 [main] DEBUG org.apache.http.headers - << Vary: Access-Control-Request-Headers
13:57:39.773 [main] DEBUG org.apache.http.headers - << Content-Type: application/json
13:57:39.773 [main] DEBUG org.apache.http.headers - << Transfer-Encoding: chunked
13:57:39.773 [main] DEBUG org.apache.http.headers - << Date: Sun, 30 Jul 2023 10:57:39 GMT
13:57:39.773 [main] DEBUG org.apache.http.headers - << Connection: close
13:57:39.774 [main] DEBUG io.restassured.internal.RequestSpecificationImpl$RestAssuredHttpBuilder - Parsing response as: application/json
13:57:39.774 [main] DEBUG io.restassured.internal.RequestSpecificationImpl$RestAssuredHttpBuilder - Parsed data to instance of: class org.apache.http.conn.EofSensorInputStream
13:57:39.774 [main] DEBUG org.apache.http.wire -  << "49[\r][\n]"
13:57:39.774 [main] DEBUG org.apache.http.wire -  << "{"error":"Bad request","message":"Page index must not be less than zero"}"
13:57:39.774 [main] DEBUG org.apache.http.wire -  << "[\r][\n]"
13:57:39.774 [main] DEBUG org.apache.http.wire -  << "0[\r][\n]"
13:57:39.774 [main] DEBUG org.apache.http.wire -  << "[\r][\n]"
13:57:39.774 [main] DEBUG org.apache.http.impl.conn.BasicClientConnectionManager - Releasing connection org.apache.http.impl.conn.ManagedClientConnectionImpl@1fd37440
13:57:39.775 [main] DEBUG org.apache.http.impl.conn.DefaultClientConnection - Connection 0.0.0.0:56358<->127.0.0.1:8080 shut down
]]></system-out>
  </testcase>
  <testcase name="closeBrowser" classname="com.game_classes.GameUiTest" time="0.035">
    <failure message="disconnected: not connected to DevTools&#10;  (failed to check if window was closed: disconnected: not connected to DevTools)&#10;  (Session info: chrome=115.0.5790.110)&#10;Build info: version: &apos;4.1.4&apos;, revision: &apos;535d840ee2&apos;&#10;System info: host: &apos;DESKTOP-TUFNRNQ&apos;, ip: &apos;192.168.0.101&apos;, os.name: &apos;Windows 10&apos;, os.arch: &apos;amd64&apos;, os.version: &apos;10.0&apos;, java.version: &apos;18.0.2.1&apos;&#10;Driver info: org.openqa.selenium.chrome.ChromeDriver&#10;Command: [fe6ecb6cff16df2e02f79cc47a0ee443, close {}]&#10;Capabilities {acceptInsecureCerts: false, browserName: chrome, browserVersion: 115.0.5790.110, chrome: {chromedriverVersion: 114.0.5735.90 (386bc09e8f4f..., userDataDir: C:\Users\HP\AppData\Local\T...}, goog:chromeOptions: {debuggerAddress: localhost:56310}, javascriptEnabled: true, networkConnectionEnabled: false, pageLoadStrategy: normal, platform: WINDOWS, platformName: WINDOWS, proxy: Proxy(), se:cdp: ws://localhost:56310/devtoo..., se:cdpVersion: 115.0.5790.110, setWindowRect: true, strictFileInteractability: false, timeouts: {implicit: 0, pageLoad: 300000, script: 30000}, unhandledPromptBehavior: dismiss and notify, webauthn:extension:credBlob: true, webauthn:extension:largeBlob: true, webauthn:extension:minPinLength: true, webauthn:extension:prf: true, webauthn:virtualAuthenticators: true}&#10;Session ID: fe6ecb6cff16df2e02f79cc47a0ee443" type="org.openqa.selenium.WebDriverException">org.openqa.selenium.WebDriverException: 
disconnected: not connected to DevTools
  (failed to check if window was closed: disconnected: not connected to DevTools)
  (Session info: chrome=115.0.5790.110)
Build info: version: '4.1.4', revision: '535d840ee2'
System info: host: 'DESKTOP-TUFNRNQ', ip: '192.168.0.101', os.name: 'Windows 10', os.arch: 'amd64', os.version: '10.0', java.version: '18.0.2.1'
Driver info: org.openqa.selenium.chrome.ChromeDriver
Command: [fe6ecb6cff16df2e02f79cc47a0ee443, close {}]
Capabilities {acceptInsecureCerts: false, browserName: chrome, browserVersion: 115.0.5790.110, chrome: {chromedriverVersion: 114.0.5735.90 (386bc09e8f4f..., userDataDir: C:\Users\HP\AppData\Local\T...}, goog:chromeOptions: {debuggerAddress: localhost:56310}, javascriptEnabled: true, networkConnectionEnabled: false, pageLoadStrategy: normal, platform: WINDOWS, platformName: WINDOWS, proxy: Proxy(), se:cdp: ws://localhost:56310/devtoo..., se:cdpVersion: 115.0.5790.110, setWindowRect: true, strictFileInteractability: false, timeouts: {implicit: 0, pageLoad: 300000, script: 30000}, unhandledPromptBehavior: dismiss and notify, webauthn:extension:credBlob: true, webauthn:extension:largeBlob: true, webauthn:extension:minPinLength: true, webauthn:extension:prf: true, webauthn:virtualAuthenticators: true}
Session ID: fe6ecb6cff16df2e02f79cc47a0ee443
	at com.game_classes.GameUiTest.closeBrowser(GameUiTest.java:120)
</failure>
    <system-out><![CDATA[13:57:39.794 [Forwarding close on session fe6ecb6cff16df2e02f79cc47a0ee443 to remote] DEBUG org.asynchttpclient.netty.request.NettyRequestSender - Using pooled Channel '[id: 0x2b0ad2a2, L:/127.0.0.1:56309 - R:localhost/127.0.0.1:54909]' for 'DELETE' to 'http://localhost:54909/session/fe6ecb6cff16df2e02f79cc47a0ee443/window'
13:57:39.794 [Forwarding close on session fe6ecb6cff16df2e02f79cc47a0ee443 to remote] DEBUG org.asynchttpclient.netty.request.NettyRequestSender - Using open Channel [id: 0x2b0ad2a2, L:/127.0.0.1:56309 - R:localhost/127.0.0.1:54909] for DELETE '/session/fe6ecb6cff16df2e02f79cc47a0ee443/window'
13:57:39.795 [AsyncHttpClient-1-2] DEBUG org.asynchttpclient.netty.handler.HttpHandler - 

Request DefaultFullHttpRequest(decodeResult: success, version: HTTP/1.1, content: EmptyByteBufBE)
DELETE /session/fe6ecb6cff16df2e02f79cc47a0ee443/window HTTP/1.1
User-Agent: selenium/4.1.4 (java windows)
Content-Type: application/json; charset=utf-8
host: localhost:54909
accept: */*

Response DefaultHttpResponse(decodeResult: success, version: HTTP/1.1)
HTTP/1.1 500 Internal Server Error
Content-Length: 1012
Content-Type: application/json; charset=utf-8
cache-control: no-cache

13:57:39.796 [AsyncHttpClient-1-2] DEBUG org.asynchttpclient.netty.channel.ChannelManager - Adding key: http://localhost:54909 for channel [id: 0x2b0ad2a2, L:/127.0.0.1:56309 - R:localhost/127.0.0.1:54909]
]]></system-out>
  </testcase>
  <testcase name="closeBrowser" classname="com.game_classes.UsersUITest" time="0">
    <skipped/>
  </testcase>
  <testcase name="testDeleteUsers on testDeleteUsers(com.game_classes.UserServiceTest)" classname="com.game_classes.UserServiceTest" time="0.156"/>
  <testcase name="testListAllUsers on testListAllUsers(com.game_classes.UserServiceTest)" classname="com.game_classes.UserServiceTest" time="0.008">
    <failure message="Iterables not equal: expected: null and actual: Page 1 of 0 containing UNKNOWN instances" type="java.lang.AssertionError">java.lang.AssertionError: Iterables not equal: expected: null and actual: Page 1 of 0 containing UNKNOWN instances
	at com.game_classes.UserServiceTest.testListAllUsers(UserServiceTest.java:62)
</failure>
  </testcase>
  <testcase name="testCreateOrUpdateUser on testCreateOrUpdateUser(com.game_classes.UserServiceTest)" classname="com.game_classes.UserServiceTest" time="0.003"/>
</testsuite>