<?xml version="1.0" encoding="UTF-8"?>
<testsuite xmlns:xsi="http://www.w3.org/2001/XMLSchema-instance" xsi:noNamespaceSchemaLocation="https://maven.apache.org/surefire/maven-surefire-plugin/xsd/surefire-test-report.xsd" name="TestSuite" time="10.595" tests="20" errors="0" skipped="2" failures="16">
  <properties>
[...]
</properties>
  <testcase name="looseGameTest" classname="com.game_classes.GameUiTest" time="0.093">
    <failure message="no such element: Unable to locate element: {&quot;method&quot;:&quot;css selector&quot;,&quot;selector&quot;:&quot;#word_num&quot;}&#10;  (Session info: chrome=115.0.5790.171)&#10;For documentation on this error, please visit: https://selenium.dev/exceptions/#no_such_element&#10;Build info: version: &apos;4.1.4&apos;, revision: &apos;535d840ee2&apos;&#10;System info: host: &apos;DESKTOP-TUFNRNQ&apos;, ip: &apos;192.168.0.102&apos;, os.name: &apos;Windows 10&apos;, os.arch: &apos;amd64&apos;, os.version: &apos;10.0&apos;, java.version: &apos;18.0.2.1&apos;&#10;Driver info: org.openqa.selenium.chrome.ChromeDriver&#10;Command: [042300cbb25c68c1356ff28844e839a2, findElement {using=id, value=word_num}]&#10;Capabilities {acceptInsecureCerts: false, browserName: chrome, browserVersion: 115.0.5790.171, chrome: {chromedriverVersion: 114.0.5735.90 (386bc09e8f4f..., userDataDir: C:\Users\HP\AppData\Local\T...}, goog:chromeOptions: {debuggerAddress: localhost:49583}, javascriptEnabled: true, networkConnectionEnabled: false, pageLoadStrategy: normal, platform: WINDOWS, platformName: WINDOWS, proxy: Proxy(), se:cdp: ws://localhost:49583/devtoo..., se:cdpVersion: 115.0.5790.171, setWindowRect: true, strictFileInteractability: false, timeouts: {implicit: 0, pageLoad: 300000, script: 30000}, unhandledPromptBehavior: dismiss and notify, webauthn:extension:credBlob: true, webauthn:extension:largeBlob: true, webauthn:extension:minPinLength: true, webauthn:extension:prf: true, webauthn:virtualAuthenticators: true}&#10;Session ID: 042300cbb25c68c1356ff28844e839a2" type="org.openqa.selenium.NoSuchElementException">org.openqa.selenium.NoSuchElementException: 
no such element: Unable to locate element: {"method":"css selector","selector":"#word_num"}
  (Session info: chrome=115.0.5790.171)
For documentation on this error, please visit: https://selenium.dev/exceptions/#no_such_element
Build info: version: '4.1.4', revision: '535d840ee2'
System info: host: 'DESKTOP-TUFNRNQ', ip: '192.168.0.102', os.name: 'Windows 10', os.arch: 'amd64', os.version: '10.0', java.version: '18.0.2.1'
Driver info: org.openqa.selenium.chrome.ChromeDriver
Command: [042300cbb25c68c1356ff28844e839a2, findElement {using=id, value=word_num}]
Capabilities {acceptInsecureCerts: false, browserName: chrome, browserVersion: 115.0.5790.171, chrome: {chromedriverVersion: 114.0.5735.90 (386bc09e8f4f..., userDataDir: C:\Users\HP\AppData\Local\T...}, goog:chromeOptions: {debuggerAddress: localhost:49583}, javascriptEnabled: true, networkConnectionEnabled: false, pageLoadStrategy: normal, platform: WINDOWS, platformName: WINDOWS, proxy: Proxy(), se:cdp: ws://localhost:49583/devtoo..., se:cdpVersion: 115.0.5790.171, setWindowRect: true, strictFileInteractability: false, timeouts: {implicit: 0, pageLoad: 300000, script: 30000}, unhandledPromptBehavior: dismiss and notify, webauthn:extension:credBlob: true, webauthn:extension:largeBlob: true, webauthn:extension:minPinLength: true, webauthn:extension:prf: true, webauthn:virtualAuthenticators: true}
Session ID: 042300cbb25c68c1356ff28844e839a2
	at com.game_classes.GameUiTest.looseGameTest(GameUiTest.java:81)
</failure>
    <system-out><![CDATA[22:51:13.122 [main] DEBUG io.netty.util.internal.logging.InternalLoggerFactory - Using SLF4J as the default logging framework
22:51:13.128 [main] DEBUG io.netty.util.ResourceLeakDetector - -Dio.netty.leakDetection.level: simple
22:51:13.128 [main] DEBUG io.netty.util.ResourceLeakDetector - -Dio.netty.leakDetection.targetRecords: 4
22:51:13.133 [main] DEBUG io.netty.util.ResourceLeakDetectorFactory - Loaded default ResourceLeakDetector: io.netty.util.ResourceLeakDetector@503ecb24
22:51:13.157 [main] DEBUG io.netty.util.internal.PlatformDependent0 - -Dio.netty.noUnsafe: false
22:51:13.157 [main] DEBUG io.netty.util.internal.PlatformDependent0 - Java version: 18
22:51:13.159 [main] DEBUG io.netty.util.internal.PlatformDependent0 - sun.misc.Unsafe.theUnsafe: available
22:51:13.160 [main] DEBUG io.netty.util.internal.PlatformDependent0 - sun.misc.Unsafe.copyMemory: available
22:51:13.160 [main] DEBUG io.netty.util.internal.PlatformDependent0 - sun.misc.Unsafe.storeFence: available
22:51:13.160 [main] DEBUG io.netty.util.internal.PlatformDependent0 - java.nio.Buffer.address: available
22:51:13.161 [main] DEBUG io.netty.util.internal.PlatformDependent0 - direct buffer constructor: unavailable: Reflective setAccessible(true) disabled
22:51:13.161 [main] DEBUG io.netty.util.internal.PlatformDependent0 - java.nio.Bits.unaligned: available, true
22:51:13.163 [main] DEBUG io.netty.util.internal.PlatformDependent0 - jdk.internal.misc.Unsafe.allocateUninitializedArray(int): unavailable: class io.netty.util.internal.PlatformDependent0$7 cannot access class jdk.internal.misc.Unsafe (in module java.base) because module java.base does not export jdk.internal.misc to unnamed module @18ce0030
22:51:13.164 [main] DEBUG io.netty.util.internal.PlatformDependent0 - java.nio.DirectByteBuffer.<init>(long, {int,long}): unavailable
22:51:13.164 [main] DEBUG io.netty.util.internal.PlatformDependent - sun.misc.Unsafe: available
22:51:13.165 [main] DEBUG io.netty.util.internal.PlatformDependent - maxDirectMemory: 8568963072 bytes (maybe)
22:51:13.165 [main] DEBUG io.netty.util.internal.PlatformDependent - -Dio.netty.tmpdir: C:\Users\HP\AppData\Local\Temp (java.io.tmpdir)
22:51:13.165 [main] DEBUG io.netty.util.internal.PlatformDependent - -Dio.netty.bitMode: 64 (sun.arch.data.model)
22:51:13.166 [main] DEBUG io.netty.util.internal.PlatformDependent - Platform: Windows
22:51:13.166 [main] DEBUG io.netty.util.internal.PlatformDependent - -Dio.netty.maxDirectMemory: -1 bytes
22:51:13.166 [main] DEBUG io.netty.util.internal.PlatformDependent - -Dio.netty.uninitializedArrayAllocationThreshold: -1
22:51:13.169 [main] DEBUG io.netty.util.internal.CleanerJava9 - java.nio.ByteBuffer.cleaner(): available
22:51:13.169 [main] DEBUG io.netty.util.internal.PlatformDependent - -Dio.netty.noPreferDirect: false
22:51:13.177 [main] DEBUG io.netty.util.internal.PlatformDependent - org.jctools-core.MpscChunkedArrayQueue: available
22:51:13.198 [main] DEBUG io.netty.util.internal.InternalThreadLocalMap - -Dio.netty.threadLocalMap.stringBuilder.initialSize: 1024
22:51:13.198 [main] DEBUG io.netty.util.internal.InternalThreadLocalMap - -Dio.netty.threadLocalMap.stringBuilder.maxSize: 4096
22:51:13.362 [main] DEBUG io.netty.handler.ssl.JdkSslContext - Default protocols (JDK): [TLSv1.3, TLSv1.2] 
22:51:13.362 [main] DEBUG io.netty.handler.ssl.JdkSslContext - Default cipher suites (JDK): [TLS_ECDHE_ECDSA_WITH_AES_256_GCM_SHA384, TLS_ECDHE_ECDSA_WITH_AES_128_GCM_SHA256, TLS_ECDHE_RSA_WITH_AES_128_GCM_SHA256, TLS_ECDHE_RSA_WITH_AES_256_GCM_SHA384, TLS_ECDHE_RSA_WITH_AES_128_CBC_SHA, TLS_ECDHE_RSA_WITH_AES_256_CBC_SHA, TLS_RSA_WITH_AES_128_GCM_SHA256, TLS_RSA_WITH_AES_128_CBC_SHA, TLS_RSA_WITH_AES_256_CBC_SHA, TLS_AES_128_GCM_SHA256, TLS_AES_256_GCM_SHA384]
22:51:13.377 [main] DEBUG io.netty.util.concurrent.GlobalEventExecutor - -Dio.netty.globalEventExecutor.quietPeriodSeconds: 1
22:51:13.390 [main] DEBUG io.netty.channel.MultithreadEventLoopGroup - -Dio.netty.eventLoopThreads: 24
22:51:13.399 [main] DEBUG io.netty.channel.nio.NioEventLoop - -Dio.netty.noKeySetOptimization: false
22:51:13.399 [main] DEBUG io.netty.channel.nio.NioEventLoop - -Dio.netty.selectorAutoRebuildThreshold: 512
22:51:13.443 [main] DEBUG io.netty.buffer.PooledByteBufAllocator - -Dio.netty.allocator.numHeapArenas: 24
22:51:13.443 [main] DEBUG io.netty.buffer.PooledByteBufAllocator - -Dio.netty.allocator.numDirectArenas: 24
22:51:13.443 [main] DEBUG io.netty.buffer.PooledByteBufAllocator - -Dio.netty.allocator.pageSize: 8192
22:51:13.443 [main] DEBUG io.netty.buffer.PooledByteBufAllocator - -Dio.netty.allocator.maxOrder: 9
22:51:13.443 [main] DEBUG io.netty.buffer.PooledByteBufAllocator - -Dio.netty.allocator.chunkSize: 4194304
22:51:13.443 [main] DEBUG io.netty.buffer.PooledByteBufAllocator - -Dio.netty.allocator.smallCacheSize: 256
22:51:13.443 [main] DEBUG io.netty.buffer.PooledByteBufAllocator - -Dio.netty.allocator.normalCacheSize: 64
22:51:13.443 [main] DEBUG io.netty.buffer.PooledByteBufAllocator - -Dio.netty.allocator.maxCachedBufferCapacity: 32768
22:51:13.443 [main] DEBUG io.netty.buffer.PooledByteBufAllocator - -Dio.netty.allocator.cacheTrimInterval: 8192
22:51:13.443 [main] DEBUG io.netty.buffer.PooledByteBufAllocator - -Dio.netty.allocator.cacheTrimIntervalMillis: 0
22:51:13.443 [main] DEBUG io.netty.buffer.PooledByteBufAllocator - -Dio.netty.allocator.useCacheForAllThreads: false
22:51:13.443 [main] DEBUG io.netty.buffer.PooledByteBufAllocator - -Dio.netty.allocator.maxCachedByteBuffersPerChunk: 1023
22:51:13.455 [main] DEBUG io.netty.buffer.ByteBufUtil - -Dio.netty.allocator.type: pooled
22:51:13.455 [main] DEBUG io.netty.buffer.ByteBufUtil - -Dio.netty.threadLocalDirectBufferSize: 0
22:51:13.455 [main] DEBUG io.netty.buffer.ByteBufUtil - -Dio.netty.maxThreadLocalCharBufferSize: 16384
22:51:14.744 [Forwarding newSession on session null to remote] DEBUG io.netty.channel.DefaultChannelId - -Dio.netty.processId: 18768 (auto-detected)
22:51:14.748 [Forwarding newSession on session null to remote] DEBUG io.netty.util.NetUtil - -Djava.net.preferIPv4Stack: false
22:51:14.748 [Forwarding newSession on session null to remote] DEBUG io.netty.util.NetUtil - -Djava.net.preferIPv6Addresses: false
22:51:14.755 [Forwarding newSession on session null to remote] DEBUG io.netty.util.NetUtilInitializations - Loopback interface: lo (Software Loopback Interface 1, 127.0.0.1)
22:51:14.756 [Forwarding newSession on session null to remote] DEBUG io.netty.util.NetUtil - Failed to get SOMAXCONN from sysctl and file \proc\sys\net\core\somaxconn. Default: 200
22:51:14.762 [Forwarding newSession on session null to remote] DEBUG io.netty.channel.DefaultChannelId - -Dio.netty.machineId: 3c:52:82:ff:fe:5f:9d:42 (auto-detected)
22:51:14.814 [AsyncHttpClient-1-2] DEBUG io.netty.buffer.AbstractByteBuf - -Dio.netty.buffer.checkAccessible: true
22:51:14.814 [AsyncHttpClient-1-2] DEBUG io.netty.buffer.AbstractByteBuf - -Dio.netty.buffer.checkBounds: true
22:51:14.814 [AsyncHttpClient-1-2] DEBUG io.netty.util.ResourceLeakDetectorFactory - Loaded default ResourceLeakDetector: io.netty.util.ResourceLeakDetector@d088084
22:51:14.832 [AsyncHttpClient-1-2] DEBUG org.asynchttpclient.netty.channel.NettyConnectListener - Using new Channel '[id: 0x25f76640, L:/127.0.0.1:49581 - R:localhost/127.0.0.1:58415]' for 'POST' to '/session'
22:51:14.848 [AsyncHttpClient-1-2] DEBUG io.netty.util.Recycler - -Dio.netty.recycler.maxCapacityPerThread: 4096
22:51:14.848 [AsyncHttpClient-1-2] DEBUG io.netty.util.Recycler - -Dio.netty.recycler.ratio: 8
22:51:14.848 [AsyncHttpClient-1-2] DEBUG io.netty.util.Recycler - -Dio.netty.recycler.chunkSize: 32
22:51:14.848 [AsyncHttpClient-1-2] DEBUG io.netty.util.Recycler - -Dio.netty.recycler.blocking: false
22:51:14.848 [AsyncHttpClient-1-2] DEBUG io.netty.util.Recycler - -Dio.netty.recycler.batchFastThreadLocalOnly: true
22:51:15.486 [AsyncHttpClient-1-2] DEBUG io.netty.handler.codec.compression.Brotli - brotli4j not in the classpath; Brotli support will be unavailable.
22:51:15.487 [AsyncHttpClient-1-2] DEBUG org.asynchttpclient.netty.handler.HttpHandler - 

Request DefaultHttpRequest(decodeResult: success, version: HTTP/1.1)
POST /session HTTP/1.1
User-Agent: selenium/4.1.4 (java windows)
Content-Length: 439
Content-Type: application/json; charset=utf-8
host: localhost:58415
accept: */*

Response DefaultHttpResponse(decodeResult: success, version: HTTP/1.1)
HTTP/1.1 200 OK
Content-Length: 858
Content-Type: application/json; charset=utf-8
cache-control: no-cache

22:51:15.493 [AsyncHttpClient-1-2] DEBUG org.asynchttpclient.netty.channel.ChannelManager - Adding key: http://localhost:58415 for channel [id: 0x25f76640, L:/127.0.0.1:49581 - R:localhost/127.0.0.1:58415]
22:51:15.588 [AsyncHttpClient-1-3] DEBUG org.asynchttpclient.netty.channel.NettyConnectListener - Using new Channel '[id: 0x614a90cf, L:/127.0.0.1:49595 - R:localhost/127.0.0.1:49583]' for 'GET' to '/json/version'
22:51:15.591 [AsyncHttpClient-1-3] DEBUG org.asynchttpclient.netty.handler.HttpHandler - 

Request DefaultFullHttpRequest(decodeResult: success, version: HTTP/1.1, content: EmptyByteBufBE)
GET /json/version HTTP/1.1
User-Agent: selenium/4.1.4 (java windows)
host: localhost:49583
accept: */*

Response DefaultHttpResponse(decodeResult: success, version: HTTP/1.1)
HTTP/1.1 200 OK
Content-Security-Policy: frame-ancestors 'none'
Content-Length: 424
Content-Type: application/json; charset=UTF-8

22:51:15.591 [AsyncHttpClient-1-3] DEBUG org.asynchttpclient.netty.channel.ChannelManager - Adding key: http://localhost:49583 for channel [id: 0x614a90cf, L:/127.0.0.1:49595 - R:localhost/127.0.0.1:49583]
22:51:15.599 [main] DEBUG io.netty.util.internal.ThreadLocalRandom - -Dio.netty.initialSeedUniquifier: 0x4fc9934d3face9fd
22:51:15.602 [AsyncHttpClient-1-4] DEBUG org.asynchttpclient.netty.channel.NettyConnectListener - Using new Channel '[id: 0x544a13f6, L:/127.0.0.1:49596 - R:localhost/127.0.0.1:49583]' for 'GET' to '/devtools/browser/c5b0a022-40f7-4336-9761-967ffb78c0da'
22:51:15.605 [AsyncHttpClient-1-4] DEBUG org.asynchttpclient.netty.handler.WebSocketHandler - 

Request DefaultFullHttpRequest(decodeResult: success, version: HTTP/1.1, content: EmptyByteBufBE)
GET /devtools/browser/c5b0a022-40f7-4336-9761-967ffb78c0da HTTP/1.1
upgrade: websocket
connection: upgrade
sec-websocket-key: 1DBsq3EJGeDnXJ1Umd89Qw==
sec-websocket-version: 13
origin: http://localhost:49583
host: localhost:49583
accept: */*
user-agent: AHC/2.1

Response DefaultHttpResponse(decodeResult: success, version: HTTP/1.1)
HTTP/1.1 101 WebSocket Protocol Handshake
Upgrade: WebSocket
Connection: Upgrade
Sec-WebSocket-Accept: WqEfx0mQAUKxZol2VUaZAZzr4a8=

22:51:15.688 [AsyncHttpClient-1-5] DEBUG org.asynchttpclient.netty.channel.NettyConnectListener - Using new Channel '[id: 0x3c65f5d0, L:/127.0.0.1:49600 - R:localhost/127.0.0.1:52540]' for 'POST' to '/session'
22:51:16.285 [AsyncHttpClient-1-5] DEBUG org.asynchttpclient.netty.handler.HttpHandler - 

Request DefaultHttpRequest(decodeResult: success, version: HTTP/1.1)
POST /session HTTP/1.1
User-Agent: selenium/4.1.4 (java windows)
Content-Length: 439
Content-Type: application/json; charset=utf-8
host: localhost:52540
accept: */*

Response DefaultHttpResponse(decodeResult: success, version: HTTP/1.1)
HTTP/1.1 200 OK
Content-Length: 857
Content-Type: application/json; charset=utf-8
cache-control: no-cache

22:51:16.286 [AsyncHttpClient-1-5] DEBUG org.asynchttpclient.netty.channel.ChannelManager - Adding key: http://localhost:52540 for channel [id: 0x3c65f5d0, L:/127.0.0.1:49600 - R:localhost/127.0.0.1:52540]
22:51:16.302 [AsyncHttpClient-1-6] DEBUG org.asynchttpclient.netty.channel.NettyConnectListener - Using new Channel '[id: 0x46f8b64a, L:/127.0.0.1:49608 - R:localhost/127.0.0.1:49602]' for 'GET' to '/json/version'
22:51:16.307 [AsyncHttpClient-1-6] DEBUG org.asynchttpclient.netty.handler.HttpHandler - 

Request DefaultFullHttpRequest(decodeResult: success, version: HTTP/1.1, content: EmptyByteBufBE)
GET /json/version HTTP/1.1
User-Agent: selenium/4.1.4 (java windows)
host: localhost:49602
accept: */*

Response DefaultHttpResponse(decodeResult: success, version: HTTP/1.1)
HTTP/1.1 200 OK
Content-Security-Policy: frame-ancestors 'none'
Content-Length: 424
Content-Type: application/json; charset=UTF-8

22:51:16.308 [AsyncHttpClient-1-6] DEBUG org.asynchttpclient.netty.channel.ChannelManager - Adding key: http://localhost:49602 for channel [id: 0x46f8b64a, L:/127.0.0.1:49608 - R:localhost/127.0.0.1:49602]
22:51:16.310 [AsyncHttpClient-1-7] DEBUG org.asynchttpclient.netty.channel.NettyConnectListener - Using new Channel '[id: 0x97312490, L:/127.0.0.1:49609 - R:localhost/127.0.0.1:49602]' for 'GET' to '/devtools/browser/d3508e60-40b2-4f0e-81b8-efb16fb2eb88'
22:51:16.313 [AsyncHttpClient-1-7] DEBUG org.asynchttpclient.netty.handler.WebSocketHandler - 

Request DefaultFullHttpRequest(decodeResult: success, version: HTTP/1.1, content: EmptyByteBufBE)
GET /devtools/browser/d3508e60-40b2-4f0e-81b8-efb16fb2eb88 HTTP/1.1
upgrade: websocket
connection: upgrade
sec-websocket-key: nsfniyn1NT3eXM7SgRr36A==
sec-websocket-version: 13
origin: http://localhost:49602
host: localhost:49602
accept: */*
user-agent: AHC/2.1

Response DefaultHttpResponse(decodeResult: success, version: HTTP/1.1)
HTTP/1.1 101 WebSocket Protocol Handshake
Upgrade: WebSocket
Connection: Upgrade
Sec-WebSocket-Accept: 8w14zUhG8GBktepI3lzi8e4c63s=

22:51:16.390 [AsyncHttpClient-1-8] DEBUG org.asynchttpclient.netty.channel.NettyConnectListener - Using new Channel '[id: 0x5346e2a0, L:/127.0.0.1:49613 - R:localhost/127.0.0.1:61742]' for 'POST' to '/session'
22:51:16.586 [AsyncHttpClient-1-1] DEBUG org.asynchttpclient.netty.channel.DefaultChannelPool - Entry count for : http://localhost:49583 : 1
22:51:16.587 [AsyncHttpClient-1-1] DEBUG org.asynchttpclient.netty.channel.DefaultChannelPool - Entry count for : http://localhost:52540 : 1
22:51:16.587 [AsyncHttpClient-1-1] DEBUG org.asynchttpclient.netty.channel.DefaultChannelPool - Entry count for : http://localhost:49602 : 1
22:51:16.587 [AsyncHttpClient-1-1] DEBUG org.asynchttpclient.netty.channel.DefaultChannelPool - Entry count for : http://localhost:58415 : 1
22:51:16.949 [AsyncHttpClient-1-8] DEBUG org.asynchttpclient.netty.handler.HttpHandler - 

Request DefaultHttpRequest(decodeResult: success, version: HTTP/1.1)
POST /session HTTP/1.1
User-Agent: selenium/4.1.4 (java windows)
Content-Length: 439
Content-Type: application/json; charset=utf-8
host: localhost:61742
accept: */*

Response DefaultHttpResponse(decodeResult: success, version: HTTP/1.1)
HTTP/1.1 200 OK
Content-Length: 857
Content-Type: application/json; charset=utf-8
cache-control: no-cache

22:51:16.949 [AsyncHttpClient-1-8] DEBUG org.asynchttpclient.netty.channel.ChannelManager - Adding key: http://localhost:61742 for channel [id: 0x5346e2a0, L:/127.0.0.1:49613 - R:localhost/127.0.0.1:61742]
22:51:16.956 [AsyncHttpClient-1-9] DEBUG org.asynchttpclient.netty.channel.NettyConnectListener - Using new Channel '[id: 0xb1b536e6, L:/127.0.0.1:49621 - R:localhost/127.0.0.1:49615]' for 'GET' to '/json/version'
22:51:16.959 [AsyncHttpClient-1-9] DEBUG org.asynchttpclient.netty.handler.HttpHandler - 

Request DefaultFullHttpRequest(decodeResult: success, version: HTTP/1.1, content: EmptyByteBufBE)
GET /json/version HTTP/1.1
User-Agent: selenium/4.1.4 (java windows)
host: localhost:49615
accept: */*

Response DefaultHttpResponse(decodeResult: success, version: HTTP/1.1)
HTTP/1.1 200 OK
Content-Security-Policy: frame-ancestors 'none'
Content-Length: 424
Content-Type: application/json; charset=UTF-8

22:51:16.959 [AsyncHttpClient-1-9] DEBUG org.asynchttpclient.netty.channel.ChannelManager - Adding key: http://localhost:49615 for channel [id: 0xb1b536e6, L:/127.0.0.1:49621 - R:localhost/127.0.0.1:49615]
22:51:16.962 [AsyncHttpClient-1-10] DEBUG org.asynchttpclient.netty.channel.NettyConnectListener - Using new Channel '[id: 0x186fe1d9, L:/127.0.0.1:49622 - R:localhost/127.0.0.1:49615]' for 'GET' to '/devtools/browser/419b59e9-fc7f-4216-8315-1c2782c107ee'
22:51:16.964 [AsyncHttpClient-1-10] DEBUG org.asynchttpclient.netty.handler.WebSocketHandler - 

Request DefaultFullHttpRequest(decodeResult: success, version: HTTP/1.1, content: EmptyByteBufBE)
GET /devtools/browser/419b59e9-fc7f-4216-8315-1c2782c107ee HTTP/1.1
upgrade: websocket
connection: upgrade
sec-websocket-key: +2Oob3K35bwp1kR00ib2kQ==
sec-websocket-version: 13
origin: http://localhost:49615
host: localhost:49615
accept: */*
user-agent: AHC/2.1

Response DefaultHttpResponse(decodeResult: success, version: HTTP/1.1)
HTTP/1.1 101 WebSocket Protocol Handshake
Upgrade: WebSocket
Connection: Upgrade
Sec-WebSocket-Accept: 0rY/+OPKvHYLaUDm0qLy9WZ/w/Q=

22:51:16.994 [Forwarding get on session 042300cbb25c68c1356ff28844e839a2 to remote] DEBUG org.asynchttpclient.netty.request.NettyRequestSender - Using pooled Channel '[id: 0x25f76640, L:/127.0.0.1:49581 - R:localhost/127.0.0.1:58415]' for 'POST' to 'http://localhost:58415/session/042300cbb25c68c1356ff28844e839a2/url'
22:51:16.994 [Forwarding get on session 042300cbb25c68c1356ff28844e839a2 to remote] DEBUG org.asynchttpclient.netty.request.NettyRequestSender - Using open Channel [id: 0x25f76640, L:/127.0.0.1:49581 - R:localhost/127.0.0.1:58415] for POST '/session/042300cbb25c68c1356ff28844e839a2/url'
22:51:17.043 [AsyncHttpClient-1-2] DEBUG org.asynchttpclient.netty.handler.HttpHandler - 

Request DefaultHttpRequest(decodeResult: success, version: HTTP/1.1)
POST /session/042300cbb25c68c1356ff28844e839a2/url HTTP/1.1
User-Agent: selenium/4.1.4 (java windows)
Content-Length: 55
Content-Type: application/json; charset=utf-8
host: localhost:58415
accept: */*

Response DefaultHttpResponse(decodeResult: success, version: HTTP/1.1)
HTTP/1.1 200 OK
Content-Length: 14
Content-Type: application/json; charset=utf-8
cache-control: no-cache

22:51:17.043 [AsyncHttpClient-1-2] DEBUG org.asynchttpclient.netty.channel.ChannelManager - Adding key: http://localhost:58415 for channel [id: 0x25f76640, L:/127.0.0.1:49581 - R:localhost/127.0.0.1:58415]
22:51:17.047 [Forwarding findElement on session 042300cbb25c68c1356ff28844e839a2 to remote] DEBUG org.asynchttpclient.netty.request.NettyRequestSender - Using pooled Channel '[id: 0x25f76640, L:/127.0.0.1:49581 - R:localhost/127.0.0.1:58415]' for 'POST' to 'http://localhost:58415/session/042300cbb25c68c1356ff28844e839a2/element'
22:51:17.047 [Forwarding findElement on session 042300cbb25c68c1356ff28844e839a2 to remote] DEBUG org.asynchttpclient.netty.request.NettyRequestSender - Using open Channel [id: 0x25f76640, L:/127.0.0.1:49581 - R:localhost/127.0.0.1:58415] for POST '/session/042300cbb25c68c1356ff28844e839a2/element'
22:51:17.065 [AsyncHttpClient-1-2] DEBUG org.asynchttpclient.netty.handler.HttpHandler - 

Request DefaultHttpRequest(decodeResult: success, version: HTTP/1.1)
POST /session/042300cbb25c68c1356ff28844e839a2/element HTTP/1.1
User-Agent: selenium/4.1.4 (java windows)
Content-Length: 53
Content-Type: application/json; charset=utf-8
host: localhost:58415
accept: */*

Response DefaultHttpResponse(decodeResult: success, version: HTTP/1.1)
HTTP/1.1 404 Not Found
Content-Length: 964
Content-Type: application/json; charset=utf-8
cache-control: no-cache

22:51:17.066 [AsyncHttpClient-1-2] DEBUG org.asynchttpclient.netty.channel.ChannelManager - Adding key: http://localhost:58415 for channel [id: 0x25f76640, L:/127.0.0.1:49581 - R:localhost/127.0.0.1:58415]
]]></system-out>
    <system-err><![CDATA[Starting ChromeDriver 114.0.5735.90 (386bc09e8f4f2e025eddae123f36f6263096ae49-refs/branch-heads/5735@{#1052}) on port 58415
Only local connections are allowed.
Please see https://chromedriver.chromium.org/security-considerations for suggestions on keeping ChromeDriver safe.
ChromeDriver was started successfully.
[1691869875.465][WARNING]: This version of ChromeDriver has not been tested with Chrome version 115.
Aug 12, 2023 10:51:15 PM org.openqa.selenium.remote.ProtocolHandshake createSession
INFO: Detected dialect: W3C
Aug 12, 2023 10:51:15 PM org.openqa.selenium.devtools.CdpVersionFinder findNearestMatch
WARNING: Unable to find an exact match for CDP version 115, so returning the closest version found: a no-op implementation
Aug 12, 2023 10:51:15 PM org.openqa.selenium.devtools.CdpVersionFinder findNearestMatch
INFO: Unable to find CDP implementation matching 115.
Aug 12, 2023 10:51:15 PM org.openqa.selenium.chromium.ChromiumDriver lambda$new$3
WARNING: Unable to find version of CDP to use for . You may need to include a dependency on a specific version of the CDP using something similar to `org.seleniumhq.selenium:selenium-devtools-v86:4.1.4` where the version ("v86") matches the version of the chromium-based browser you're using and the version number of the artifact is the same as Selenium's.
Starting ChromeDriver 114.0.5735.90 (386bc09e8f4f2e025eddae123f36f6263096ae49-refs/branch-heads/5735@{#1052}) on port 52540
Only local connections are allowed.
Please see https://chromedriver.chromium.org/security-considerations for suggestions on keeping ChromeDriver safe.
ChromeDriver was started successfully.
[1691869876.263][WARNING]: This version of ChromeDriver has not been tested with Chrome version 115.
Aug 12, 2023 10:51:16 PM org.openqa.selenium.remote.ProtocolHandshake createSession
INFO: Detected dialect: W3C
Aug 12, 2023 10:51:16 PM org.openqa.selenium.devtools.CdpVersionFinder findNearestMatch
WARNING: Unable to find an exact match for CDP version 115, so returning the closest version found: a no-op implementation
Aug 12, 2023 10:51:16 PM org.openqa.selenium.devtools.CdpVersionFinder findNearestMatch
INFO: Unable to find CDP implementation matching 115.
Aug 12, 2023 10:51:16 PM org.openqa.selenium.chromium.ChromiumDriver lambda$new$3
WARNING: Unable to find version of CDP to use for . You may need to include a dependency on a specific version of the CDP using something similar to `org.seleniumhq.selenium:selenium-devtools-v86:4.1.4` where the version ("v86") matches the version of the chromium-based browser you're using and the version number of the artifact is the same as Selenium's.
Starting ChromeDriver 114.0.5735.90 (386bc09e8f4f2e025eddae123f36f6263096ae49-refs/branch-heads/5735@{#1052}) on port 61742
Only local connections are allowed.
Please see https://chromedriver.chromium.org/security-considerations for suggestions on keeping ChromeDriver safe.
ChromeDriver was started successfully.
[1691869876.929][WARNING]: This version of ChromeDriver has not been tested with Chrome version 115.
Aug 12, 2023 10:51:16 PM org.openqa.selenium.remote.ProtocolHandshake createSession
INFO: Detected dialect: W3C
Aug 12, 2023 10:51:16 PM org.openqa.selenium.devtools.CdpVersionFinder findNearestMatch
WARNING: Unable to find an exact match for CDP version 115, so returning the closest version found: a no-op implementation
Aug 12, 2023 10:51:16 PM org.openqa.selenium.devtools.CdpVersionFinder findNearestMatch
INFO: Unable to find CDP implementation matching 115.
Aug 12, 2023 10:51:16 PM org.openqa.selenium.chromium.ChromiumDriver lambda$new$3
WARNING: Unable to find version of CDP to use for . You may need to include a dependency on a specific version of the CDP using something similar to `org.seleniumhq.selenium:selenium-devtools-v86:4.1.4` where the version ("v86") matches the version of the chromium-based browser you're using and the version number of the artifact is the same as Selenium's.
]]></system-err>
  </testcase>
  <testcase name="winGameTest" classname="com.game_classes.GameUiTest" time="0.024">
    <failure message="no such element: Unable to locate element: {&quot;method&quot;:&quot;css selector&quot;,&quot;selector&quot;:&quot;#word_num&quot;}&#10;  (Session info: chrome=115.0.5790.171)&#10;For documentation on this error, please visit: https://selenium.dev/exceptions/#no_such_element&#10;Build info: version: &apos;4.1.4&apos;, revision: &apos;535d840ee2&apos;&#10;System info: host: &apos;DESKTOP-TUFNRNQ&apos;, ip: &apos;192.168.0.102&apos;, os.name: &apos;Windows 10&apos;, os.arch: &apos;amd64&apos;, os.version: &apos;10.0&apos;, java.version: &apos;18.0.2.1&apos;&#10;Driver info: org.openqa.selenium.chrome.ChromeDriver&#10;Command: [042300cbb25c68c1356ff28844e839a2, findElement {using=id, value=word_num}]&#10;Capabilities {acceptInsecureCerts: false, browserName: chrome, browserVersion: 115.0.5790.171, chrome: {chromedriverVersion: 114.0.5735.90 (386bc09e8f4f..., userDataDir: C:\Users\HP\AppData\Local\T...}, goog:chromeOptions: {debuggerAddress: localhost:49583}, javascriptEnabled: true, networkConnectionEnabled: false, pageLoadStrategy: normal, platform: WINDOWS, platformName: WINDOWS, proxy: Proxy(), se:cdp: ws://localhost:49583/devtoo..., se:cdpVersion: 115.0.5790.171, setWindowRect: true, strictFileInteractability: false, timeouts: {implicit: 0, pageLoad: 300000, script: 30000}, unhandledPromptBehavior: dismiss and notify, webauthn:extension:credBlob: true, webauthn:extension:largeBlob: true, webauthn:extension:minPinLength: true, webauthn:extension:prf: true, webauthn:virtualAuthenticators: true}&#10;Session ID: 042300cbb25c68c1356ff28844e839a2" type="org.openqa.selenium.NoSuchElementException">org.openqa.selenium.NoSuchElementException: 
no such element: Unable to locate element: {"method":"css selector","selector":"#word_num"}
  (Session info: chrome=115.0.5790.171)
For documentation on this error, please visit: https://selenium.dev/exceptions/#no_such_element
Build info: version: '4.1.4', revision: '535d840ee2'
System info: host: 'DESKTOP-TUFNRNQ', ip: '192.168.0.102', os.name: 'Windows 10', os.arch: 'amd64', os.version: '10.0', java.version: '18.0.2.1'
Driver info: org.openqa.selenium.chrome.ChromeDriver
Command: [042300cbb25c68c1356ff28844e839a2, findElement {using=id, value=word_num}]
Capabilities {acceptInsecureCerts: false, browserName: chrome, browserVersion: 115.0.5790.171, chrome: {chromedriverVersion: 114.0.5735.90 (386bc09e8f4f..., userDataDir: C:\Users\HP\AppData\Local\T...}, goog:chromeOptions: {debuggerAddress: localhost:49583}, javascriptEnabled: true, networkConnectionEnabled: false, pageLoadStrategy: normal, platform: WINDOWS, platformName: WINDOWS, proxy: Proxy(), se:cdp: ws://localhost:49583/devtoo..., se:cdpVersion: 115.0.5790.171, setWindowRect: true, strictFileInteractability: false, timeouts: {implicit: 0, pageLoad: 300000, script: 30000}, unhandledPromptBehavior: dismiss and notify, webauthn:extension:credBlob: true, webauthn:extension:largeBlob: true, webauthn:extension:minPinLength: true, webauthn:extension:prf: true, webauthn:virtualAuthenticators: true}
Session ID: 042300cbb25c68c1356ff28844e839a2
	at com.game_classes.GameUiTest.winGameTest(GameUiTest.java:36)
</failure>
    <system-out><![CDATA[22:51:17.085 [Forwarding get on session 042300cbb25c68c1356ff28844e839a2 to remote] DEBUG org.asynchttpclient.netty.request.NettyRequestSender - Using pooled Channel '[id: 0x25f76640, L:/127.0.0.1:49581 - R:localhost/127.0.0.1:58415]' for 'POST' to 'http://localhost:58415/session/042300cbb25c68c1356ff28844e839a2/url'
22:51:17.085 [Forwarding get on session 042300cbb25c68c1356ff28844e839a2 to remote] DEBUG org.asynchttpclient.netty.request.NettyRequestSender - Using open Channel [id: 0x25f76640, L:/127.0.0.1:49581 - R:localhost/127.0.0.1:58415] for POST '/session/042300cbb25c68c1356ff28844e839a2/url'
22:51:17.096 [AsyncHttpClient-1-2] DEBUG org.asynchttpclient.netty.handler.HttpHandler - 

Request DefaultHttpRequest(decodeResult: success, version: HTTP/1.1)
POST /session/042300cbb25c68c1356ff28844e839a2/url HTTP/1.1
User-Agent: selenium/4.1.4 (java windows)
Content-Length: 55
Content-Type: application/json; charset=utf-8
host: localhost:58415
accept: */*

Response DefaultHttpResponse(decodeResult: success, version: HTTP/1.1)
HTTP/1.1 200 OK
Content-Length: 14
Content-Type: application/json; charset=utf-8
cache-control: no-cache

22:51:17.097 [AsyncHttpClient-1-2] DEBUG org.asynchttpclient.netty.channel.ChannelManager - Adding key: http://localhost:58415 for channel [id: 0x25f76640, L:/127.0.0.1:49581 - R:localhost/127.0.0.1:58415]
22:51:17.098 [Forwarding findElement on session 042300cbb25c68c1356ff28844e839a2 to remote] DEBUG org.asynchttpclient.netty.request.NettyRequestSender - Using pooled Channel '[id: 0x25f76640, L:/127.0.0.1:49581 - R:localhost/127.0.0.1:58415]' for 'POST' to 'http://localhost:58415/session/042300cbb25c68c1356ff28844e839a2/element'
22:51:17.098 [Forwarding findElement on session 042300cbb25c68c1356ff28844e839a2 to remote] DEBUG org.asynchttpclient.netty.request.NettyRequestSender - Using open Channel [id: 0x25f76640, L:/127.0.0.1:49581 - R:localhost/127.0.0.1:58415] for POST '/session/042300cbb25c68c1356ff28844e839a2/element'
22:51:17.107 [AsyncHttpClient-1-2] DEBUG org.asynchttpclient.netty.handler.HttpHandler - 

Request DefaultHttpRequest(decodeResult: success, version: HTTP/1.1)
POST /session/042300cbb25c68c1356ff28844e839a2/element HTTP/1.1
User-Agent: selenium/4.1.4 (java windows)
Content-Length: 53
Content-Type: application/json; charset=utf-8
host: localhost:58415
accept: */*

Response DefaultHttpResponse(decodeResult: success, version: HTTP/1.1)
HTTP/1.1 404 Not Found
Content-Length: 964
Content-Type: application/json; charset=utf-8
cache-control: no-cache

22:51:17.107 [AsyncHttpClient-1-2] DEBUG org.asynchttpclient.netty.channel.ChannelManager - Adding key: http://localhost:58415 for channel [id: 0x25f76640, L:/127.0.0.1:49581 - R:localhost/127.0.0.1:58415]
]]></system-out>
  </testcase>
  <testcase name="createUserTest" classname="com.game_classes.UsersUITest" time="0.064">
    <failure message="no such element: Unable to locate element: {&quot;method&quot;:&quot;css selector&quot;,&quot;selector&quot;:&quot;#openAddModal&quot;}&#10;  (Session info: chrome=115.0.5790.171)&#10;For documentation on this error, please visit: https://selenium.dev/exceptions/#no_such_element&#10;Build info: version: &apos;4.1.4&apos;, revision: &apos;535d840ee2&apos;&#10;System info: host: &apos;DESKTOP-TUFNRNQ&apos;, ip: &apos;192.168.0.102&apos;, os.name: &apos;Windows 10&apos;, os.arch: &apos;amd64&apos;, os.version: &apos;10.0&apos;, java.version: &apos;18.0.2.1&apos;&#10;Driver info: org.openqa.selenium.chrome.ChromeDriver&#10;Command: [d665d845e6dd79e2b879d389e36ce5df, findElement {using=id, value=openAddModal}]&#10;Capabilities {acceptInsecureCerts: false, browserName: chrome, browserVersion: 115.0.5790.171, chrome: {chromedriverVersion: 114.0.5735.90 (386bc09e8f4f..., userDataDir: C:\Users\HP\AppData\Local\T...}, goog:chromeOptions: {debuggerAddress: localhost:49615}, javascriptEnabled: true, networkConnectionEnabled: false, pageLoadStrategy: normal, platform: WINDOWS, platformName: WINDOWS, proxy: Proxy(), se:cdp: ws://localhost:49615/devtoo..., se:cdpVersion: 115.0.5790.171, setWindowRect: true, strictFileInteractability: false, timeouts: {implicit: 0, pageLoad: 300000, script: 30000}, unhandledPromptBehavior: dismiss and notify, webauthn:extension:credBlob: true, webauthn:extension:largeBlob: true, webauthn:extension:minPinLength: true, webauthn:extension:prf: true, webauthn:virtualAuthenticators: true}&#10;Session ID: d665d845e6dd79e2b879d389e36ce5df" type="org.openqa.selenium.NoSuchElementException">org.openqa.selenium.NoSuchElementException: 
no such element: Unable to locate element: {"method":"css selector","selector":"#openAddModal"}
  (Session info: chrome=115.0.5790.171)
For documentation on this error, please visit: https://selenium.dev/exceptions/#no_such_element
Build info: version: '4.1.4', revision: '535d840ee2'
System info: host: 'DESKTOP-TUFNRNQ', ip: '192.168.0.102', os.name: 'Windows 10', os.arch: 'amd64', os.version: '10.0', java.version: '18.0.2.1'
Driver info: org.openqa.selenium.chrome.ChromeDriver
Command: [d665d845e6dd79e2b879d389e36ce5df, findElement {using=id, value=openAddModal}]
Capabilities {acceptInsecureCerts: false, browserName: chrome, browserVersion: 115.0.5790.171, chrome: {chromedriverVersion: 114.0.5735.90 (386bc09e8f4f..., userDataDir: C:\Users\HP\AppData\Local\T...}, goog:chromeOptions: {debuggerAddress: localhost:49615}, javascriptEnabled: true, networkConnectionEnabled: false, pageLoadStrategy: normal, platform: WINDOWS, platformName: WINDOWS, proxy: Proxy(), se:cdp: ws://localhost:49615/devtoo..., se:cdpVersion: 115.0.5790.171, setWindowRect: true, strictFileInteractability: false, timeouts: {implicit: 0, pageLoad: 300000, script: 30000}, unhandledPromptBehavior: dismiss and notify, webauthn:extension:credBlob: true, webauthn:extension:largeBlob: true, webauthn:extension:minPinLength: true, webauthn:extension:prf: true, webauthn:virtualAuthenticators: true}
Session ID: d665d845e6dd79e2b879d389e36ce5df
	at com.game_classes.UsersUITest.createUserTest(UsersUITest.java:30)
</failure>
    <system-out><![CDATA[22:51:17.111 [Forwarding get on session d665d845e6dd79e2b879d389e36ce5df to remote] DEBUG org.asynchttpclient.netty.request.NettyRequestSender - Using pooled Channel '[id: 0x5346e2a0, L:/127.0.0.1:49613 - R:localhost/127.0.0.1:61742]' for 'POST' to 'http://localhost:61742/session/d665d845e6dd79e2b879d389e36ce5df/url'
22:51:17.111 [Forwarding get on session d665d845e6dd79e2b879d389e36ce5df to remote] DEBUG org.asynchttpclient.netty.request.NettyRequestSender - Using open Channel [id: 0x5346e2a0, L:/127.0.0.1:49613 - R:localhost/127.0.0.1:61742] for POST '/session/d665d845e6dd79e2b879d389e36ce5df/url'
22:51:17.153 [AsyncHttpClient-1-8] DEBUG org.asynchttpclient.netty.handler.HttpHandler - 

Request DefaultHttpRequest(decodeResult: success, version: HTTP/1.1)
POST /session/d665d845e6dd79e2b879d389e36ce5df/url HTTP/1.1
User-Agent: selenium/4.1.4 (java windows)
Content-Length: 57
Content-Type: application/json; charset=utf-8
host: localhost:61742
accept: */*

Response DefaultHttpResponse(decodeResult: success, version: HTTP/1.1)
HTTP/1.1 200 OK
Content-Length: 14
Content-Type: application/json; charset=utf-8
cache-control: no-cache

22:51:17.153 [AsyncHttpClient-1-8] DEBUG org.asynchttpclient.netty.channel.ChannelManager - Adding key: http://localhost:61742 for channel [id: 0x5346e2a0, L:/127.0.0.1:49613 - R:localhost/127.0.0.1:61742]
22:51:17.155 [Forwarding findElement on session d665d845e6dd79e2b879d389e36ce5df to remote] DEBUG org.asynchttpclient.netty.request.NettyRequestSender - Using pooled Channel '[id: 0x5346e2a0, L:/127.0.0.1:49613 - R:localhost/127.0.0.1:61742]' for 'POST' to 'http://localhost:61742/session/d665d845e6dd79e2b879d389e36ce5df/element'
22:51:17.156 [Forwarding findElement on session d665d845e6dd79e2b879d389e36ce5df to remote] DEBUG org.asynchttpclient.netty.request.NettyRequestSender - Using open Channel [id: 0x5346e2a0, L:/127.0.0.1:49613 - R:localhost/127.0.0.1:61742] for POST '/session/d665d845e6dd79e2b879d389e36ce5df/element'
22:51:17.171 [AsyncHttpClient-1-8] DEBUG org.asynchttpclient.netty.handler.HttpHandler - 

Request DefaultHttpRequest(decodeResult: success, version: HTTP/1.1)
POST /session/d665d845e6dd79e2b879d389e36ce5df/element HTTP/1.1
User-Agent: selenium/4.1.4 (java windows)
Content-Length: 57
Content-Type: application/json; charset=utf-8
host: localhost:61742
accept: */*

Response DefaultHttpResponse(decodeResult: success, version: HTTP/1.1)
HTTP/1.1 404 Not Found
Content-Length: 968
Content-Type: application/json; charset=utf-8
cache-control: no-cache

22:51:17.172 [AsyncHttpClient-1-8] DEBUG org.asynchttpclient.netty.channel.ChannelManager - Adding key: http://localhost:61742 for channel [id: 0x5346e2a0, L:/127.0.0.1:49613 - R:localhost/127.0.0.1:61742]
]]></system-out>
  </testcase>
  <testcase name="deleteUserTest" classname="com.game_classes.UsersUITest" time="0.034">
    <failure message="no such element: Unable to locate element: {&quot;method&quot;:&quot;css selector&quot;,&quot;selector&quot;:&quot;#totalUsers&quot;}&#10;  (Session info: chrome=115.0.5790.171)&#10;For documentation on this error, please visit: https://selenium.dev/exceptions/#no_such_element&#10;Build info: version: &apos;4.1.4&apos;, revision: &apos;535d840ee2&apos;&#10;System info: host: &apos;DESKTOP-TUFNRNQ&apos;, ip: &apos;192.168.0.102&apos;, os.name: &apos;Windows 10&apos;, os.arch: &apos;amd64&apos;, os.version: &apos;10.0&apos;, java.version: &apos;18.0.2.1&apos;&#10;Driver info: org.openqa.selenium.chrome.ChromeDriver&#10;Command: [d665d845e6dd79e2b879d389e36ce5df, findElement {using=id, value=totalUsers}]&#10;Capabilities {acceptInsecureCerts: false, browserName: chrome, browserVersion: 115.0.5790.171, chrome: {chromedriverVersion: 114.0.5735.90 (386bc09e8f4f..., userDataDir: C:\Users\HP\AppData\Local\T...}, goog:chromeOptions: {debuggerAddress: localhost:49615}, javascriptEnabled: true, networkConnectionEnabled: false, pageLoadStrategy: normal, platform: WINDOWS, platformName: WINDOWS, proxy: Proxy(), se:cdp: ws://localhost:49615/devtoo..., se:cdpVersion: 115.0.5790.171, setWindowRect: true, strictFileInteractability: false, timeouts: {implicit: 0, pageLoad: 300000, script: 30000}, unhandledPromptBehavior: dismiss and notify, webauthn:extension:credBlob: true, webauthn:extension:largeBlob: true, webauthn:extension:minPinLength: true, webauthn:extension:prf: true, webauthn:virtualAuthenticators: true}&#10;Session ID: d665d845e6dd79e2b879d389e36ce5df" type="org.openqa.selenium.NoSuchElementException">org.openqa.selenium.NoSuchElementException: 
no such element: Unable to locate element: {"method":"css selector","selector":"#totalUsers"}
  (Session info: chrome=115.0.5790.171)
For documentation on this error, please visit: https://selenium.dev/exceptions/#no_such_element
Build info: version: '4.1.4', revision: '535d840ee2'
System info: host: 'DESKTOP-TUFNRNQ', ip: '192.168.0.102', os.name: 'Windows 10', os.arch: 'amd64', os.version: '10.0', java.version: '18.0.2.1'
Driver info: org.openqa.selenium.chrome.ChromeDriver
Command: [d665d845e6dd79e2b879d389e36ce5df, findElement {using=id, value=totalUsers}]
Capabilities {acceptInsecureCerts: false, browserName: chrome, browserVersion: 115.0.5790.171, chrome: {chromedriverVersion: 114.0.5735.90 (386bc09e8f4f..., userDataDir: C:\Users\HP\AppData\Local\T...}, goog:chromeOptions: {debuggerAddress: localhost:49615}, javascriptEnabled: true, networkConnectionEnabled: false, pageLoadStrategy: normal, platform: WINDOWS, platformName: WINDOWS, proxy: Proxy(), se:cdp: ws://localhost:49615/devtoo..., se:cdpVersion: 115.0.5790.171, setWindowRect: true, strictFileInteractability: false, timeouts: {implicit: 0, pageLoad: 300000, script: 30000}, unhandledPromptBehavior: dismiss and notify, webauthn:extension:credBlob: true, webauthn:extension:largeBlob: true, webauthn:extension:minPinLength: true, webauthn:extension:prf: true, webauthn:virtualAuthenticators: true}
Session ID: d665d845e6dd79e2b879d389e36ce5df
	at com.game_classes.UsersUITest.deleteUserTest(UsersUITest.java:142)
</failure>
    <system-out><![CDATA[22:51:17.175 [Forwarding get on session d665d845e6dd79e2b879d389e36ce5df to remote] DEBUG org.asynchttpclient.netty.request.NettyRequestSender - Using pooled Channel '[id: 0x5346e2a0, L:/127.0.0.1:49613 - R:localhost/127.0.0.1:61742]' for 'POST' to 'http://localhost:61742/session/d665d845e6dd79e2b879d389e36ce5df/url'
22:51:17.175 [Forwarding get on session d665d845e6dd79e2b879d389e36ce5df to remote] DEBUG org.asynchttpclient.netty.request.NettyRequestSender - Using open Channel [id: 0x5346e2a0, L:/127.0.0.1:49613 - R:localhost/127.0.0.1:61742] for POST '/session/d665d845e6dd79e2b879d389e36ce5df/url'
22:51:17.193 [AsyncHttpClient-1-8] DEBUG org.asynchttpclient.netty.handler.HttpHandler - 

Request DefaultHttpRequest(decodeResult: success, version: HTTP/1.1)
POST /session/d665d845e6dd79e2b879d389e36ce5df/url HTTP/1.1
User-Agent: selenium/4.1.4 (java windows)
Content-Length: 57
Content-Type: application/json; charset=utf-8
host: localhost:61742
accept: */*

Response DefaultHttpResponse(decodeResult: success, version: HTTP/1.1)
HTTP/1.1 200 OK
Content-Length: 14
Content-Type: application/json; charset=utf-8
cache-control: no-cache

22:51:17.193 [AsyncHttpClient-1-8] DEBUG org.asynchttpclient.netty.channel.ChannelManager - Adding key: http://localhost:61742 for channel [id: 0x5346e2a0, L:/127.0.0.1:49613 - R:localhost/127.0.0.1:61742]
22:51:17.195 [Forwarding findElement on session d665d845e6dd79e2b879d389e36ce5df to remote] DEBUG org.asynchttpclient.netty.request.NettyRequestSender - Using pooled Channel '[id: 0x5346e2a0, L:/127.0.0.1:49613 - R:localhost/127.0.0.1:61742]' for 'POST' to 'http://localhost:61742/session/d665d845e6dd79e2b879d389e36ce5df/element'
22:51:17.195 [Forwarding findElement on session d665d845e6dd79e2b879d389e36ce5df to remote] DEBUG org.asynchttpclient.netty.request.NettyRequestSender - Using open Channel [id: 0x5346e2a0, L:/127.0.0.1:49613 - R:localhost/127.0.0.1:61742] for POST '/session/d665d845e6dd79e2b879d389e36ce5df/element'
22:51:17.206 [AsyncHttpClient-1-8] DEBUG org.asynchttpclient.netty.handler.HttpHandler - 

Request DefaultHttpRequest(decodeResult: success, version: HTTP/1.1)
POST /session/d665d845e6dd79e2b879d389e36ce5df/element HTTP/1.1
User-Agent: selenium/4.1.4 (java windows)
Content-Length: 55
Content-Type: application/json; charset=utf-8
host: localhost:61742
accept: */*

Response DefaultHttpResponse(decodeResult: success, version: HTTP/1.1)
HTTP/1.1 404 Not Found
Content-Length: 966
Content-Type: application/json; charset=utf-8
cache-control: no-cache

22:51:17.206 [AsyncHttpClient-1-8] DEBUG org.asynchttpclient.netty.channel.ChannelManager - Adding key: http://localhost:61742 for channel [id: 0x5346e2a0, L:/127.0.0.1:49613 - R:localhost/127.0.0.1:61742]
]]></system-out>
  </testcase>
  <testcase name="updateUserTest" classname="com.game_classes.UsersUITest" time="0.029">
    <failure message="no such element: Unable to locate element: {&quot;method&quot;:&quot;tag name&quot;,&quot;selector&quot;:&quot;table&quot;}&#10;  (Session info: chrome=115.0.5790.171)&#10;For documentation on this error, please visit: https://selenium.dev/exceptions/#no_such_element&#10;Build info: version: &apos;4.1.4&apos;, revision: &apos;535d840ee2&apos;&#10;System info: host: &apos;DESKTOP-TUFNRNQ&apos;, ip: &apos;192.168.0.102&apos;, os.name: &apos;Windows 10&apos;, os.arch: &apos;amd64&apos;, os.version: &apos;10.0&apos;, java.version: &apos;18.0.2.1&apos;&#10;Driver info: org.openqa.selenium.chrome.ChromeDriver&#10;Command: [d665d845e6dd79e2b879d389e36ce5df, findElement {using=tag name, value=table}]&#10;Capabilities {acceptInsecureCerts: false, browserName: chrome, browserVersion: 115.0.5790.171, chrome: {chromedriverVersion: 114.0.5735.90 (386bc09e8f4f..., userDataDir: C:\Users\HP\AppData\Local\T...}, goog:chromeOptions: {debuggerAddress: localhost:49615}, javascriptEnabled: true, networkConnectionEnabled: false, pageLoadStrategy: normal, platform: WINDOWS, platformName: WINDOWS, proxy: Proxy(), se:cdp: ws://localhost:49615/devtoo..., se:cdpVersion: 115.0.5790.171, setWindowRect: true, strictFileInteractability: false, timeouts: {implicit: 0, pageLoad: 300000, script: 30000}, unhandledPromptBehavior: dismiss and notify, webauthn:extension:credBlob: true, webauthn:extension:largeBlob: true, webauthn:extension:minPinLength: true, webauthn:extension:prf: true, webauthn:virtualAuthenticators: true}&#10;Session ID: d665d845e6dd79e2b879d389e36ce5df" type="org.openqa.selenium.NoSuchElementException">org.openqa.selenium.NoSuchElementException: 
no such element: Unable to locate element: {"method":"tag name","selector":"table"}
  (Session info: chrome=115.0.5790.171)
For documentation on this error, please visit: https://selenium.dev/exceptions/#no_such_element
Build info: version: '4.1.4', revision: '535d840ee2'
System info: host: 'DESKTOP-TUFNRNQ', ip: '192.168.0.102', os.name: 'Windows 10', os.arch: 'amd64', os.version: '10.0', java.version: '18.0.2.1'
Driver info: org.openqa.selenium.chrome.ChromeDriver
Command: [d665d845e6dd79e2b879d389e36ce5df, findElement {using=tag name, value=table}]
Capabilities {acceptInsecureCerts: false, browserName: chrome, browserVersion: 115.0.5790.171, chrome: {chromedriverVersion: 114.0.5735.90 (386bc09e8f4f..., userDataDir: C:\Users\HP\AppData\Local\T...}, goog:chromeOptions: {debuggerAddress: localhost:49615}, javascriptEnabled: true, networkConnectionEnabled: false, pageLoadStrategy: normal, platform: WINDOWS, platformName: WINDOWS, proxy: Proxy(), se:cdp: ws://localhost:49615/devtoo..., se:cdpVersion: 115.0.5790.171, setWindowRect: true, strictFileInteractability: false, timeouts: {implicit: 0, pageLoad: 300000, script: 30000}, unhandledPromptBehavior: dismiss and notify, webauthn:extension:credBlob: true, webauthn:extension:largeBlob: true, webauthn:extension:minPinLength: true, webauthn:extension:prf: true, webauthn:virtualAuthenticators: true}
Session ID: d665d845e6dd79e2b879d389e36ce5df
	at com.game_classes.UsersUITest.updateUserTest(UsersUITest.java:85)
</failure>
    <system-out><![CDATA[22:51:17.209 [Forwarding get on session d665d845e6dd79e2b879d389e36ce5df to remote] DEBUG org.asynchttpclient.netty.request.NettyRequestSender - Using pooled Channel '[id: 0x5346e2a0, L:/127.0.0.1:49613 - R:localhost/127.0.0.1:61742]' for 'POST' to 'http://localhost:61742/session/d665d845e6dd79e2b879d389e36ce5df/url'
22:51:17.209 [Forwarding get on session d665d845e6dd79e2b879d389e36ce5df to remote] DEBUG org.asynchttpclient.netty.request.NettyRequestSender - Using open Channel [id: 0x5346e2a0, L:/127.0.0.1:49613 - R:localhost/127.0.0.1:61742] for POST '/session/d665d845e6dd79e2b879d389e36ce5df/url'
22:51:17.222 [AsyncHttpClient-1-8] DEBUG org.asynchttpclient.netty.handler.HttpHandler - 

Request DefaultHttpRequest(decodeResult: success, version: HTTP/1.1)
POST /session/d665d845e6dd79e2b879d389e36ce5df/url HTTP/1.1
User-Agent: selenium/4.1.4 (java windows)
Content-Length: 57
Content-Type: application/json; charset=utf-8
host: localhost:61742
accept: */*

Response DefaultHttpResponse(decodeResult: success, version: HTTP/1.1)
HTTP/1.1 200 OK
Content-Length: 14
Content-Type: application/json; charset=utf-8
cache-control: no-cache

22:51:17.222 [AsyncHttpClient-1-8] DEBUG org.asynchttpclient.netty.channel.ChannelManager - Adding key: http://localhost:61742 for channel [id: 0x5346e2a0, L:/127.0.0.1:49613 - R:localhost/127.0.0.1:61742]
22:51:17.224 [Forwarding findElement on session d665d845e6dd79e2b879d389e36ce5df to remote] DEBUG org.asynchttpclient.netty.request.NettyRequestSender - Using pooled Channel '[id: 0x5346e2a0, L:/127.0.0.1:49613 - R:localhost/127.0.0.1:61742]' for 'POST' to 'http://localhost:61742/session/d665d845e6dd79e2b879d389e36ce5df/element'
22:51:17.224 [Forwarding findElement on session d665d845e6dd79e2b879d389e36ce5df to remote] DEBUG org.asynchttpclient.netty.request.NettyRequestSender - Using open Channel [id: 0x5346e2a0, L:/127.0.0.1:49613 - R:localhost/127.0.0.1:61742] for POST '/session/d665d845e6dd79e2b879d389e36ce5df/element'
22:51:17.234 [AsyncHttpClient-1-8] DEBUG org.asynchttpclient.netty.handler.HttpHandler - 

Request DefaultHttpRequest(decodeResult: success, version: HTTP/1.1)
POST /session/d665d845e6dd79e2b879d389e36ce5df/element HTTP/1.1
User-Agent: selenium/4.1.4 (java windows)
Content-Length: 45
Content-Type: application/json; charset=utf-8
host: localhost:61742
accept: */*

Response DefaultHttpResponse(decodeResult: success, version: HTTP/1.1)
HTTP/1.1 404 Not Found
Content-Length: 956
Content-Type: application/json; charset=utf-8
cache-control: no-cache

22:51:17.234 [AsyncHttpClient-1-8] DEBUG org.asynchttpclient.netty.channel.ChannelManager - Adding key: http://localhost:61742 for channel [id: 0x5346e2a0, L:/127.0.0.1:49613 - R:localhost/127.0.0.1:61742]
]]></system-out>
  </testcase>
  <testcase name="createUser" classname="com.react_tests.ReactUiTest" time="2.888">
    <failure message="no such window: target window already closed&#10;from unknown error: web view not found&#10;  (Session info: chrome=115.0.5790.171)&#10;Build info: version: &apos;4.1.4&apos;, revision: &apos;535d840ee2&apos;&#10;System info: host: &apos;DESKTOP-TUFNRNQ&apos;, ip: &apos;192.168.0.102&apos;, os.name: &apos;Windows 10&apos;, os.arch: &apos;amd64&apos;, os.version: &apos;10.0&apos;, java.version: &apos;18.0.2.1&apos;&#10;Driver info: org.openqa.selenium.chrome.ChromeDriver&#10;Command: [ab28a4138872f5b6e1e30d2eb3576d31, findElement {using=id, value=AddBtn}]&#10;Capabilities {acceptInsecureCerts: false, browserName: chrome, browserVersion: 115.0.5790.171, chrome: {chromedriverVersion: 114.0.5735.90 (386bc09e8f4f..., userDataDir: C:\Users\HP\AppData\Local\T...}, goog:chromeOptions: {debuggerAddress: localhost:49602}, javascriptEnabled: true, networkConnectionEnabled: false, pageLoadStrategy: normal, platform: WINDOWS, platformName: WINDOWS, proxy: Proxy(), se:cdp: ws://localhost:49602/devtoo..., se:cdpVersion: 115.0.5790.171, setWindowRect: true, strictFileInteractability: false, timeouts: {implicit: 0, pageLoad: 300000, script: 30000}, unhandledPromptBehavior: dismiss and notify, webauthn:extension:credBlob: true, webauthn:extension:largeBlob: true, webauthn:extension:minPinLength: true, webauthn:extension:prf: true, webauthn:virtualAuthenticators: true}&#10;Session ID: ab28a4138872f5b6e1e30d2eb3576d31" type="org.openqa.selenium.NoSuchWindowException">org.openqa.selenium.NoSuchWindowException: 
no such window: target window already closed
from unknown error: web view not found
  (Session info: chrome=115.0.5790.171)
Build info: version: '4.1.4', revision: '535d840ee2'
System info: host: 'DESKTOP-TUFNRNQ', ip: '192.168.0.102', os.name: 'Windows 10', os.arch: 'amd64', os.version: '10.0', java.version: '18.0.2.1'
Driver info: org.openqa.selenium.chrome.ChromeDriver
Command: [ab28a4138872f5b6e1e30d2eb3576d31, findElement {using=id, value=AddBtn}]
Capabilities {acceptInsecureCerts: false, browserName: chrome, browserVersion: 115.0.5790.171, chrome: {chromedriverVersion: 114.0.5735.90 (386bc09e8f4f..., userDataDir: C:\Users\HP\AppData\Local\T...}, goog:chromeOptions: {debuggerAddress: localhost:49602}, javascriptEnabled: true, networkConnectionEnabled: false, pageLoadStrategy: normal, platform: WINDOWS, platformName: WINDOWS, proxy: Proxy(), se:cdp: ws://localhost:49602/devtoo..., se:cdpVersion: 115.0.5790.171, setWindowRect: true, strictFileInteractability: false, timeouts: {implicit: 0, pageLoad: 300000, script: 30000}, unhandledPromptBehavior: dismiss and notify, webauthn:extension:credBlob: true, webauthn:extension:largeBlob: true, webauthn:extension:minPinLength: true, webauthn:extension:prf: true, webauthn:virtualAuthenticators: true}
Session ID: ab28a4138872f5b6e1e30d2eb3576d31
	at com.react_tests.ReactUiTest.createUser(ReactUiTest.java:31)
</failure>
    <system-out><![CDATA[22:51:17.238 [Forwarding get on session ab28a4138872f5b6e1e30d2eb3576d31 to remote] DEBUG org.asynchttpclient.netty.request.NettyRequestSender - Using pooled Channel '[id: 0x3c65f5d0, L:/127.0.0.1:49600 - R:localhost/127.0.0.1:52540]' for 'POST' to 'http://localhost:52540/session/ab28a4138872f5b6e1e30d2eb3576d31/url'
22:51:17.238 [Forwarding get on session ab28a4138872f5b6e1e30d2eb3576d31 to remote] DEBUG org.asynchttpclient.netty.request.NettyRequestSender - Using open Channel [id: 0x3c65f5d0, L:/127.0.0.1:49600 - R:localhost/127.0.0.1:52540] for POST '/session/ab28a4138872f5b6e1e30d2eb3576d31/url'
22:51:17.683 [AsyncHttpClient-1-1] DEBUG org.asynchttpclient.netty.channel.DefaultChannelPool - Entry count for : http://localhost:49583 : 1
22:51:17.683 [AsyncHttpClient-1-1] DEBUG org.asynchttpclient.netty.channel.DefaultChannelPool - Entry count for : http://localhost:49615 : 1
22:51:17.683 [AsyncHttpClient-1-1] DEBUG org.asynchttpclient.netty.channel.DefaultChannelPool - Entry count for : http://localhost:49602 : 1
22:51:17.683 [AsyncHttpClient-1-1] DEBUG org.asynchttpclient.netty.channel.DefaultChannelPool - Entry count for : http://localhost:58415 : 1
22:51:17.683 [AsyncHttpClient-1-1] DEBUG org.asynchttpclient.netty.channel.DefaultChannelPool - Entry count for : http://localhost:61742 : 1
22:51:17.971 [AsyncHttpClient-1-9] DEBUG org.asynchttpclient.netty.handler.HttpHandler - Channel Closed: [id: 0xb1b536e6, L:/127.0.0.1:49621 ! R:localhost/127.0.0.1:49615] with attribute DISCARD
22:51:17.971 [AsyncHttpClient-1-10] DEBUG org.asynchttpclient.netty.handler.WebSocketHandler - Channel Closed: [id: 0x186fe1d9, L:/127.0.0.1:49622 ! R:localhost/127.0.0.1:49615] with attribute NettyResponseFuture{currentRetry=5,
	isDone=1,
	isCancelled=0,
	asyncHandler=org.asynchttpclient.ws.WebSocketUpgradeHandler@1c63f31a,
	nettyRequest=org.asynchttpclient.netty.request.NettyRequest@454e32e3,
	future=java.util.concurrent.CompletableFuture@4dab4278[Completed normally],
	uri=ws://localhost:49615/devtools/browser/419b59e9-fc7f-4216-8315-1c2782c107ee,
	keepAlive=true,
	redirectCount=0,
	timeoutsHolder=null,
	inAuth=0,
	touch=1691869876964}
22:51:17.972 [AsyncHttpClient-1-10] DEBUG org.asynchttpclient.netty.channel.ChannelManager - Closing Channel [id: 0x186fe1d9, L:/127.0.0.1:49622 ! R:localhost/127.0.0.1:49615] 
22:51:18.111 [AsyncHttpClient-1-5] DEBUG org.asynchttpclient.netty.handler.HttpHandler - 

Request DefaultHttpRequest(decodeResult: success, version: HTTP/1.1)
POST /session/ab28a4138872f5b6e1e30d2eb3576d31/url HTTP/1.1
User-Agent: selenium/4.1.4 (java windows)
Content-Length: 64
Content-Type: application/json; charset=utf-8
host: localhost:52540
accept: */*

Response DefaultHttpResponse(decodeResult: success, version: HTTP/1.1)
HTTP/1.1 200 OK
Content-Length: 14
Content-Type: application/json; charset=utf-8
cache-control: no-cache

22:51:18.112 [AsyncHttpClient-1-5] DEBUG org.asynchttpclient.netty.channel.ChannelManager - Adding key: http://localhost:52540 for channel [id: 0x3c65f5d0, L:/127.0.0.1:49600 - R:localhost/127.0.0.1:52540]
22:51:18.449 [AsyncHttpClient-1-6] DEBUG org.asynchttpclient.netty.handler.HttpHandler - Channel Closed: [id: 0x46f8b64a, L:/127.0.0.1:49608 ! R:localhost/127.0.0.1:49602] with attribute DISCARD
22:51:18.449 [AsyncHttpClient-1-7] DEBUG org.asynchttpclient.netty.handler.WebSocketHandler - Channel Closed: [id: 0x97312490, L:/127.0.0.1:49609 ! R:localhost/127.0.0.1:49602] with attribute NettyResponseFuture{currentRetry=5,
	isDone=1,
	isCancelled=0,
	asyncHandler=org.asynchttpclient.ws.WebSocketUpgradeHandler@1971c005,
	nettyRequest=org.asynchttpclient.netty.request.NettyRequest@5c735d4f,
	future=java.util.concurrent.CompletableFuture@2ff97b7[Completed normally],
	uri=ws://localhost:49602/devtools/browser/d3508e60-40b2-4f0e-81b8-efb16fb2eb88,
	keepAlive=true,
	redirectCount=0,
	timeoutsHolder=null,
	inAuth=0,
	touch=1691869876313}
22:51:18.449 [AsyncHttpClient-1-7] DEBUG org.asynchttpclient.netty.channel.ChannelManager - Closing Channel [id: 0x97312490, L:/127.0.0.1:49609 ! R:localhost/127.0.0.1:49602] 
22:51:18.784 [AsyncHttpClient-1-1] DEBUG org.asynchttpclient.netty.channel.DefaultChannelPool - Entry count for : http://localhost:49583 : 1
22:51:18.784 [AsyncHttpClient-1-1] DEBUG org.asynchttpclient.netty.channel.DefaultChannelPool - Entry count for : http://localhost:52540 : 1
22:51:18.784 [AsyncHttpClient-1-1] DEBUG org.asynchttpclient.netty.channel.DefaultChannelPool - Entry count for : http://localhost:49615 : 1
22:51:18.784 [AsyncHttpClient-1-1] DEBUG org.asynchttpclient.netty.channel.DefaultChannelPool - Entry count for : http://localhost:49602 : 1
22:51:18.784 [AsyncHttpClient-1-1] DEBUG org.asynchttpclient.netty.channel.DefaultChannelPool - Entry count for : http://localhost:58415 : 1
22:51:18.784 [AsyncHttpClient-1-1] DEBUG org.asynchttpclient.netty.channel.DefaultChannelPool - Entry count for : http://localhost:61742 : 1
22:51:18.784 [AsyncHttpClient-1-1] DEBUG org.asynchttpclient.netty.channel.DefaultChannelPool - Adding Candidate expired Channel [id: 0xb1b536e6, L:/127.0.0.1:49621 ! R:localhost/127.0.0.1:49615] isIdleTimeoutExpired=false isRemotelyClosed=true isTtlExpired=false
22:51:18.784 [AsyncHttpClient-1-1] DEBUG org.asynchttpclient.netty.channel.DefaultChannelPool - Closing Idle Channel [id: 0xb1b536e6, L:/127.0.0.1:49621 ! R:localhost/127.0.0.1:49615]
22:51:18.785 [AsyncHttpClient-1-1] DEBUG org.asynchttpclient.netty.channel.DefaultChannelPool - Adding Candidate expired Channel [id: 0x46f8b64a, L:/127.0.0.1:49608 ! R:localhost/127.0.0.1:49602] isIdleTimeoutExpired=false isRemotelyClosed=true isTtlExpired=false
22:51:18.785 [AsyncHttpClient-1-1] DEBUG org.asynchttpclient.netty.channel.DefaultChannelPool - Closing Idle Channel [id: 0x46f8b64a, L:/127.0.0.1:49608 ! R:localhost/127.0.0.1:49602]
22:51:18.785 [AsyncHttpClient-1-1] DEBUG org.asynchttpclient.netty.channel.DefaultChannelPool - Closed 2 connections out of 6 in 1 ms
22:51:18.849 [AsyncHttpClient-1-3] DEBUG org.asynchttpclient.netty.handler.HttpHandler - Channel Closed: [id: 0x614a90cf, L:/127.0.0.1:49595 ! R:localhost/127.0.0.1:49583] with attribute DISCARD
22:51:18.849 [AsyncHttpClient-1-4] DEBUG org.asynchttpclient.netty.handler.WebSocketHandler - Channel Closed: [id: 0x544a13f6, L:/127.0.0.1:49596 ! R:localhost/127.0.0.1:49583] with attribute NettyResponseFuture{currentRetry=5,
	isDone=1,
	isCancelled=0,
	asyncHandler=org.asynchttpclient.ws.WebSocketUpgradeHandler@100039ea,
	nettyRequest=org.asynchttpclient.netty.request.NettyRequest@1a66ece3,
	future=java.util.concurrent.CompletableFuture@5bfe7324[Completed normally],
	uri=ws://localhost:49583/devtools/browser/c5b0a022-40f7-4336-9761-967ffb78c0da,
	keepAlive=true,
	redirectCount=0,
	timeoutsHolder=null,
	inAuth=0,
	touch=1691869875615}
22:51:18.849 [AsyncHttpClient-1-4] DEBUG org.asynchttpclient.netty.channel.ChannelManager - Closing Channel [id: 0x544a13f6, L:/127.0.0.1:49596 ! R:localhost/127.0.0.1:49583] 
22:51:19.883 [AsyncHttpClient-1-1] DEBUG org.asynchttpclient.netty.channel.DefaultChannelPool - Entry count for : http://localhost:49583 : 1
22:51:19.883 [AsyncHttpClient-1-1] DEBUG org.asynchttpclient.netty.channel.DefaultChannelPool - Entry count for : http://localhost:52540 : 1
22:51:19.883 [AsyncHttpClient-1-1] DEBUG org.asynchttpclient.netty.channel.DefaultChannelPool - Entry count for : http://localhost:58415 : 1
22:51:19.883 [AsyncHttpClient-1-1] DEBUG org.asynchttpclient.netty.channel.DefaultChannelPool - Entry count for : http://localhost:61742 : 1
22:51:19.883 [AsyncHttpClient-1-1] DEBUG org.asynchttpclient.netty.channel.DefaultChannelPool - Adding Candidate expired Channel [id: 0x614a90cf, L:/127.0.0.1:49595 ! R:localhost/127.0.0.1:49583] isIdleTimeoutExpired=false isRemotelyClosed=true isTtlExpired=false
22:51:19.883 [AsyncHttpClient-1-1] DEBUG org.asynchttpclient.netty.channel.DefaultChannelPool - Closing Idle Channel [id: 0x614a90cf, L:/127.0.0.1:49595 ! R:localhost/127.0.0.1:49583]
22:51:19.883 [AsyncHttpClient-1-1] DEBUG org.asynchttpclient.netty.channel.DefaultChannelPool - Closed 1 connections out of 4 in 0 ms
22:51:20.116 [Forwarding findElement on session ab28a4138872f5b6e1e30d2eb3576d31 to remote] DEBUG org.asynchttpclient.netty.request.NettyRequestSender - Using pooled Channel '[id: 0x3c65f5d0, L:/127.0.0.1:49600 - R:localhost/127.0.0.1:52540]' for 'POST' to 'http://localhost:52540/session/ab28a4138872f5b6e1e30d2eb3576d31/element'
22:51:20.116 [Forwarding findElement on session ab28a4138872f5b6e1e30d2eb3576d31 to remote] DEBUG org.asynchttpclient.netty.request.NettyRequestSender - Using open Channel [id: 0x3c65f5d0, L:/127.0.0.1:49600 - R:localhost/127.0.0.1:52540] for POST '/session/ab28a4138872f5b6e1e30d2eb3576d31/element'
22:51:20.119 [AsyncHttpClient-1-5] DEBUG org.asynchttpclient.netty.handler.HttpHandler - 

Request DefaultHttpRequest(decodeResult: success, version: HTTP/1.1)
POST /session/ab28a4138872f5b6e1e30d2eb3576d31/element HTTP/1.1
User-Agent: selenium/4.1.4 (java windows)
Content-Length: 51
Content-Type: application/json; charset=utf-8
host: localhost:52540
accept: */*

Response DefaultHttpResponse(decodeResult: success, version: HTTP/1.1)
HTTP/1.1 404 Not Found
Content-Length: 892
Content-Type: application/json; charset=utf-8
cache-control: no-cache

22:51:20.119 [AsyncHttpClient-1-5] DEBUG org.asynchttpclient.netty.channel.ChannelManager - Adding key: http://localhost:52540 for channel [id: 0x3c65f5d0, L:/127.0.0.1:49600 - R:localhost/127.0.0.1:52540]
]]></system-out>
  </testcase>
  <testcase name="editUser" classname="com.react_tests.ReactUiTest" time="0.012">
    <failure message="no such window: target window already closed&#10;from unknown error: web view not found&#10;  (Session info: chrome=115.0.5790.171)&#10;Build info: version: &apos;4.1.4&apos;, revision: &apos;535d840ee2&apos;&#10;System info: host: &apos;DESKTOP-TUFNRNQ&apos;, ip: &apos;192.168.0.102&apos;, os.name: &apos;Windows 10&apos;, os.arch: &apos;amd64&apos;, os.version: &apos;10.0&apos;, java.version: &apos;18.0.2.1&apos;&#10;Driver info: org.openqa.selenium.chrome.ChromeDriver&#10;Command: [ab28a4138872f5b6e1e30d2eb3576d31, get {url=http://localhost:3000/users/1}]&#10;Capabilities {acceptInsecureCerts: false, browserName: chrome, browserVersion: 115.0.5790.171, chrome: {chromedriverVersion: 114.0.5735.90 (386bc09e8f4f..., userDataDir: C:\Users\HP\AppData\Local\T...}, goog:chromeOptions: {debuggerAddress: localhost:49602}, javascriptEnabled: true, networkConnectionEnabled: false, pageLoadStrategy: normal, platform: WINDOWS, platformName: WINDOWS, proxy: Proxy(), se:cdp: ws://localhost:49602/devtoo..., se:cdpVersion: 115.0.5790.171, setWindowRect: true, strictFileInteractability: false, timeouts: {implicit: 0, pageLoad: 300000, script: 30000}, unhandledPromptBehavior: dismiss and notify, webauthn:extension:credBlob: true, webauthn:extension:largeBlob: true, webauthn:extension:minPinLength: true, webauthn:extension:prf: true, webauthn:virtualAuthenticators: true}&#10;Session ID: ab28a4138872f5b6e1e30d2eb3576d31" type="org.openqa.selenium.NoSuchWindowException">org.openqa.selenium.NoSuchWindowException: 
no such window: target window already closed
from unknown error: web view not found
  (Session info: chrome=115.0.5790.171)
Build info: version: '4.1.4', revision: '535d840ee2'
System info: host: 'DESKTOP-TUFNRNQ', ip: '192.168.0.102', os.name: 'Windows 10', os.arch: 'amd64', os.version: '10.0', java.version: '18.0.2.1'
Driver info: org.openqa.selenium.chrome.ChromeDriver
Command: [ab28a4138872f5b6e1e30d2eb3576d31, get {url=http://localhost:3000/users/1}]
Capabilities {acceptInsecureCerts: false, browserName: chrome, browserVersion: 115.0.5790.171, chrome: {chromedriverVersion: 114.0.5735.90 (386bc09e8f4f..., userDataDir: C:\Users\HP\AppData\Local\T...}, goog:chromeOptions: {debuggerAddress: localhost:49602}, javascriptEnabled: true, networkConnectionEnabled: false, pageLoadStrategy: normal, platform: WINDOWS, platformName: WINDOWS, proxy: Proxy(), se:cdp: ws://localhost:49602/devtoo..., se:cdpVersion: 115.0.5790.171, setWindowRect: true, strictFileInteractability: false, timeouts: {implicit: 0, pageLoad: 300000, script: 30000}, unhandledPromptBehavior: dismiss and notify, webauthn:extension:credBlob: true, webauthn:extension:largeBlob: true, webauthn:extension:minPinLength: true, webauthn:extension:prf: true, webauthn:virtualAuthenticators: true}
Session ID: ab28a4138872f5b6e1e30d2eb3576d31
	at com.react_tests.ReactUiTest.editUser(ReactUiTest.java:58)
</failure>
    <system-out><![CDATA[22:51:20.127 [Forwarding get on session ab28a4138872f5b6e1e30d2eb3576d31 to remote] DEBUG org.asynchttpclient.netty.request.NettyRequestSender - Using pooled Channel '[id: 0x3c65f5d0, L:/127.0.0.1:49600 - R:localhost/127.0.0.1:52540]' for 'POST' to 'http://localhost:52540/session/ab28a4138872f5b6e1e30d2eb3576d31/url'
22:51:20.127 [Forwarding get on session ab28a4138872f5b6e1e30d2eb3576d31 to remote] DEBUG org.asynchttpclient.netty.request.NettyRequestSender - Using open Channel [id: 0x3c65f5d0, L:/127.0.0.1:49600 - R:localhost/127.0.0.1:52540] for POST '/session/ab28a4138872f5b6e1e30d2eb3576d31/url'
22:51:20.130 [AsyncHttpClient-1-5] DEBUG org.asynchttpclient.netty.handler.HttpHandler - 

Request DefaultHttpRequest(decodeResult: success, version: HTTP/1.1)
POST /session/ab28a4138872f5b6e1e30d2eb3576d31/url HTTP/1.1
User-Agent: selenium/4.1.4 (java windows)
Content-Length: 64
Content-Type: application/json; charset=utf-8
host: localhost:52540
accept: */*

Response DefaultHttpResponse(decodeResult: success, version: HTTP/1.1)
HTTP/1.1 404 Not Found
Content-Length: 892
Content-Type: application/json; charset=utf-8
cache-control: no-cache

22:51:20.130 [AsyncHttpClient-1-5] DEBUG org.asynchttpclient.netty.channel.ChannelManager - Adding key: http://localhost:52540 for channel [id: 0x3c65f5d0, L:/127.0.0.1:49600 - R:localhost/127.0.0.1:52540]
]]></system-out>
  </testcase>
  <testcase name="createUserTest" classname="com.yasen.rest.UserRestAssuredControllerTest" time="1.295">
    <failure message="1 expectation failed.&#10;Expected status code &lt;200&gt; but was &lt;401&gt;.&#10;" type="java.lang.AssertionError"><![CDATA[java.lang.AssertionError: 
1 expectation failed.
Expected status code <200> but was <401>.

	at com.yasen.rest.UserRestAssuredControllerTest.createUserTest(UserRestAssuredControllerTest.java:46)
]]></failure>
    <system-out><![CDATA[22:51:20.986 [AsyncHttpClient-1-1] DEBUG org.asynchttpclient.netty.channel.DefaultChannelPool - Entry count for : http://localhost:52540 : 1
22:51:20.986 [AsyncHttpClient-1-1] DEBUG org.asynchttpclient.netty.channel.DefaultChannelPool - Entry count for : http://localhost:58415 : 1
22:51:20.986 [AsyncHttpClient-1-1] DEBUG org.asynchttpclient.netty.channel.DefaultChannelPool - Entry count for : http://localhost:61742 : 1
22:51:21.294 [main] DEBUG org.apache.http.impl.conn.BasicClientConnectionManager - Get connection for route {}->http://localhost:8080
22:51:21.302 [main] DEBUG org.apache.http.impl.conn.DefaultClientConnectionOperator - Connecting to localhost:8080
22:51:21.317 [main] DEBUG org.apache.http.client.protocol.RequestAddCookies - CookieSpec selected: ignoreCookies
22:51:21.319 [main] DEBUG org.apache.http.client.protocol.RequestAuthCache - Auth cache not set in the context
22:51:21.319 [main] DEBUG org.apache.http.client.protocol.RequestTargetAuthentication - Target auth state: UNCHALLENGED
22:51:21.319 [main] DEBUG org.apache.http.client.protocol.RequestProxyAuthentication - Proxy auth state: UNCHALLENGED
22:51:21.319 [main] DEBUG org.apache.http.impl.client.DefaultHttpClient - Attempt 1 to execute request
22:51:21.320 [main] DEBUG org.apache.http.impl.conn.DefaultClientConnection - Sending request: POST /api/users HTTP/1.1
22:51:21.320 [main] DEBUG org.apache.http.wire -  >> "POST /api/users HTTP/1.1[\r][\n]"
22:51:21.321 [main] DEBUG org.apache.http.wire -  >> "Accept: */*[\r][\n]"
22:51:21.321 [main] DEBUG org.apache.http.wire -  >> "Content-Type: application/json[\r][\n]"
22:51:21.321 [main] DEBUG org.apache.http.wire -  >> "Content-Length: 107[\r][\n]"
22:51:21.321 [main] DEBUG org.apache.http.wire -  >> "Host: localhost:8080[\r][\n]"
22:51:21.321 [main] DEBUG org.apache.http.wire -  >> "Connection: Keep-Alive[\r][\n]"
22:51:21.321 [main] DEBUG org.apache.http.wire -  >> "User-Agent: Apache-HttpClient/4.5.14 (Java/18.0.2.1)[\r][\n]"
22:51:21.321 [main] DEBUG org.apache.http.wire -  >> "Accept-Encoding: gzip,deflate[\r][\n]"
22:51:21.321 [main] DEBUG org.apache.http.wire -  >> "[\r][\n]"
22:51:21.321 [main] DEBUG org.apache.http.headers - >> POST /api/users HTTP/1.1
22:51:21.321 [main] DEBUG org.apache.http.headers - >> Accept: */*
22:51:21.321 [main] DEBUG org.apache.http.headers - >> Content-Type: application/json
22:51:21.321 [main] DEBUG org.apache.http.headers - >> Content-Length: 107
22:51:21.321 [main] DEBUG org.apache.http.headers - >> Host: localhost:8080
22:51:21.321 [main] DEBUG org.apache.http.headers - >> Connection: Keep-Alive
22:51:21.321 [main] DEBUG org.apache.http.headers - >> User-Agent: Apache-HttpClient/4.5.14 (Java/18.0.2.1)
22:51:21.321 [main] DEBUG org.apache.http.headers - >> Accept-Encoding: gzip,deflate
22:51:21.322 [main] DEBUG org.apache.http.wire -  >> "{"password":"testAssuredPassword","id":"123","birthDate":"2023-07-13","age":"420","username":"testAssured"}"
22:51:21.324 [main] DEBUG org.apache.http.wire -  << "HTTP/1.1 401 [\r][\n]"
22:51:21.325 [main] DEBUG org.apache.http.wire -  << "Content-Type: application/json;charset=ISO-8859-1[\r][\n]"
22:51:21.325 [main] DEBUG org.apache.http.wire -  << "Content-Length: 39[\r][\n]"
22:51:21.325 [main] DEBUG org.apache.http.wire -  << "Date: Sat, 12 Aug 2023 19:51:21 GMT[\r][\n]"
22:51:21.325 [main] DEBUG org.apache.http.wire -  << "Keep-Alive: timeout=60[\r][\n]"
22:51:21.325 [main] DEBUG org.apache.http.wire -  << "Connection: keep-alive[\r][\n]"
22:51:21.325 [main] DEBUG org.apache.http.wire -  << "[\r][\n]"
22:51:21.333 [main] DEBUG org.apache.http.impl.conn.DefaultClientConnection - Receiving response: HTTP/1.1 401 
22:51:21.333 [main] DEBUG org.apache.http.headers - << HTTP/1.1 401 
22:51:21.333 [main] DEBUG org.apache.http.headers - << Content-Type: application/json;charset=ISO-8859-1
22:51:21.333 [main] DEBUG org.apache.http.headers - << Content-Length: 39
22:51:21.333 [main] DEBUG org.apache.http.headers - << Date: Sat, 12 Aug 2023 19:51:21 GMT
22:51:21.333 [main] DEBUG org.apache.http.headers - << Keep-Alive: timeout=60
22:51:21.333 [main] DEBUG org.apache.http.headers - << Connection: keep-alive
22:51:21.337 [main] DEBUG org.apache.http.impl.client.DefaultHttpClient - Connection can be kept alive for 60000 MILLISECONDS
22:51:21.337 [main] DEBUG org.apache.http.impl.client.DefaultHttpClient - Authentication required
22:51:21.337 [main] DEBUG org.apache.http.impl.client.DefaultHttpClient - localhost:8080 requested authentication
22:51:21.337 [main] DEBUG org.apache.http.impl.client.DefaultHttpClient - Response contains no authentication challenges
22:51:21.359 [main] DEBUG io.restassured.internal.RequestSpecificationImpl$RestAssuredHttpBuilder - Parsing response as: application/json;charset=ISO-8859-1
22:51:21.359 [main] DEBUG io.restassured.internal.RequestSpecificationImpl$RestAssuredHttpBuilder - Parsed data to instance of: class org.apache.http.conn.EofSensorInputStream
22:51:21.386 [main] DEBUG org.apache.http.wire -  << "{"message":"User is not authenticated"}"
22:51:21.387 [main] DEBUG org.apache.http.impl.conn.BasicClientConnectionManager - Releasing connection org.apache.http.impl.conn.ManagedClientConnectionImpl@5f193335
22:51:21.387 [main] DEBUG org.apache.http.impl.conn.BasicClientConnectionManager - Connection can be kept alive for 60000 MILLISECONDS
]]></system-out>
  </testcase>
  <testcase name="getUserTest" classname="com.yasen.rest.UserRestAssuredControllerTest" time="0.455">
    <failure message="Cannot invoke &quot;java.lang.Integer.intValue()&quot; because the return value of &quot;io.restassured.internal.common.path.ObjectConverter.convertObjectTo(Object, java.lang.Class)&quot; is null" type="java.lang.NullPointerException">java.lang.NullPointerException: Cannot invoke "java.lang.Integer.intValue()" because the return value of "io.restassured.internal.common.path.ObjectConverter.convertObjectTo(Object, java.lang.Class)" is null
	at com.yasen.rest.UserRestAssuredControllerTest.getUserTest(UserRestAssuredControllerTest.java:59)
</failure>
    <system-out><![CDATA[22:51:21.458 [main] DEBUG org.apache.http.impl.conn.BasicClientConnectionManager - Get connection for route {}->http://localhost:8080
22:51:21.459 [main] DEBUG org.apache.http.impl.conn.DefaultClientConnectionOperator - Connecting to localhost:8080
22:51:21.459 [main] DEBUG org.apache.http.client.protocol.RequestAddCookies - CookieSpec selected: ignoreCookies
22:51:21.460 [main] DEBUG org.apache.http.client.protocol.RequestAuthCache - Auth cache not set in the context
22:51:21.460 [main] DEBUG org.apache.http.client.protocol.RequestTargetAuthentication - Target auth state: UNCHALLENGED
22:51:21.460 [main] DEBUG org.apache.http.client.protocol.RequestProxyAuthentication - Proxy auth state: UNCHALLENGED
22:51:21.460 [main] DEBUG org.apache.http.impl.client.DefaultHttpClient - Attempt 1 to execute request
22:51:21.460 [main] DEBUG org.apache.http.impl.conn.DefaultClientConnection - Sending request: GET /api/users?pageNum=0 HTTP/1.1
22:51:21.460 [main] DEBUG org.apache.http.wire -  >> "GET /api/users?pageNum=0 HTTP/1.1[\r][\n]"
22:51:21.460 [main] DEBUG org.apache.http.wire -  >> "Accept: */*[\r][\n]"
22:51:21.460 [main] DEBUG org.apache.http.wire -  >> "Host: localhost:8080[\r][\n]"
22:51:21.460 [main] DEBUG org.apache.http.wire -  >> "Connection: Keep-Alive[\r][\n]"
22:51:21.460 [main] DEBUG org.apache.http.wire -  >> "User-Agent: Apache-HttpClient/4.5.14 (Java/18.0.2.1)[\r][\n]"
22:51:21.460 [main] DEBUG org.apache.http.wire -  >> "Accept-Encoding: gzip,deflate[\r][\n]"
22:51:21.460 [main] DEBUG org.apache.http.wire -  >> "[\r][\n]"
22:51:21.460 [main] DEBUG org.apache.http.headers - >> GET /api/users?pageNum=0 HTTP/1.1
22:51:21.460 [main] DEBUG org.apache.http.headers - >> Accept: */*
22:51:21.460 [main] DEBUG org.apache.http.headers - >> Host: localhost:8080
22:51:21.460 [main] DEBUG org.apache.http.headers - >> Connection: Keep-Alive
22:51:21.460 [main] DEBUG org.apache.http.headers - >> User-Agent: Apache-HttpClient/4.5.14 (Java/18.0.2.1)
22:51:21.460 [main] DEBUG org.apache.http.headers - >> Accept-Encoding: gzip,deflate
22:51:21.461 [main] DEBUG org.apache.http.wire -  << "HTTP/1.1 401 [\r][\n]"
22:51:21.462 [main] DEBUG org.apache.http.wire -  << "Content-Type: application/json;charset=ISO-8859-1[\r][\n]"
22:51:21.462 [main] DEBUG org.apache.http.wire -  << "Content-Length: 39[\r][\n]"
22:51:21.462 [main] DEBUG org.apache.http.wire -  << "Date: Sat, 12 Aug 2023 19:51:21 GMT[\r][\n]"
22:51:21.462 [main] DEBUG org.apache.http.wire -  << "Keep-Alive: timeout=60[\r][\n]"
22:51:21.462 [main] DEBUG org.apache.http.wire -  << "Connection: keep-alive[\r][\n]"
22:51:21.462 [main] DEBUG org.apache.http.wire -  << "[\r][\n]"
22:51:21.462 [main] DEBUG org.apache.http.impl.conn.DefaultClientConnection - Receiving response: HTTP/1.1 401 
22:51:21.462 [main] DEBUG org.apache.http.headers - << HTTP/1.1 401 
22:51:21.462 [main] DEBUG org.apache.http.headers - << Content-Type: application/json;charset=ISO-8859-1
22:51:21.462 [main] DEBUG org.apache.http.headers - << Content-Length: 39
22:51:21.462 [main] DEBUG org.apache.http.headers - << Date: Sat, 12 Aug 2023 19:51:21 GMT
22:51:21.462 [main] DEBUG org.apache.http.headers - << Keep-Alive: timeout=60
22:51:21.462 [main] DEBUG org.apache.http.headers - << Connection: keep-alive
22:51:21.462 [main] DEBUG org.apache.http.impl.client.DefaultHttpClient - Connection can be kept alive for 60000 MILLISECONDS
22:51:21.462 [main] DEBUG org.apache.http.impl.client.DefaultHttpClient - Authentication required
22:51:21.462 [main] DEBUG org.apache.http.impl.client.DefaultHttpClient - localhost:8080 requested authentication
22:51:21.462 [main] DEBUG org.apache.http.impl.client.DefaultHttpClient - Response contains no authentication challenges
22:51:21.462 [main] DEBUG io.restassured.internal.RequestSpecificationImpl$RestAssuredHttpBuilder - Parsing response as: application/json;charset=ISO-8859-1
22:51:21.462 [main] DEBUG io.restassured.internal.RequestSpecificationImpl$RestAssuredHttpBuilder - Parsed data to instance of: class org.apache.http.conn.EofSensorInputStream
22:51:21.463 [main] DEBUG org.apache.http.wire -  << "{"message":"User is not authenticated"}"
22:51:21.463 [main] DEBUG org.apache.http.impl.conn.BasicClientConnectionManager - Releasing connection org.apache.http.impl.conn.ManagedClientConnectionImpl@1aedf08d
22:51:21.463 [main] DEBUG org.apache.http.impl.conn.BasicClientConnectionManager - Connection can be kept alive for 60000 MILLISECONDS
]]></system-out>
  </testcase>
  <testcase name="updateUserTest" classname="com.yasen.rest.UserRestAssuredControllerTest" time="0.015">
    <failure message="1 expectation failed.&#10;Expected status code &lt;200&gt; but was &lt;401&gt;.&#10;" type="java.lang.AssertionError"><![CDATA[java.lang.AssertionError: 
1 expectation failed.
Expected status code <200> but was <401>.

	at com.yasen.rest.UserRestAssuredControllerTest.updateUserTest(UserRestAssuredControllerTest.java:112)
]]></failure>
[...]
22:51:21.921 [main] DEBUG org.apache.http.client.protocol.RequestAuthCache - Auth cache not set in the context
22:51:21.921 [main] DEBUG org.apache.http.client.protocol.RequestTargetAuthentication - Target auth state: UNCHALLENGED
22:51:21.921 [main] DEBUG org.apache.http.client.protocol.RequestProxyAuthentication - Proxy auth state: UNCHALLENGED
22:51:21.921 [main] DEBUG org.apache.http.impl.client.DefaultHttpClient - Attempt 1 to execute request
22:51:21.922 [main] DEBUG org.apache.http.impl.conn.DefaultClientConnection - Sending request: GET /api/users/user-profile/?username=test242421 HTTP/1.1
22:51:21.922 [main] DEBUG org.apache.http.wire -  >> "GET /api/users/user-profile/?username=test242421 HTTP/1.1[\r][\n]"
22:51:21.922 [main] DEBUG org.apache.http.wire -  >> "Accept: */*[\r][\n]"
22:51:21.922 [main] DEBUG org.apache.http.wire -  >> "Host: localhost:8080[\r][\n]"
22:51:21.922 [main] DEBUG org.apache.http.wire -  >> "Connection: Keep-Alive[\r][\n]"
22:51:21.922 [main] DEBUG org.apache.http.wire -  >> "User-Agent: Apache-HttpClient/4.5.14 (Java/18.0.2.1)[\r][\n]"
22:51:21.922 [main] DEBUG org.apache.http.wire -  >> "Accept-Encoding: gzip,deflate[\r][\n]"
22:51:21.922 [main] DEBUG org.apache.http.wire -  >> "[\r][\n]"
22:51:21.922 [main] DEBUG org.apache.http.headers - >> GET /api/users/user-profile/?username=test242421 HTTP/1.1
22:51:21.922 [main] DEBUG org.apache.http.headers - >> Accept: */*
22:51:21.922 [main] DEBUG org.apache.http.headers - >> Host: localhost:8080
22:51:21.922 [main] DEBUG org.apache.http.headers - >> Connection: Keep-Alive
22:51:21.922 [main] DEBUG org.apache.http.headers - >> User-Agent: Apache-HttpClient/4.5.14 (Java/18.0.2.1)
22:51:21.922 [main] DEBUG org.apache.http.headers - >> Accept-Encoding: gzip,deflate
22:51:21.923 [main] DEBUG org.apache.http.wire -  << "HTTP/1.1 401 [\r][\n]"
22:51:21.924 [main] DEBUG org.apache.http.wire -  << "Content-Type: application/json;charset=ISO-8859-1[\r][\n]"
22:51:21.924 [main] DEBUG org.apache.http.wire -  << "Content-Length: 39[\r][\n]"
22:51:21.924 [main] DEBUG org.apache.http.wire -  << "Date: Sat, 12 Aug 2023 19:51:21 GMT[\r][\n]"
22:51:21.924 [main] DEBUG org.apache.http.wire -  << "Keep-Alive: timeout=60[\r][\n]"
22:51:21.924 [main] DEBUG org.apache.http.wire -  << "Connection: keep-alive[\r][\n]"
22:51:21.924 [main] DEBUG org.apache.http.wire -  << "[\r][\n]"
22:51:21.924 [main] DEBUG org.apache.http.impl.conn.DefaultClientConnection - Receiving response: HTTP/1.1 401 
22:51:21.924 [main] DEBUG org.apache.http.headers - << HTTP/1.1 401 
22:51:21.924 [main] DEBUG org.apache.http.headers - << Content-Type: application/json;charset=ISO-8859-1
22:51:21.924 [main] DEBUG org.apache.http.headers - << Content-Length: 39
22:51:21.924 [main] DEBUG org.apache.http.headers - << Date: Sat, 12 Aug 2023 19:51:21 GMT
22:51:21.924 [main] DEBUG org.apache.http.headers - << Keep-Alive: timeout=60
22:51:21.924 [main] DEBUG org.apache.http.headers - << Connection: keep-alive
22:51:21.924 [main] DEBUG org.apache.http.impl.client.DefaultHttpClient - Connection can be kept alive for 60000 MILLISECONDS
22:51:21.924 [main] DEBUG org.apache.http.impl.client.DefaultHttpClient - Authentication required
22:51:21.924 [main] DEBUG org.apache.http.impl.client.DefaultHttpClient - localhost:8080 requested authentication
22:51:21.924 [main] DEBUG org.apache.http.impl.client.DefaultHttpClient - Response contains no authentication challenges
22:51:21.924 [main] DEBUG io.restassured.internal.RequestSpecificationImpl$RestAssuredHttpBuilder - Parsing response as: application/json;charset=ISO-8859-1
22:51:21.925 [main] DEBUG io.restassured.internal.RequestSpecificationImpl$RestAssuredHttpBuilder - Parsed data to instance of: class org.apache.http.conn.EofSensorInputStream
22:51:21.925 [main] DEBUG org.apache.http.wire -  << "{"message":"User is not authenticated"}"
22:51:21.925 [main] DEBUG org.apache.http.impl.conn.BasicClientConnectionManager - Releasing connection org.apache.http.impl.conn.ManagedClientConnectionImpl@45707f76
22:51:21.925 [main] DEBUG org.apache.http.impl.conn.BasicClientConnectionManager - Connection can be kept alive for 60000 MILLISECONDS
]]></system-out>
  </testcase>
  <testcase name="deleteUserNotExistTest" classname="com.yasen.rest.UserRestAssuredControllerTest" time="0.012">
    <failure message="1 expectation failed.&#10;Expected status code &lt;400&gt; but was &lt;401&gt;.&#10;" type="java.lang.AssertionError"><![CDATA[java.lang.AssertionError: 
1 expectation failed.
Expected status code <400> but was <401>.

	at com.yasen.rest.UserRestAssuredControllerTest.deleteUserNotExistTest(UserRestAssuredControllerTest.java:149)
]]></failure>
    <system-out><![CDATA[22:51:21.933 [main] DEBUG org.apache.http.impl.conn.BasicClientConnectionManager - Get connection for route {}->http://localhost:8080
22:51:21.933 [main] DEBUG org.apache.http.impl.conn.DefaultClientConnectionOperator - Connecting to localhost:8080
22:51:21.934 [main] DEBUG org.apache.http.client.protocol.RequestAddCookies - CookieSpec selected: ignoreCookies
22:51:21.934 [main] DEBUG org.apache.http.client.protocol.RequestAuthCache - Auth cache not set in the context
22:51:21.934 [main] DEBUG org.apache.http.client.protocol.RequestTargetAuthentication - Target auth state: UNCHALLENGED
22:51:21.934 [main] DEBUG org.apache.http.client.protocol.RequestProxyAuthentication - Proxy auth state: UNCHALLENGED
22:51:21.934 [main] DEBUG org.apache.http.impl.client.DefaultHttpClient - Attempt 1 to execute request
22:51:21.934 [main] DEBUG org.apache.http.impl.conn.DefaultClientConnection - Sending request: DELETE /api/users/234234 HTTP/1.1
22:51:21.934 [main] DEBUG org.apache.http.wire -  >> "DELETE /api/users/234234 HTTP/1.1[\r][\n]"
22:51:21.934 [main] DEBUG org.apache.http.wire -  >> "Accept: */*[\r][\n]"
22:51:21.934 [main] DEBUG org.apache.http.wire -  >> "Host: localhost:8080[\r][\n]"
22:51:21.934 [main] DEBUG org.apache.http.wire -  >> "Connection: Keep-Alive[\r][\n]"
22:51:21.934 [main] DEBUG org.apache.http.wire -  >> "User-Agent: Apache-HttpClient/4.5.14 (Java/18.0.2.1)[\r][\n]"
22:51:21.934 [main] DEBUG org.apache.http.wire -  >> "Accept-Encoding: gzip,deflate[\r][\n]"
22:51:21.934 [main] DEBUG org.apache.http.wire -  >> "[\r][\n]"
22:51:21.934 [main] DEBUG org.apache.http.headers - >> DELETE /api/users/234234 HTTP/1.1
22:51:21.934 [main] DEBUG org.apache.http.headers - >> Accept: */*
22:51:21.934 [main] DEBUG org.apache.http.headers - >> Host: localhost:8080
22:51:21.934 [main] DEBUG org.apache.http.headers - >> Connection: Keep-Alive
22:51:21.934 [main] DEBUG org.apache.http.headers - >> User-Agent: Apache-HttpClient/4.5.14 (Java/18.0.2.1)
22:51:21.934 [main] DEBUG org.apache.http.headers - >> Accept-Encoding: gzip,deflate
22:51:21.935 [main] DEBUG org.apache.http.wire -  << "HTTP/1.1 401 [\r][\n]"
22:51:21.936 [main] DEBUG org.apache.http.wire -  << "Content-Type: application/json;charset=ISO-8859-1[\r][\n]"
22:51:21.936 [main] DEBUG org.apache.http.wire -  << "Content-Length: 39[\r][\n]"
22:51:21.936 [main] DEBUG org.apache.http.wire -  << "Date: Sat, 12 Aug 2023 19:51:21 GMT[\r][\n]"
22:51:21.936 [main] DEBUG org.apache.http.wire -  << "Keep-Alive: timeout=60[\r][\n]"
22:51:21.936 [main] DEBUG org.apache.http.wire -  << "Connection: keep-alive[\r][\n]"
22:51:21.936 [main] DEBUG org.apache.http.wire -  << "[\r][\n]"
22:51:21.936 [main] DEBUG org.apache.http.impl.conn.DefaultClientConnection - Receiving response: HTTP/1.1 401 
22:51:21.936 [main] DEBUG org.apache.http.headers - << HTTP/1.1 401 
22:51:21.936 [main] DEBUG org.apache.http.headers - << Content-Type: application/json;charset=ISO-8859-1
22:51:21.936 [main] DEBUG org.apache.http.headers - << Content-Length: 39
22:51:21.936 [main] DEBUG org.apache.http.headers - << Date: Sat, 12 Aug 2023 19:51:21 GMT
22:51:21.936 [main] DEBUG org.apache.http.headers - << Keep-Alive: timeout=60
22:51:21.936 [main] DEBUG org.apache.http.headers - << Connection: keep-alive
22:51:21.936 [main] DEBUG org.apache.http.impl.client.DefaultHttpClient - Connection can be kept alive for 60000 MILLISECONDS
22:51:21.936 [main] DEBUG org.apache.http.impl.client.DefaultHttpClient - Authentication required
22:51:21.936 [main] DEBUG org.apache.http.impl.client.DefaultHttpClient - localhost:8080 requested authentication
22:51:21.936 [main] DEBUG org.apache.http.impl.client.DefaultHttpClient - Response contains no authentication challenges
22:51:21.936 [main] DEBUG io.restassured.internal.RequestSpecificationImpl$RestAssuredHttpBuilder - Parsing response as: application/json;charset=ISO-8859-1
22:51:21.936 [main] DEBUG io.restassured.internal.RequestSpecificationImpl$RestAssuredHttpBuilder - Parsed data to instance of: class org.apache.http.conn.EofSensorInputStream
22:51:21.937 [main] DEBUG org.apache.http.wire -  << "{"message":"User is not authenticated"}"
22:51:21.937 [main] DEBUG org.apache.http.impl.conn.BasicClientConnectionManager - Releasing connection org.apache.http.impl.conn.ManagedClientConnectionImpl@17354708
22:51:21.937 [main] DEBUG org.apache.http.impl.conn.BasicClientConnectionManager - Connection can be kept alive for 60000 MILLISECONDS
]]></system-out>
  </testcase>
  <testcase name="deleteUserExistTest" classname="com.yasen.rest.UserRestAssuredControllerTest" time="0.025">
    <failure message="Cannot invoke &quot;java.lang.Integer.intValue()&quot; because the return value of &quot;io.restassured.internal.common.path.ObjectConverter.convertObjectTo(Object, java.lang.Class)&quot; is null" type="java.lang.NullPointerException">java.lang.NullPointerException: Cannot invoke "java.lang.Integer.intValue()" because the return value of "io.restassured.internal.common.path.ObjectConverter.convertObjectTo(Object, java.lang.Class)" is null
	at com.yasen.rest.UserRestAssuredControllerTest.deleteUserExistTest(UserRestAssuredControllerTest.java:165)
</failure>
    <system-out><![CDATA[22:51:21.943 [main] DEBUG org.apache.http.impl.conn.BasicClientConnectionManager - Get connection for route {}->http://localhost:8080
22:51:21.943 [main] DEBUG org.apache.http.impl.conn.DefaultClientConnectionOperator - Connecting to localhost:8080
22:51:21.944 [main] DEBUG org.apache.http.client.protocol.RequestAddCookies - CookieSpec selected: ignoreCookies
22:51:21.944 [main] DEBUG org.apache.http.client.protocol.RequestAuthCache - Auth cache not set in the context
22:51:21.944 [main] DEBUG org.apache.http.client.protocol.RequestTargetAuthentication - Target auth state: UNCHALLENGED
22:51:21.944 [main] DEBUG org.apache.http.client.protocol.RequestProxyAuthentication - Proxy auth state: UNCHALLENGED
22:51:21.944 [main] DEBUG org.apache.http.impl.client.DefaultHttpClient - Attempt 1 to execute request
22:51:21.944 [main] DEBUG org.apache.http.impl.conn.DefaultClientConnection - Sending request: GET /api/users?pageNum=0 HTTP/1.1
22:51:21.944 [main] DEBUG org.apache.http.wire -  >> "GET /api/users?pageNum=0 HTTP/1.1[\r][\n]"
22:51:21.944 [main] DEBUG org.apache.http.wire -  >> "Accept: */*[\r][\n]"
22:51:21.944 [main] DEBUG org.apache.http.wire -  >> "Host: localhost:8080[\r][\n]"
22:51:21.944 [main] DEBUG org.apache.http.wire -  >> "Connection: Keep-Alive[\r][\n]"
22:51:21.944 [main] DEBUG org.apache.http.wire -  >> "User-Agent: Apache-HttpClient/4.5.14 (Java/18.0.2.1)[\r][\n]"
22:51:21.944 [main] DEBUG org.apache.http.wire -  >> "Accept-Encoding: gzip,deflate[\r][\n]"
22:51:21.944 [main] DEBUG org.apache.http.wire -  >> "[\r][\n]"
22:51:21.944 [main] DEBUG org.apache.http.headers - >> GET /api/users?pageNum=0 HTTP/1.1
22:51:21.944 [main] DEBUG org.apache.http.headers - >> Accept: */*
22:51:21.944 [main] DEBUG org.apache.http.headers - >> Host: localhost:8080
22:51:21.944 [main] DEBUG org.apache.http.headers - >> Connection: Keep-Alive
22:51:21.945 [main] DEBUG org.apache.http.headers - >> User-Agent: Apache-HttpClient/4.5.14 (Java/18.0.2.1)
22:51:21.945 [main] DEBUG org.apache.http.headers - >> Accept-Encoding: gzip,deflate
22:51:21.946 [main] DEBUG org.apache.http.wire -  << "HTTP/1.1 401 [\r][\n]"
22:51:21.946 [main] DEBUG org.apache.http.wire -  << "Content-Type: application/json;charset=ISO-8859-1[\r][\n]"
22:51:21.946 [main] DEBUG org.apache.http.wire -  << "Content-Length: 39[\r][\n]"
22:51:21.946 [main] DEBUG org.apache.http.wire -  << "Date: Sat, 12 Aug 2023 19:51:21 GMT[\r][\n]"
22:51:21.946 [main] DEBUG org.apache.http.wire -  << "Keep-Alive: timeout=60[\r][\n]"
22:51:21.946 [main] DEBUG org.apache.http.wire -  << "Connection: keep-alive[\r][\n]"
22:51:21.946 [main] DEBUG org.apache.http.wire -  << "[\r][\n]"
22:51:21.946 [main] DEBUG org.apache.http.impl.conn.DefaultClientConnection - Receiving response: HTTP/1.1 401 
22:51:21.946 [main] DEBUG org.apache.http.headers - << HTTP/1.1 401 
22:51:21.946 [main] DEBUG org.apache.http.headers - << Content-Type: application/json;charset=ISO-8859-1
22:51:21.946 [main] DEBUG org.apache.http.headers - << Content-Length: 39
22:51:21.946 [main] DEBUG org.apache.http.headers - << Date: Sat, 12 Aug 2023 19:51:21 GMT
22:51:21.946 [main] DEBUG org.apache.http.headers - << Keep-Alive: timeout=60
22:51:21.946 [main] DEBUG org.apache.http.headers - << Connection: keep-alive
22:51:21.946 [main] DEBUG org.apache.http.impl.client.DefaultHttpClient - Connection can be kept alive for 60000 MILLISECONDS
22:51:21.946 [main] DEBUG org.apache.http.impl.client.DefaultHttpClient - Authentication required
22:51:21.946 [main] DEBUG org.apache.http.impl.client.DefaultHttpClient - localhost:8080 requested authentication
22:51:21.946 [main] DEBUG org.apache.http.impl.client.DefaultHttpClient - Response contains no authentication challenges
22:51:21.946 [main] DEBUG io.restassured.internal.RequestSpecificationImpl$RestAssuredHttpBuilder - Parsing response as: application/json;charset=ISO-8859-1
22:51:21.946 [main] DEBUG io.restassured.internal.RequestSpecificationImpl$RestAssuredHttpBuilder - Parsed data to instance of: class org.apache.http.conn.EofSensorInputStream
22:51:21.947 [main] DEBUG org.apache.http.wire -  << "{"message":"User is not authenticated"}"
22:51:21.947 [main] DEBUG org.apache.http.impl.conn.BasicClientConnectionManager - Releasing connection org.apache.http.impl.conn.ManagedClientConnectionImpl@3d235635
22:51:21.947 [main] DEBUG org.apache.http.impl.conn.BasicClientConnectionManager - Connection can be kept alive for 60000 MILLISECONDS
]]></system-out>
  </testcase>
  <testcase name="closeBrowser" classname="com.game_classes.GameUiTest" time="0.029">
    <failure message="disconnected: not connected to DevTools&#10;  (failed to check if window was closed: disconnected: not connected to DevTools)&#10;  (Session info: chrome=115.0.5790.171)&#10;Build info: version: &apos;4.1.4&apos;, revision: &apos;535d840ee2&apos;&#10;System info: host: &apos;DESKTOP-TUFNRNQ&apos;, ip: &apos;192.168.0.102&apos;, os.name: &apos;Windows 10&apos;, os.arch: &apos;amd64&apos;, os.version: &apos;10.0&apos;, java.version: &apos;18.0.2.1&apos;&#10;Driver info: org.openqa.selenium.chrome.ChromeDriver&#10;Command: [042300cbb25c68c1356ff28844e839a2, close {}]&#10;Capabilities {acceptInsecureCerts: false, browserName: chrome, browserVersion: 115.0.5790.171, chrome: {chromedriverVersion: 114.0.5735.90 (386bc09e8f4f..., userDataDir: C:\Users\HP\AppData\Local\T...}, goog:chromeOptions: {debuggerAddress: localhost:49583}, javascriptEnabled: true, networkConnectionEnabled: false, pageLoadStrategy: normal, platform: WINDOWS, platformName: WINDOWS, proxy: Proxy(), se:cdp: ws://localhost:49583/devtoo..., se:cdpVersion: 115.0.5790.171, setWindowRect: true, strictFileInteractability: false, timeouts: {implicit: 0, pageLoad: 300000, script: 30000}, unhandledPromptBehavior: dismiss and notify, webauthn:extension:credBlob: true, webauthn:extension:largeBlob: true, webauthn:extension:minPinLength: true, webauthn:extension:prf: true, webauthn:virtualAuthenticators: true}&#10;Session ID: 042300cbb25c68c1356ff28844e839a2" type="org.openqa.selenium.WebDriverException">org.openqa.selenium.WebDriverException: 
disconnected: not connected to DevTools
  (failed to check if window was closed: disconnected: not connected to DevTools)
  (Session info: chrome=115.0.5790.171)
Build info: version: '4.1.4', revision: '535d840ee2'
System info: host: 'DESKTOP-TUFNRNQ', ip: '192.168.0.102', os.name: 'Windows 10', os.arch: 'amd64', os.version: '10.0', java.version: '18.0.2.1'
Driver info: org.openqa.selenium.chrome.ChromeDriver
Command: [042300cbb25c68c1356ff28844e839a2, close {}]
Capabilities {acceptInsecureCerts: false, browserName: chrome, browserVersion: 115.0.5790.171, chrome: {chromedriverVersion: 114.0.5735.90 (386bc09e8f4f..., userDataDir: C:\Users\HP\AppData\Local\T...}, goog:chromeOptions: {debuggerAddress: localhost:49583}, javascriptEnabled: true, networkConnectionEnabled: false, pageLoadStrategy: normal, platform: WINDOWS, platformName: WINDOWS, proxy: Proxy(), se:cdp: ws://localhost:49583/devtoo..., se:cdpVersion: 115.0.5790.171, setWindowRect: true, strictFileInteractability: false, timeouts: {implicit: 0, pageLoad: 300000, script: 30000}, unhandledPromptBehavior: dismiss and notify, webauthn:extension:credBlob: true, webauthn:extension:largeBlob: true, webauthn:extension:minPinLength: true, webauthn:extension:prf: true, webauthn:virtualAuthenticators: true}
Session ID: 042300cbb25c68c1356ff28844e839a2
	at com.game_classes.GameUiTest.closeBrowser(GameUiTest.java:120)
</failure>
    <system-out><![CDATA[22:51:21.964 [Forwarding close on session 042300cbb25c68c1356ff28844e839a2 to remote] DEBUG org.asynchttpclient.netty.request.NettyRequestSender - Using pooled Channel '[id: 0x25f76640, L:/127.0.0.1:49581 - R:localhost/127.0.0.1:58415]' for 'DELETE' to 'http://localhost:58415/session/042300cbb25c68c1356ff28844e839a2/window'
22:51:21.964 [Forwarding close on session 042300cbb25c68c1356ff28844e839a2 to remote] DEBUG org.asynchttpclient.netty.request.NettyRequestSender - Using open Channel [id: 0x25f76640, L:/127.0.0.1:49581 - R:localhost/127.0.0.1:58415] for DELETE '/session/042300cbb25c68c1356ff28844e839a2/window'
22:51:21.965 [AsyncHttpClient-1-2] DEBUG org.asynchttpclient.netty.handler.HttpHandler - 

Request DefaultFullHttpRequest(decodeResult: success, version: HTTP/1.1, content: EmptyByteBufBE)
DELETE /session/042300cbb25c68c1356ff28844e839a2/window HTTP/1.1
User-Agent: selenium/4.1.4 (java windows)
Content-Type: application/json; charset=utf-8
host: localhost:58415
accept: */*

Response DefaultHttpResponse(decodeResult: success, version: HTTP/1.1)
HTTP/1.1 500 Internal Server Error
Content-Length: 1012
Content-Type: application/json; charset=utf-8
cache-control: no-cache

22:51:21.965 [AsyncHttpClient-1-2] DEBUG org.asynchttpclient.netty.channel.ChannelManager - Adding key: http://localhost:58415 for channel [id: 0x25f76640, L:/127.0.0.1:49581 - R:localhost/127.0.0.1:58415]
]]></system-out>
  </testcase>
  <testcase name="closeBrowser" classname="com.react_tests.ReactUiTest" time="0">
    <skipped/>
  </testcase>
  <testcase name="closeBrowser" classname="com.game_classes.UsersUITest" time="0">
    <skipped/>
  </testcase>
  <testcase name="testDeleteUsers on testDeleteUsers(com.game_classes.UserServiceTest)" classname="com.game_classes.UserServiceTest" time="0.179"/>
  <testcase name="testListAllUsers on testListAllUsers(com.game_classes.UserServiceTest)" classname="com.game_classes.UserServiceTest" time="0.01">
    <failure message="Iterables not equal: expected: null and actual: Page 1 of 0 containing UNKNOWN instances" type="java.lang.AssertionError">java.lang.AssertionError: Iterables not equal: expected: null and actual: Page 1 of 0 containing UNKNOWN instances
	at com.game_classes.UserServiceTest.testListAllUsers(UserServiceTest.java:62)
</failure>
  </testcase>
  <testcase name="testCreateOrUpdateUser on testCreateOrUpdateUser(com.game_classes.UserServiceTest)" classname="com.game_classes.UserServiceTest" time="0.001"/>
</testsuite>