<?xml version="1.0" encoding="UTF-8"?>
<testng-results ignored="0" total="7" passed="7" failed="0" skipped="0">
  <reporter-output>
  </reporter-output>
  <suite started-at="2023-07-17T15:16:51 EEST" name="Default suite" finished-at="2023-07-17T15:16:55 EEST" duration-ms="4568">
    <groups>
    </groups>
    <test started-at="2023-07-17T15:16:51 EEST" name="Default test" finished-at="2023-07-17T15:16:55 EEST" duration-ms="4568">
      <class name="com.yasen.rest.UserRestAssuredControllerTest">
        <test-method signature="createUserTest()[pri:1, instance:com.yasen.rest.UserRestAssuredControllerTest@6c40365c]" started-at="2023-07-17T15:16:51 EEST" name="createUserTest" finished-at="2023-07-17T15:16:54 EEST" duration-ms="3674" status="PASS">
          <reporter-output>
          </reporter-output>
        </test-method> <!-- createUserTest -->
        <test-method signature="getUserTest()[pri:2, instance:com.yasen.rest.UserRestAssuredControllerTest@6c40365c]" started-at="2023-07-17T15:16:54 EEST" name="getUserTest" finished-at="2023-07-17T15:16:54 EEST" duration-ms="195" status="PASS">
          <reporter-output>
          </reporter-output>
        </test-method> <!-- getUserTest -->
        <test-method signature="updateUserTest()[pri:3, instance:com.yasen.rest.UserRestAssuredControllerTest@6c40365c]" started-at="2023-07-17T15:16:54 EEST" name="updateUserTest" finished-at="2023-07-17T15:16:55 EEST" duration-ms="104" status="PASS">
          <reporter-output>
          </reporter-output>
        </test-method> <!-- updateUserTest -->
        <test-method signature="getUserExistTest()[pri:4, instance:com.yasen.rest.UserRestAssuredControllerTest@6c40365c]" started-at="2023-07-17T15:16:55 EEST" name="getUserExistTest" finished-at="2023-07-17T15:16:55 EEST" duration-ms="129" status="PASS">
          <reporter-output>
          </reporter-output>
        </test-method> <!-- getUserExistTest -->
        <test-method signature="getUserNotExistTest()[pri:5, instance:com.yasen.rest.UserRestAssuredControllerTest@6c40365c]" started-at="2023-07-17T15:16:55 EEST" name="getUserNotExistTest" finished-at="2023-07-17T15:16:55 EEST" duration-ms="79" status="PASS">
          <reporter-output>
          </reporter-output>
        </test-method> <!-- getUserNotExistTest -->
        <test-method signature="deleteUserNotExistTest()[pri:6, instance:com.yasen.rest.UserRestAssuredControllerTest@6c40365c]" started-at="2023-07-17T15:16:55 EEST" name="deleteUserNotExistTest" finished-at="2023-07-17T15:16:55 EEST" duration-ms="72" status="PASS">
          <reporter-output>
          </reporter-output>
        </test-method> <!-- deleteUserNotExistTest -->
        <test-method signature="deleteUserExistTest()[pri:7, instance:com.yasen.rest.UserRestAssuredControllerTest@6c40365c]" started-at="2023-07-17T15:16:55 EEST" name="deleteUserExistTest" finished-at="2023-07-17T15:16:55 EEST" duration-ms="246" status="PASS">
          <reporter-output>
          </reporter-output>
        </test-method> <!-- deleteUserExistTest -->
      </class> <!-- com.yasen.rest.UserRestAssuredControllerTest -->
    </test> <!-- Default test -->
  </suite> <!-- Default suite -->
</testng-results>
